[0.212s] Invoking command in '/mnt/e/UbuntuWSL/Perception-System/build/perception': CMAKE_PREFIX_PATH=${CMAKE_PREFIX_PATH}:/opt/ros/humble /usr/bin/cmake --build /mnt/e/UbuntuWSL/Perception-System/build/perception -- -j16 -l16
[0.308s] Invoked command in '/mnt/e/UbuntuWSL/Perception-System/build/perception' returned '0': CMAKE_PREFIX_PATH=${CMAKE_PREFIX_PATH}:/opt/ros/humble /usr/bin/cmake --build /mnt/e/UbuntuWSL/Perception-System/build/perception -- -j16 -l16
[0.325s] Invoking command in '/mnt/e/UbuntuWSL/Perception-System/build/perception': CMAKE_PREFIX_PATH=${CMAKE_PREFIX_PATH}:/opt/ros/humble /usr/bin/cmake --install /mnt/e/UbuntuWSL/Perception-System/build/perception
[0.331s] -- Install configuration: ""
[0.351s] -- Up-to-date: /mnt/e/UbuntuWSL/Perception-System/install/perception/share/ament_index/resource_index/package_run_dependencies/perception
[0.377s] -- Up-to-date: /mnt/e/UbuntuWSL/Perception-System/install/perception/share/ament_index/resource_index/parent_prefix_path/perception
[0.391s] -- Up-to-date: /mnt/e/UbuntuWSL/Perception-System/install/perception/share/perception/environment/ament_prefix_path.sh
[0.406s] -- Up-to-date: /mnt/e/UbuntuWSL/Perception-System/install/perception/share/perception/environment/ament_prefix_path.dsv
[0.418s] -- Up-to-date: /mnt/e/UbuntuWSL/Perception-System/install/perception/share/perception/environment/path.sh
[0.433s] -- Up-to-date: /mnt/e/UbuntuWSL/Perception-System/install/perception/share/perception/environment/path.dsv
[0.449s] -- Up-to-date: /mnt/e/UbuntuWSL/Perception-System/install/perception/share/perception/local_setup.bash
[0.463s] -- Up-to-date: /mnt/e/UbuntuWSL/Perception-System/install/perception/share/perception/local_setup.sh
[0.479s] -- Up-to-date: /mnt/e/UbuntuWSL/Perception-System/install/perception/share/perception/local_setup.zsh
[0.492s] -- Up-to-date: /mnt/e/UbuntuWSL/Perception-System/install/perception/share/perception/local_setup.dsv
[0.505s] -- Installing: /mnt/e/UbuntuWSL/Perception-System/install/perception/share/perception/package.dsv
[0.576s] -- Up-to-date: /mnt/e/UbuntuWSL/Perception-System/install/perception/share/ament_index/resource_index/packages/perception
[0.595s] -- Up-to-date: /mnt/e/UbuntuWSL/Perception-System/install/perception/share/perception/cmake/perceptionConfig.cmake
[0.608s] -- Up-to-date: /mnt/e/UbuntuWSL/Perception-System/install/perception/share/perception/cmake/perceptionConfig-version.cmake
[0.626s] -- Up-to-date: /mnt/e/UbuntuWSL/Perception-System/install/perception/share/perception/package.xml
[0.635s] Invoked command in '/mnt/e/UbuntuWSL/Perception-System/build/perception' returned '0': CMAKE_PREFIX_PATH=${CMAKE_PREFIX_PATH}:/opt/ros/humble /usr/bin/cmake --install /mnt/e/UbuntuWSL/Perception-System/build/perception
