[0.291s] DEBUG:colcon:Command line arguments: ['/usr/bin/colcon', 'build']
[0.292s] DEBUG:colcon:Parsed command line arguments: Namespace(log_base=None, log_level=None, verb_name='build', build_base='build', install_base='install', merge_install=False, symlink_install=False, test_result_base=None, continue_on_error=False, executor='parallel', parallel_workers=16, event_handlers=None, ignore_user_meta=False, metas=['./colcon.meta'], base_paths=['.'], packages_ignore=None, packages_ignore_regex=None, paths=None, packages_up_to=None, packages_up_to_regex=None, packages_above=None, packages_above_and_dependencies=None, packages_above_depth=None, packages_select_by_dep=None, packages_skip_by_dep=None, packages_skip_up_to=None, packages_select_build_failed=False, packages_skip_build_finished=False, packages_select_test_failures=False, packages_skip_test_passed=False, packages_select=None, packages_skip=None, packages_select_regex=None, packages_skip_regex=None, packages_start=None, packages_end=None, allow_overriding=[], cmake_args=None, cmake_target=None, cmake_target_skip_unavailable=False, cmake_clean_cache=False, cmake_clean_first=False, cmake_force_configure=False, ament_cmake_args=None, catkin_cmake_args=None, catkin_skip_building_tests=False, verb_parser=<colcon_defaults.argument_parser.defaults.DefaultArgumentsDecorator object at 0x761df5023100>, verb_extension=<colcon_core.verb.build.BuildVerb object at 0x761df5022b30>, main=<bound method BuildVerb.main of <colcon_core.verb.build.BuildVerb object at 0x761df5022b30>>)
[0.435s] Level 1:colcon.colcon_core.package_discovery:discover_packages(colcon_meta) check parameters
[0.437s] Level 1:colcon.colcon_core.package_discovery:discover_packages(recursive) check parameters
[0.437s] Level 1:colcon.colcon_core.package_discovery:discover_packages(ignore) check parameters
[0.437s] Level 1:colcon.colcon_core.package_discovery:discover_packages(path) check parameters
[0.437s] Level 1:colcon.colcon_core.package_discovery:discover_packages(colcon_meta) discover
[0.438s] Level 1:colcon.colcon_core.package_discovery:discover_packages(recursive) discover
[0.438s] INFO:colcon.colcon_core.package_discovery:Crawling recursively for packages in '/mnt/e/UbuntuWSL/Perception-System'
[0.440s] Level 1:colcon.colcon_core.package_identification:_identify(.) by extensions ['ignore', 'ignore_ament_install']
[0.440s] Level 1:colcon.colcon_core.package_identification:_identify(.) by extension 'ignore'
[0.440s] Level 1:colcon.colcon_core.package_identification:_identify(.) by extension 'ignore_ament_install'
[0.441s] Level 1:colcon.colcon_core.package_identification:_identify(.) by extensions ['colcon_pkg']
[0.441s] Level 1:colcon.colcon_core.package_identification:_identify(.) by extension 'colcon_pkg'
[0.442s] Level 1:colcon.colcon_core.package_identification:_identify(.) by extensions ['colcon_meta']
[0.442s] Level 1:colcon.colcon_core.package_identification:_identify(.) by extension 'colcon_meta'
[0.442s] Level 1:colcon.colcon_core.package_identification:_identify(.) by extensions ['ros']
[0.442s] Level 1:colcon.colcon_core.package_identification:_identify(.) by extension 'ros'
[0.455s] Level 1:colcon.colcon_core.package_identification:_identify(.) by extensions ['cmake', 'python']
[0.455s] Level 1:colcon.colcon_core.package_identification:_identify(.) by extension 'cmake'
[0.456s] Level 1:colcon.colcon_core.package_identification:_identify(.) by extension 'python'
[0.456s] Level 1:colcon.colcon_core.package_identification:_identify(.) by extensions ['python_setup_py']
[0.457s] Level 1:colcon.colcon_core.package_identification:_identify(.) by extension 'python_setup_py'
[0.459s] Level 1:colcon.colcon_core.package_identification:_identify(build) by extensions ['ignore', 'ignore_ament_install']
[0.460s] Level 1:colcon.colcon_core.package_identification:_identify(build) by extension 'ignore'
[0.461s] Level 1:colcon.colcon_core.package_identification:_identify(build) ignored
[0.463s] Level 1:colcon.colcon_core.package_identification:_identify(install) by extensions ['ignore', 'ignore_ament_install']
[0.463s] Level 1:colcon.colcon_core.package_identification:_identify(install) by extension 'ignore'
[0.464s] Level 1:colcon.colcon_core.package_identification:_identify(install) ignored
[0.466s] Level 1:colcon.colcon_core.package_identification:_identify(log) by extensions ['ignore', 'ignore_ament_install']
[0.467s] Level 1:colcon.colcon_core.package_identification:_identify(log) by extension 'ignore'
[0.468s] Level 1:colcon.colcon_core.package_identification:_identify(log) ignored
[0.469s] Level 1:colcon.colcon_core.package_identification:_identify(src) by extensions ['ignore', 'ignore_ament_install']
[0.469s] Level 1:colcon.colcon_core.package_identification:_identify(src) by extension 'ignore'
[0.470s] Level 1:colcon.colcon_core.package_identification:_identify(src) by extension 'ignore_ament_install'
[0.471s] Level 1:colcon.colcon_core.package_identification:_identify(src) by extensions ['colcon_pkg']
[0.471s] Level 1:colcon.colcon_core.package_identification:_identify(src) by extension 'colcon_pkg'
[0.471s] Level 1:colcon.colcon_core.package_identification:_identify(src) by extensions ['colcon_meta']
[0.471s] Level 1:colcon.colcon_core.package_identification:_identify(src) by extension 'colcon_meta'
[0.472s] Level 1:colcon.colcon_core.package_identification:_identify(src) by extensions ['ros']
[0.472s] Level 1:colcon.colcon_core.package_identification:_identify(src) by extension 'ros'
[0.474s] Level 1:colcon.colcon_core.package_identification:_identify(src) by extensions ['cmake', 'python']
[0.474s] Level 1:colcon.colcon_core.package_identification:_identify(src) by extension 'cmake'
[0.474s] Level 1:colcon.colcon_core.package_identification:_identify(src) by extension 'python'
[0.475s] Level 1:colcon.colcon_core.package_identification:_identify(src) by extensions ['python_setup_py']
[0.475s] Level 1:colcon.colcon_core.package_identification:_identify(src) by extension 'python_setup_py'
[0.478s] Level 1:colcon.colcon_core.package_identification:_identify(src/gazebo_world) by extensions ['ignore', 'ignore_ament_install']
[0.478s] Level 1:colcon.colcon_core.package_identification:_identify(src/gazebo_world) by extension 'ignore'
[0.479s] Level 1:colcon.colcon_core.package_identification:_identify(src/gazebo_world) by extension 'ignore_ament_install'
[0.480s] Level 1:colcon.colcon_core.package_identification:_identify(src/gazebo_world) by extensions ['colcon_pkg']
[0.480s] Level 1:colcon.colcon_core.package_identification:_identify(src/gazebo_world) by extension 'colcon_pkg'
[0.481s] Level 1:colcon.colcon_core.package_identification:_identify(src/gazebo_world) by extensions ['colcon_meta']
[0.481s] Level 1:colcon.colcon_core.package_identification:_identify(src/gazebo_world) by extension 'colcon_meta'
[0.482s] Level 1:colcon.colcon_core.package_identification:_identify(src/gazebo_world) by extensions ['ros']
[0.482s] Level 1:colcon.colcon_core.package_identification:_identify(src/gazebo_world) by extension 'ros'
[0.493s] DEBUG:colcon.colcon_core.package_identification:Package 'src/gazebo_world' with type 'ros.ament_cmake' and name 'gazebo_world'
[0.495s] Level 1:colcon.colcon_core.package_identification:_identify(src/launch) by extensions ['ignore', 'ignore_ament_install']
[0.495s] Level 1:colcon.colcon_core.package_identification:_identify(src/launch) by extension 'ignore'
[0.496s] Level 1:colcon.colcon_core.package_identification:_identify(src/launch) by extension 'ignore_ament_install'
[0.498s] Level 1:colcon.colcon_core.package_identification:_identify(src/launch) by extensions ['colcon_pkg']
[0.498s] Level 1:colcon.colcon_core.package_identification:_identify(src/launch) by extension 'colcon_pkg'
[0.499s] Level 1:colcon.colcon_core.package_identification:_identify(src/launch) by extensions ['colcon_meta']
[0.499s] Level 1:colcon.colcon_core.package_identification:_identify(src/launch) by extension 'colcon_meta'
[0.500s] Level 1:colcon.colcon_core.package_identification:_identify(src/launch) by extensions ['ros']
[0.500s] Level 1:colcon.colcon_core.package_identification:_identify(src/launch) by extension 'ros'
[0.503s] Level 1:colcon.colcon_core.package_identification:_identify(src/launch) by extensions ['cmake', 'python']
[0.503s] Level 1:colcon.colcon_core.package_identification:_identify(src/launch) by extension 'cmake'
[0.504s] Level 1:colcon.colcon_core.package_identification:_identify(src/launch) by extension 'python'
[0.504s] Level 1:colcon.colcon_core.package_identification:_identify(src/launch) by extensions ['python_setup_py']
[0.504s] Level 1:colcon.colcon_core.package_identification:_identify(src/launch) by extension 'python_setup_py'
[0.507s] Level 1:colcon.colcon_core.package_identification:_identify(src/perception) by extensions ['ignore', 'ignore_ament_install']
[0.507s] Level 1:colcon.colcon_core.package_identification:_identify(src/perception) by extension 'ignore'
[0.508s] Level 1:colcon.colcon_core.package_identification:_identify(src/perception) by extension 'ignore_ament_install'
[0.510s] Level 1:colcon.colcon_core.package_identification:_identify(src/perception) by extensions ['colcon_pkg']
[0.510s] Level 1:colcon.colcon_core.package_identification:_identify(src/perception) by extension 'colcon_pkg'
[0.510s] Level 1:colcon.colcon_core.package_identification:_identify(src/perception) by extensions ['colcon_meta']
[0.511s] Level 1:colcon.colcon_core.package_identification:_identify(src/perception) by extension 'colcon_meta'
[0.511s] Level 1:colcon.colcon_core.package_identification:_identify(src/perception) by extensions ['ros']
[0.512s] Level 1:colcon.colcon_core.package_identification:_identify(src/perception) by extension 'ros'
[0.520s] DEBUG:colcon.colcon_core.package_identification:Package 'src/perception' with type 'ros.ament_cmake' and name 'perception'
[0.522s] Level 1:colcon.colcon_core.package_identification:_identify(src/sensors) by extensions ['ignore', 'ignore_ament_install']
[0.522s] Level 1:colcon.colcon_core.package_identification:_identify(src/sensors) by extension 'ignore'
[0.523s] Level 1:colcon.colcon_core.package_identification:_identify(src/sensors) by extension 'ignore_ament_install'
[0.524s] Level 1:colcon.colcon_core.package_identification:_identify(src/sensors) by extensions ['colcon_pkg']
[0.524s] Level 1:colcon.colcon_core.package_identification:_identify(src/sensors) by extension 'colcon_pkg'
[0.525s] Level 1:colcon.colcon_core.package_identification:_identify(src/sensors) by extensions ['colcon_meta']
[0.525s] Level 1:colcon.colcon_core.package_identification:_identify(src/sensors) by extension 'colcon_meta'
[0.527s] Level 1:colcon.colcon_core.package_identification:_identify(src/sensors) by extensions ['ros']
[0.527s] Level 1:colcon.colcon_core.package_identification:_identify(src/sensors) by extension 'ros'
[0.534s] DEBUG:colcon.colcon_core.package_identification:Package 'src/sensors' with type 'ros.ament_cmake' and name 'sensors'
[0.536s] Level 1:colcon.colcon_core.package_identification:_identify(src/utils) by extensions ['ignore', 'ignore_ament_install']
[0.537s] Level 1:colcon.colcon_core.package_identification:_identify(src/utils) by extension 'ignore'
[0.537s] Level 1:colcon.colcon_core.package_identification:_identify(src/utils) by extension 'ignore_ament_install'
[0.539s] Level 1:colcon.colcon_core.package_identification:_identify(src/utils) by extensions ['colcon_pkg']
[0.539s] Level 1:colcon.colcon_core.package_identification:_identify(src/utils) by extension 'colcon_pkg'
[0.540s] Level 1:colcon.colcon_core.package_identification:_identify(src/utils) by extensions ['colcon_meta']
[0.540s] Level 1:colcon.colcon_core.package_identification:_identify(src/utils) by extension 'colcon_meta'
[0.541s] Level 1:colcon.colcon_core.package_identification:_identify(src/utils) by extensions ['ros']
[0.541s] Level 1:colcon.colcon_core.package_identification:_identify(src/utils) by extension 'ros'
[0.545s] Level 1:colcon.colcon_core.package_identification:_identify(src/utils) by extensions ['cmake', 'python']
[0.545s] Level 1:colcon.colcon_core.package_identification:_identify(src/utils) by extension 'cmake'
[0.546s] Level 1:colcon.colcon_core.package_identification:_identify(src/utils) by extension 'python'
[0.547s] Level 1:colcon.colcon_core.package_identification:_identify(src/utils) by extensions ['python_setup_py']
[0.547s] Level 1:colcon.colcon_core.package_identification:_identify(src/utils) by extension 'python_setup_py'
[0.551s] Level 1:colcon.colcon_core.package_identification:_identify(src/vehicle_description) by extensions ['ignore', 'ignore_ament_install']
[0.551s] Level 1:colcon.colcon_core.package_identification:_identify(src/vehicle_description) by extension 'ignore'
[0.552s] Level 1:colcon.colcon_core.package_identification:_identify(src/vehicle_description) by extension 'ignore_ament_install'
[0.553s] Level 1:colcon.colcon_core.package_identification:_identify(src/vehicle_description) by extensions ['colcon_pkg']
[0.553s] Level 1:colcon.colcon_core.package_identification:_identify(src/vehicle_description) by extension 'colcon_pkg'
[0.554s] Level 1:colcon.colcon_core.package_identification:_identify(src/vehicle_description) by extensions ['colcon_meta']
[0.554s] Level 1:colcon.colcon_core.package_identification:_identify(src/vehicle_description) by extension 'colcon_meta'
[0.556s] Level 1:colcon.colcon_core.package_identification:_identify(src/vehicle_description) by extensions ['ros']
[0.556s] Level 1:colcon.colcon_core.package_identification:_identify(src/vehicle_description) by extension 'ros'
[0.562s] DEBUG:colcon.colcon_core.package_identification:Package 'src/vehicle_description' with type 'ros.ament_cmake' and name 'vehicle_description'
[0.562s] Level 1:colcon.colcon_core.package_discovery:discover_packages(recursive) using defaults
[0.563s] Level 1:colcon.colcon_core.package_discovery:discover_packages(ignore) discover
[0.563s] Level 1:colcon.colcon_core.package_discovery:discover_packages(ignore) using defaults
[0.563s] Level 1:colcon.colcon_core.package_discovery:discover_packages(path) discover
[0.563s] Level 1:colcon.colcon_core.package_discovery:discover_packages(path) using defaults
[0.583s] Level 1:colcon.colcon_core.package_discovery:discover_packages(prefix_path) check parameters
[0.583s] Level 1:colcon.colcon_core.package_discovery:discover_packages(prefix_path) discover
[0.595s] DEBUG:colcon.colcon_installed_package_information.package_discovery:Found 0 installed packages in /mnt/e/UbuntuWSL/Perception-System/install
[0.596s] DEBUG:colcon.colcon_installed_package_information.package_discovery:Found 271 installed packages in /opt/ros/humble
[0.602s] Level 1:colcon.colcon_core.package_discovery:discover_packages(prefix_path) using defaults
[0.641s] Level 5:colcon.colcon_core.verb:set package 'gazebo_world' build argument 'cmake_args' from command line to 'None'
[0.641s] Level 5:colcon.colcon_core.verb:set package 'gazebo_world' build argument 'cmake_target' from command line to 'None'
[0.642s] Level 5:colcon.colcon_core.verb:set package 'gazebo_world' build argument 'cmake_target_skip_unavailable' from command line to 'False'
[0.642s] Level 5:colcon.colcon_core.verb:set package 'gazebo_world' build argument 'cmake_clean_cache' from command line to 'False'
[0.642s] Level 5:colcon.colcon_core.verb:set package 'gazebo_world' build argument 'cmake_clean_first' from command line to 'False'
[0.642s] Level 5:colcon.colcon_core.verb:set package 'gazebo_world' build argument 'cmake_force_configure' from command line to 'False'
[0.642s] Level 5:colcon.colcon_core.verb:set package 'gazebo_world' build argument 'ament_cmake_args' from command line to 'None'
[0.642s] Level 5:colcon.colcon_core.verb:set package 'gazebo_world' build argument 'catkin_cmake_args' from command line to 'None'
[0.642s] Level 5:colcon.colcon_core.verb:set package 'gazebo_world' build argument 'catkin_skip_building_tests' from command line to 'False'
[0.642s] DEBUG:colcon.colcon_core.verb:Building package 'gazebo_world' with the following arguments: {'ament_cmake_args': None, 'build_base': '/mnt/e/UbuntuWSL/Perception-System/build/gazebo_world', 'catkin_cmake_args': None, 'catkin_skip_building_tests': False, 'cmake_args': None, 'cmake_clean_cache': False, 'cmake_clean_first': False, 'cmake_force_configure': False, 'cmake_target': None, 'cmake_target_skip_unavailable': False, 'install_base': '/mnt/e/UbuntuWSL/Perception-System/install/gazebo_world', 'merge_install': False, 'path': '/mnt/e/UbuntuWSL/Perception-System/src/gazebo_world', 'symlink_install': False, 'test_result_base': None}
[0.643s] Level 5:colcon.colcon_core.verb:set package 'perception' build argument 'cmake_args' from command line to 'None'
[0.643s] Level 5:colcon.colcon_core.verb:set package 'perception' build argument 'cmake_target' from command line to 'None'
[0.643s] Level 5:colcon.colcon_core.verb:set package 'perception' build argument 'cmake_target_skip_unavailable' from command line to 'False'
[0.643s] Level 5:colcon.colcon_core.verb:set package 'perception' build argument 'cmake_clean_cache' from command line to 'False'
[0.643s] Level 5:colcon.colcon_core.verb:set package 'perception' build argument 'cmake_clean_first' from command line to 'False'
[0.643s] Level 5:colcon.colcon_core.verb:set package 'perception' build argument 'cmake_force_configure' from command line to 'False'
[0.643s] Level 5:colcon.colcon_core.verb:set package 'perception' build argument 'ament_cmake_args' from command line to 'None'
[0.644s] Level 5:colcon.colcon_core.verb:set package 'perception' build argument 'catkin_cmake_args' from command line to 'None'
[0.644s] Level 5:colcon.colcon_core.verb:set package 'perception' build argument 'catkin_skip_building_tests' from command line to 'False'
[0.644s] DEBUG:colcon.colcon_core.verb:Building package 'perception' with the following arguments: {'ament_cmake_args': None, 'build_base': '/mnt/e/UbuntuWSL/Perception-System/build/perception', 'catkin_cmake_args': None, 'catkin_skip_building_tests': False, 'cmake_args': None, 'cmake_clean_cache': False, 'cmake_clean_first': False, 'cmake_force_configure': False, 'cmake_target': None, 'cmake_target_skip_unavailable': False, 'install_base': '/mnt/e/UbuntuWSL/Perception-System/install/perception', 'merge_install': False, 'path': '/mnt/e/UbuntuWSL/Perception-System/src/perception', 'symlink_install': False, 'test_result_base': None}
[0.644s] Level 5:colcon.colcon_core.verb:set package 'sensors' build argument 'cmake_args' from command line to 'None'
[0.644s] Level 5:colcon.colcon_core.verb:set package 'sensors' build argument 'cmake_target' from command line to 'None'
[0.644s] Level 5:colcon.colcon_core.verb:set package 'sensors' build argument 'cmake_target_skip_unavailable' from command line to 'False'
[0.644s] Level 5:colcon.colcon_core.verb:set package 'sensors' build argument 'cmake_clean_cache' from command line to 'False'
[0.645s] Level 5:colcon.colcon_core.verb:set package 'sensors' build argument 'cmake_clean_first' from command line to 'False'
[0.645s] Level 5:colcon.colcon_core.verb:set package 'sensors' build argument 'cmake_force_configure' from command line to 'False'
[0.645s] Level 5:colcon.colcon_core.verb:set package 'sensors' build argument 'ament_cmake_args' from command line to 'None'
[0.645s] Level 5:colcon.colcon_core.verb:set package 'sensors' build argument 'catkin_cmake_args' from command line to 'None'
[0.645s] Level 5:colcon.colcon_core.verb:set package 'sensors' build argument 'catkin_skip_building_tests' from command line to 'False'
[0.646s] DEBUG:colcon.colcon_core.verb:Building package 'sensors' with the following arguments: {'ament_cmake_args': None, 'build_base': '/mnt/e/UbuntuWSL/Perception-System/build/sensors', 'catkin_cmake_args': None, 'catkin_skip_building_tests': False, 'cmake_args': None, 'cmake_clean_cache': False, 'cmake_clean_first': False, 'cmake_force_configure': False, 'cmake_target': None, 'cmake_target_skip_unavailable': False, 'install_base': '/mnt/e/UbuntuWSL/Perception-System/install/sensors', 'merge_install': False, 'path': '/mnt/e/UbuntuWSL/Perception-System/src/sensors', 'symlink_install': False, 'test_result_base': None}
[0.646s] Level 5:colcon.colcon_core.verb:set package 'vehicle_description' build argument 'cmake_args' from command line to 'None'
[0.646s] Level 5:colcon.colcon_core.verb:set package 'vehicle_description' build argument 'cmake_target' from command line to 'None'
[0.646s] Level 5:colcon.colcon_core.verb:set package 'vehicle_description' build argument 'cmake_target_skip_unavailable' from command line to 'False'
[0.647s] Level 5:colcon.colcon_core.verb:set package 'vehicle_description' build argument 'cmake_clean_cache' from command line to 'False'
[0.647s] Level 5:colcon.colcon_core.verb:set package 'vehicle_description' build argument 'cmake_clean_first' from command line to 'False'
[0.647s] Level 5:colcon.colcon_core.verb:set package 'vehicle_description' build argument 'cmake_force_configure' from command line to 'False'
[0.647s] Level 5:colcon.colcon_core.verb:set package 'vehicle_description' build argument 'ament_cmake_args' from command line to 'None'
[0.647s] Level 5:colcon.colcon_core.verb:set package 'vehicle_description' build argument 'catkin_cmake_args' from command line to 'None'
[0.647s] Level 5:colcon.colcon_core.verb:set package 'vehicle_description' build argument 'catkin_skip_building_tests' from command line to 'False'
[0.647s] DEBUG:colcon.colcon_core.verb:Building package 'vehicle_description' with the following arguments: {'ament_cmake_args': None, 'build_base': '/mnt/e/UbuntuWSL/Perception-System/build/vehicle_description', 'catkin_cmake_args': None, 'catkin_skip_building_tests': False, 'cmake_args': None, 'cmake_clean_cache': False, 'cmake_clean_first': False, 'cmake_force_configure': False, 'cmake_target': None, 'cmake_target_skip_unavailable': False, 'install_base': '/mnt/e/UbuntuWSL/Perception-System/install/vehicle_description', 'merge_install': False, 'path': '/mnt/e/UbuntuWSL/Perception-System/src/vehicle_description', 'symlink_install': False, 'test_result_base': None}
[0.647s] INFO:colcon.colcon_core.executor:Executing jobs using 'parallel' executor
[0.648s] DEBUG:colcon.colcon_parallel_executor.executor.parallel:run_until_complete
[0.649s] INFO:colcon.colcon_ros.task.ament_cmake.build:Building ROS package in '/mnt/e/UbuntuWSL/Perception-System/src/gazebo_world' with build type 'ament_cmake'
[0.650s] INFO:colcon.colcon_cmake.task.cmake.build:Building CMake package in '/mnt/e/UbuntuWSL/Perception-System/src/gazebo_world'
[0.653s] INFO:colcon.colcon_core.plugin_system:Skipping extension 'colcon_core.shell.bat': Not used on non-Windows systems
[0.656s] INFO:colcon.colcon_core.shell:Skip shell extension 'powershell' for command environment: Not usable outside of PowerShell
[0.656s] DEBUG:colcon.colcon_core.shell:Skip shell extension 'dsv' for command environment
[0.675s] INFO:colcon.colcon_ros.task.ament_cmake.build:Building ROS package in '/mnt/e/UbuntuWSL/Perception-System/src/perception' with build type 'ament_cmake'
[0.675s] INFO:colcon.colcon_cmake.task.cmake.build:Building CMake package in '/mnt/e/UbuntuWSL/Perception-System/src/perception'
[0.675s] INFO:colcon.colcon_core.shell:Skip shell extension 'powershell' for command environment: Not usable outside of PowerShell
[0.676s] DEBUG:colcon.colcon_core.shell:Skip shell extension 'dsv' for command environment
[0.696s] INFO:colcon.colcon_ros.task.ament_cmake.build:Building ROS package in '/mnt/e/UbuntuWSL/Perception-System/src/sensors' with build type 'ament_cmake'
[0.696s] INFO:colcon.colcon_cmake.task.cmake.build:Building CMake package in '/mnt/e/UbuntuWSL/Perception-System/src/sensors'
[0.697s] INFO:colcon.colcon_core.shell:Skip shell extension 'powershell' for command environment: Not usable outside of PowerShell
[0.697s] DEBUG:colcon.colcon_core.shell:Skip shell extension 'dsv' for command environment
[0.716s] INFO:colcon.colcon_ros.task.ament_cmake.build:Building ROS package in '/mnt/e/UbuntuWSL/Perception-System/src/vehicle_description' with build type 'ament_cmake'
[0.717s] INFO:colcon.colcon_cmake.task.cmake.build:Building CMake package in '/mnt/e/UbuntuWSL/Perception-System/src/vehicle_description'
[0.718s] INFO:colcon.colcon_core.shell:Skip shell extension 'powershell' for command environment: Not usable outside of PowerShell
[0.718s] DEBUG:colcon.colcon_core.shell:Skip shell extension 'dsv' for command environment
[0.782s] DEBUG:colcon.colcon_core.event_handler.log_command:Invoking command in '/mnt/e/UbuntuWSL/Perception-System/build/gazebo_world': CMAKE_PREFIX_PATH=/opt/ros/humble /usr/bin/cmake /mnt/e/UbuntuWSL/Perception-System/src/gazebo_world -DCMAKE_INSTALL_PREFIX=/mnt/e/UbuntuWSL/Perception-System/install/gazebo_world
[0.811s] DEBUG:colcon.colcon_core.event_handler.log_command:Invoking command in '/mnt/e/UbuntuWSL/Perception-System/build/perception': CMAKE_PREFIX_PATH=/opt/ros/humble /usr/bin/cmake /mnt/e/UbuntuWSL/Perception-System/src/perception -DCMAKE_INSTALL_PREFIX=/mnt/e/UbuntuWSL/Perception-System/install/perception
[0.845s] DEBUG:colcon.colcon_core.event_handler.log_command:Invoking command in '/mnt/e/UbuntuWSL/Perception-System/build/sensors': CMAKE_PREFIX_PATH=/opt/ros/humble /usr/bin/cmake /mnt/e/UbuntuWSL/Perception-System/src/sensors -DCMAKE_INSTALL_PREFIX=/mnt/e/UbuntuWSL/Perception-System/install/sensors
[0.878s] DEBUG:colcon.colcon_core.event_handler.log_command:Invoking command in '/mnt/e/UbuntuWSL/Perception-System/build/vehicle_description': CMAKE_PREFIX_PATH=/opt/ros/humble /usr/bin/cmake /mnt/e/UbuntuWSL/Perception-System/src/vehicle_description -DCMAKE_INSTALL_PREFIX=/mnt/e/UbuntuWSL/Perception-System/install/vehicle_description
[4.866s] DEBUG:colcon.colcon_core.event_handler.log_command:Invoked command in '/mnt/e/UbuntuWSL/Perception-System/build/sensors' returned '0': CMAKE_PREFIX_PATH=/opt/ros/humble /usr/bin/cmake /mnt/e/UbuntuWSL/Perception-System/src/sensors -DCMAKE_INSTALL_PREFIX=/mnt/e/UbuntuWSL/Perception-System/install/sensors
[4.876s] DEBUG:colcon.colcon_core.event_handler.log_command:Invoking command in '/mnt/e/UbuntuWSL/Perception-System/build/sensors': CMAKE_PREFIX_PATH=/opt/ros/humble /usr/bin/cmake --build /mnt/e/UbuntuWSL/Perception-System/build/sensors -- -j16 -l16
[4.959s] DEBUG:colcon.colcon_core.event_handler.log_command:Invoked command in '/mnt/e/UbuntuWSL/Perception-System/build/sensors' returned '0': CMAKE_PREFIX_PATH=/opt/ros/humble /usr/bin/cmake --build /mnt/e/UbuntuWSL/Perception-System/build/sensors -- -j16 -l16
[4.982s] DEBUG:colcon.colcon_core.event_handler.log_command:Invoking command in '/mnt/e/UbuntuWSL/Perception-System/build/sensors': CMAKE_PREFIX_PATH=/opt/ros/humble /usr/bin/cmake --install /mnt/e/UbuntuWSL/Perception-System/build/sensors
[5.171s] DEBUG:colcon.colcon_core.event_handler.log_command:Invoked command in '/mnt/e/UbuntuWSL/Perception-System/build/gazebo_world' returned '0': CMAKE_PREFIX_PATH=/opt/ros/humble /usr/bin/cmake /mnt/e/UbuntuWSL/Perception-System/src/gazebo_world -DCMAKE_INSTALL_PREFIX=/mnt/e/UbuntuWSL/Perception-System/install/gazebo_world
[5.179s] DEBUG:colcon.colcon_core.event_handler.log_command:Invoking command in '/mnt/e/UbuntuWSL/Perception-System/build/gazebo_world': CMAKE_PREFIX_PATH=/opt/ros/humble /usr/bin/cmake --build /mnt/e/UbuntuWSL/Perception-System/build/gazebo_world -- -j16 -l16
[5.187s] DEBUG:colcon.colcon_core.event_handler.log_command:Invoked command in '/mnt/e/UbuntuWSL/Perception-System/build/perception' returned '0': CMAKE_PREFIX_PATH=/opt/ros/humble /usr/bin/cmake /mnt/e/UbuntuWSL/Perception-System/src/perception -DCMAKE_INSTALL_PREFIX=/mnt/e/UbuntuWSL/Perception-System/install/perception
[5.195s] DEBUG:colcon.colcon_core.event_handler.log_command:Invoking command in '/mnt/e/UbuntuWSL/Perception-System/build/perception': CMAKE_PREFIX_PATH=/opt/ros/humble /usr/bin/cmake --build /mnt/e/UbuntuWSL/Perception-System/build/perception -- -j16 -l16
[5.263s] DEBUG:colcon.colcon_core.event_handler.log_command:Invoked command in '/mnt/e/UbuntuWSL/Perception-System/build/gazebo_world' returned '0': CMAKE_PREFIX_PATH=/opt/ros/humble /usr/bin/cmake --build /mnt/e/UbuntuWSL/Perception-System/build/gazebo_world -- -j16 -l16
[5.279s] DEBUG:colcon.colcon_core.event_handler.log_command:Invoking command in '/mnt/e/UbuntuWSL/Perception-System/build/gazebo_world': CMAKE_PREFIX_PATH=/opt/ros/humble /usr/bin/cmake --install /mnt/e/UbuntuWSL/Perception-System/build/gazebo_world
[5.281s] DEBUG:colcon.colcon_core.event_handler.log_command:Invoked command in '/mnt/e/UbuntuWSL/Perception-System/build/perception' returned '0': CMAKE_PREFIX_PATH=/opt/ros/humble /usr/bin/cmake --build /mnt/e/UbuntuWSL/Perception-System/build/perception -- -j16 -l16
[5.298s] DEBUG:colcon.colcon_core.event_handler.log_command:Invoking command in '/mnt/e/UbuntuWSL/Perception-System/build/perception': CMAKE_PREFIX_PATH=/opt/ros/humble /usr/bin/cmake --install /mnt/e/UbuntuWSL/Perception-System/build/perception
[5.499s] DEBUG:colcon.colcon_core.event_handler.log_command:Invoked command in '/mnt/e/UbuntuWSL/Perception-System/build/vehicle_description' returned '0': CMAKE_PREFIX_PATH=/opt/ros/humble /usr/bin/cmake /mnt/e/UbuntuWSL/Perception-System/src/vehicle_description -DCMAKE_INSTALL_PREFIX=/mnt/e/UbuntuWSL/Perception-System/install/vehicle_description
[5.507s] DEBUG:colcon.colcon_core.event_handler.log_command:Invoking command in '/mnt/e/UbuntuWSL/Perception-System/build/vehicle_description': CMAKE_PREFIX_PATH=/opt/ros/humble /usr/bin/cmake --build /mnt/e/UbuntuWSL/Perception-System/build/vehicle_description -- -j16 -l16
[5.593s] DEBUG:colcon.colcon_core.event_handler.log_command:Invoked command in '/mnt/e/UbuntuWSL/Perception-System/build/vehicle_description' returned '0': CMAKE_PREFIX_PATH=/opt/ros/humble /usr/bin/cmake --build /mnt/e/UbuntuWSL/Perception-System/build/vehicle_description -- -j16 -l16
[5.610s] DEBUG:colcon.colcon_core.event_handler.log_command:Invoking command in '/mnt/e/UbuntuWSL/Perception-System/build/vehicle_description': CMAKE_PREFIX_PATH=/opt/ros/humble /usr/bin/cmake --install /mnt/e/UbuntuWSL/Perception-System/build/vehicle_description
[5.871s] Level 1:colcon.colcon_core.environment:create_environment_scripts_only(sensors)
[5.873s] DEBUG:colcon.colcon_core.event_handler.log_command:Invoked command in '/mnt/e/UbuntuWSL/Perception-System/build/sensors' returned '0': CMAKE_PREFIX_PATH=/opt/ros/humble /usr/bin/cmake --install /mnt/e/UbuntuWSL/Perception-System/build/sensors
[5.878s] Level 1:colcon.colcon_core.environment:checking '/mnt/e/UbuntuWSL/Perception-System/install/sensors' for CMake module files
[5.922s] Level 1:colcon.colcon_core.environment:checking '/mnt/e/UbuntuWSL/Perception-System/install/sensors' for CMake config files
[5.957s] Level 1:colcon.colcon_core.shell:create_environment_hook('sensors', 'cmake_prefix_path')
[5.957s] INFO:colcon.colcon_core.shell:Creating environment hook '/mnt/e/UbuntuWSL/Perception-System/install/sensors/share/sensors/hook/cmake_prefix_path.ps1'
[5.966s] INFO:colcon.colcon_core.shell:Creating environment descriptor '/mnt/e/UbuntuWSL/Perception-System/install/sensors/share/sensors/hook/cmake_prefix_path.dsv'
[5.977s] INFO:colcon.colcon_core.shell:Creating environment hook '/mnt/e/UbuntuWSL/Perception-System/install/sensors/share/sensors/hook/cmake_prefix_path.sh'
[5.990s] Level 1:colcon.colcon_core.environment:checking '/mnt/e/UbuntuWSL/Perception-System/install/sensors/bin'
[5.991s] Level 1:colcon.colcon_core.environment:checking '/mnt/e/UbuntuWSL/Perception-System/install/sensors/lib/pkgconfig/sensors.pc'
[5.993s] Level 1:colcon.colcon_core.environment:checking '/mnt/e/UbuntuWSL/Perception-System/install/sensors/lib/python3.10/site-packages'
[5.994s] Level 1:colcon.colcon_core.environment:checking '/mnt/e/UbuntuWSL/Perception-System/install/sensors/bin'
[5.994s] INFO:colcon.colcon_core.shell:Creating package script '/mnt/e/UbuntuWSL/Perception-System/install/sensors/share/sensors/package.ps1'
[6.003s] INFO:colcon.colcon_core.shell:Creating package descriptor '/mnt/e/UbuntuWSL/Perception-System/install/sensors/share/sensors/package.dsv'
[6.012s] INFO:colcon.colcon_core.shell:Creating package script '/mnt/e/UbuntuWSL/Perception-System/install/sensors/share/sensors/package.sh'
[6.020s] INFO:colcon.colcon_core.shell:Creating package script '/mnt/e/UbuntuWSL/Perception-System/install/sensors/share/sensors/package.bash'
[6.028s] INFO:colcon.colcon_core.shell:Creating package script '/mnt/e/UbuntuWSL/Perception-System/install/sensors/share/sensors/package.zsh'
[6.037s] Level 1:colcon.colcon_core.environment:create_file_with_runtime_dependencies(/mnt/e/UbuntuWSL/Perception-System/install/sensors/share/colcon-core/packages/sensors)
[6.057s] Level 1:colcon.colcon_core.environment:create_environment_scripts_only(sensors)
[6.057s] Level 1:colcon.colcon_core.environment:checking '/mnt/e/UbuntuWSL/Perception-System/install/sensors' for CMake module files
[6.109s] Level 1:colcon.colcon_core.environment:checking '/mnt/e/UbuntuWSL/Perception-System/install/sensors' for CMake config files
[6.148s] Level 1:colcon.colcon_core.shell:create_environment_hook('sensors', 'cmake_prefix_path')
[6.149s] INFO:colcon.colcon_core.shell:Creating environment hook '/mnt/e/UbuntuWSL/Perception-System/install/sensors/share/sensors/hook/cmake_prefix_path.ps1'
[6.158s] INFO:colcon.colcon_core.shell:Creating environment descriptor '/mnt/e/UbuntuWSL/Perception-System/install/sensors/share/sensors/hook/cmake_prefix_path.dsv'
[6.165s] INFO:colcon.colcon_core.shell:Creating environment hook '/mnt/e/UbuntuWSL/Perception-System/install/sensors/share/sensors/hook/cmake_prefix_path.sh'
[6.177s] Level 1:colcon.colcon_core.environment:checking '/mnt/e/UbuntuWSL/Perception-System/install/sensors/bin'
[6.178s] Level 1:colcon.colcon_core.environment:checking '/mnt/e/UbuntuWSL/Perception-System/install/sensors/lib/pkgconfig/sensors.pc'
[6.179s] Level 1:colcon.colcon_core.environment:checking '/mnt/e/UbuntuWSL/Perception-System/install/sensors/lib/python3.10/site-packages'
[6.179s] Level 1:colcon.colcon_core.environment:checking '/mnt/e/UbuntuWSL/Perception-System/install/sensors/bin'
[6.180s] INFO:colcon.colcon_core.shell:Creating package script '/mnt/e/UbuntuWSL/Perception-System/install/sensors/share/sensors/package.ps1'
[6.186s] INFO:colcon.colcon_core.shell:Creating package descriptor '/mnt/e/UbuntuWSL/Perception-System/install/sensors/share/sensors/package.dsv'
[6.192s] INFO:colcon.colcon_core.shell:Creating package script '/mnt/e/UbuntuWSL/Perception-System/install/sensors/share/sensors/package.sh'
[6.198s] INFO:colcon.colcon_core.shell:Creating package script '/mnt/e/UbuntuWSL/Perception-System/install/sensors/share/sensors/package.bash'
[6.206s] INFO:colcon.colcon_core.shell:Creating package script '/mnt/e/UbuntuWSL/Perception-System/install/sensors/share/sensors/package.zsh'
[6.211s] Level 1:colcon.colcon_core.environment:create_file_with_runtime_dependencies(/mnt/e/UbuntuWSL/Perception-System/install/sensors/share/colcon-core/packages/sensors)
[6.216s] Level 1:colcon.colcon_core.environment:create_environment_scripts_only(gazebo_world)
[6.217s] Level 1:colcon.colcon_core.environment:checking '/mnt/e/UbuntuWSL/Perception-System/install/gazebo_world' for CMake module files
[6.228s] DEBUG:colcon.colcon_core.event_handler.log_command:Invoked command in '/mnt/e/UbuntuWSL/Perception-System/build/gazebo_world' returned '0': CMAKE_PREFIX_PATH=/opt/ros/humble /usr/bin/cmake --install /mnt/e/UbuntuWSL/Perception-System/build/gazebo_world
[6.266s] Level 1:colcon.colcon_core.environment:checking '/mnt/e/UbuntuWSL/Perception-System/install/gazebo_world' for CMake config files
[6.294s] Level 1:colcon.colcon_core.shell:create_environment_hook('gazebo_world', 'cmake_prefix_path')
[6.294s] INFO:colcon.colcon_core.shell:Creating environment hook '/mnt/e/UbuntuWSL/Perception-System/install/gazebo_world/share/gazebo_world/hook/cmake_prefix_path.ps1'
[6.300s] INFO:colcon.colcon_core.shell:Creating environment descriptor '/mnt/e/UbuntuWSL/Perception-System/install/gazebo_world/share/gazebo_world/hook/cmake_prefix_path.dsv'
[6.309s] INFO:colcon.colcon_core.shell:Creating environment hook '/mnt/e/UbuntuWSL/Perception-System/install/gazebo_world/share/gazebo_world/hook/cmake_prefix_path.sh'
[6.318s] Level 1:colcon.colcon_core.environment:checking '/mnt/e/UbuntuWSL/Perception-System/install/gazebo_world/bin'
[6.318s] Level 1:colcon.colcon_core.environment:checking '/mnt/e/UbuntuWSL/Perception-System/install/gazebo_world/lib/pkgconfig/gazebo_world.pc'
[6.319s] Level 1:colcon.colcon_core.environment:checking '/mnt/e/UbuntuWSL/Perception-System/install/gazebo_world/lib/python3.10/site-packages'
[6.320s] Level 1:colcon.colcon_core.environment:checking '/mnt/e/UbuntuWSL/Perception-System/install/gazebo_world/bin'
[6.321s] INFO:colcon.colcon_core.shell:Creating package script '/mnt/e/UbuntuWSL/Perception-System/install/gazebo_world/share/gazebo_world/package.ps1'
[6.326s] INFO:colcon.colcon_core.shell:Creating package descriptor '/mnt/e/UbuntuWSL/Perception-System/install/gazebo_world/share/gazebo_world/package.dsv'
[6.331s] INFO:colcon.colcon_core.shell:Creating package script '/mnt/e/UbuntuWSL/Perception-System/install/gazebo_world/share/gazebo_world/package.sh'
[6.336s] INFO:colcon.colcon_core.shell:Creating package script '/mnt/e/UbuntuWSL/Perception-System/install/gazebo_world/share/gazebo_world/package.bash'
[6.344s] INFO:colcon.colcon_core.shell:Creating package script '/mnt/e/UbuntuWSL/Perception-System/install/gazebo_world/share/gazebo_world/package.zsh'
[6.349s] Level 1:colcon.colcon_core.environment:create_file_with_runtime_dependencies(/mnt/e/UbuntuWSL/Perception-System/install/gazebo_world/share/colcon-core/packages/gazebo_world)
[6.369s] Level 1:colcon.colcon_core.environment:create_environment_scripts_only(gazebo_world)
[6.369s] Level 1:colcon.colcon_core.environment:checking '/mnt/e/UbuntuWSL/Perception-System/install/gazebo_world' for CMake module files
[6.409s] Level 1:colcon.colcon_core.environment:checking '/mnt/e/UbuntuWSL/Perception-System/install/gazebo_world' for CMake config files
[6.449s] Level 1:colcon.colcon_core.shell:create_environment_hook('gazebo_world', 'cmake_prefix_path')
[6.449s] INFO:colcon.colcon_core.shell:Creating environment hook '/mnt/e/UbuntuWSL/Perception-System/install/gazebo_world/share/gazebo_world/hook/cmake_prefix_path.ps1'
[6.467s] INFO:colcon.colcon_core.shell:Creating environment descriptor '/mnt/e/UbuntuWSL/Perception-System/install/gazebo_world/share/gazebo_world/hook/cmake_prefix_path.dsv'
[6.478s] INFO:colcon.colcon_core.shell:Creating environment hook '/mnt/e/UbuntuWSL/Perception-System/install/gazebo_world/share/gazebo_world/hook/cmake_prefix_path.sh'
[6.492s] Level 1:colcon.colcon_core.environment:checking '/mnt/e/UbuntuWSL/Perception-System/install/gazebo_world/bin'
[6.493s] Level 1:colcon.colcon_core.environment:checking '/mnt/e/UbuntuWSL/Perception-System/install/gazebo_world/lib/pkgconfig/gazebo_world.pc'
[6.493s] Level 1:colcon.colcon_core.environment:checking '/mnt/e/UbuntuWSL/Perception-System/install/gazebo_world/lib/python3.10/site-packages'
[6.494s] Level 1:colcon.colcon_core.environment:checking '/mnt/e/UbuntuWSL/Perception-System/install/gazebo_world/bin'
[6.495s] INFO:colcon.colcon_core.shell:Creating package script '/mnt/e/UbuntuWSL/Perception-System/install/gazebo_world/share/gazebo_world/package.ps1'
[6.504s] INFO:colcon.colcon_core.shell:Creating package descriptor '/mnt/e/UbuntuWSL/Perception-System/install/gazebo_world/share/gazebo_world/package.dsv'
[6.510s] INFO:colcon.colcon_core.shell:Creating package script '/mnt/e/UbuntuWSL/Perception-System/install/gazebo_world/share/gazebo_world/package.sh'
[6.525s] INFO:colcon.colcon_core.shell:Creating package script '/mnt/e/UbuntuWSL/Perception-System/install/gazebo_world/share/gazebo_world/package.bash'
[6.539s] INFO:colcon.colcon_core.shell:Creating package script '/mnt/e/UbuntuWSL/Perception-System/install/gazebo_world/share/gazebo_world/package.zsh'
[6.560s] Level 1:colcon.colcon_core.environment:create_file_with_runtime_dependencies(/mnt/e/UbuntuWSL/Perception-System/install/gazebo_world/share/colcon-core/packages/gazebo_world)
[6.567s] Level 1:colcon.colcon_core.environment:create_environment_scripts_only(perception)
[6.568s] Level 1:colcon.colcon_core.environment:checking '/mnt/e/UbuntuWSL/Perception-System/install/perception' for CMake module files
[6.576s] DEBUG:colcon.colcon_core.event_handler.log_command:Invoked command in '/mnt/e/UbuntuWSL/Perception-System/build/perception' returned '0': CMAKE_PREFIX_PATH=/opt/ros/humble /usr/bin/cmake --install /mnt/e/UbuntuWSL/Perception-System/build/perception
[6.609s] Level 1:colcon.colcon_core.environment:checking '/mnt/e/UbuntuWSL/Perception-System/install/perception' for CMake config files
[6.637s] Level 1:colcon.colcon_core.shell:create_environment_hook('perception', 'cmake_prefix_path')
[6.638s] INFO:colcon.colcon_core.shell:Creating environment hook '/mnt/e/UbuntuWSL/Perception-System/install/perception/share/perception/hook/cmake_prefix_path.ps1'
[6.644s] INFO:colcon.colcon_core.shell:Creating environment descriptor '/mnt/e/UbuntuWSL/Perception-System/install/perception/share/perception/hook/cmake_prefix_path.dsv'
[6.652s] INFO:colcon.colcon_core.shell:Creating environment hook '/mnt/e/UbuntuWSL/Perception-System/install/perception/share/perception/hook/cmake_prefix_path.sh'
[6.663s] Level 1:colcon.colcon_core.environment:checking '/mnt/e/UbuntuWSL/Perception-System/install/perception/bin'
[6.664s] Level 1:colcon.colcon_core.environment:checking '/mnt/e/UbuntuWSL/Perception-System/install/perception/lib/pkgconfig/perception.pc'
[6.666s] Level 1:colcon.colcon_core.environment:checking '/mnt/e/UbuntuWSL/Perception-System/install/perception/lib/python3.10/site-packages'
[6.668s] Level 1:colcon.colcon_core.environment:checking '/mnt/e/UbuntuWSL/Perception-System/install/perception/bin'
[6.670s] INFO:colcon.colcon_core.shell:Creating package script '/mnt/e/UbuntuWSL/Perception-System/install/perception/share/perception/package.ps1'
[6.678s] INFO:colcon.colcon_core.shell:Creating package descriptor '/mnt/e/UbuntuWSL/Perception-System/install/perception/share/perception/package.dsv'
[6.684s] INFO:colcon.colcon_core.shell:Creating package script '/mnt/e/UbuntuWSL/Perception-System/install/perception/share/perception/package.sh'
[6.690s] INFO:colcon.colcon_core.shell:Creating package script '/mnt/e/UbuntuWSL/Perception-System/install/perception/share/perception/package.bash'
[6.697s] INFO:colcon.colcon_core.shell:Creating package script '/mnt/e/UbuntuWSL/Perception-System/install/perception/share/perception/package.zsh'
[6.702s] Level 1:colcon.colcon_core.environment:create_file_with_runtime_dependencies(/mnt/e/UbuntuWSL/Perception-System/install/perception/share/colcon-core/packages/perception)
[6.717s] Level 1:colcon.colcon_core.environment:create_environment_scripts_only(perception)
[6.717s] Level 1:colcon.colcon_core.environment:checking '/mnt/e/UbuntuWSL/Perception-System/install/perception' for CMake module files
[6.783s] Level 1:colcon.colcon_core.environment:checking '/mnt/e/UbuntuWSL/Perception-System/install/perception' for CMake config files
[6.823s] Level 1:colcon.colcon_core.shell:create_environment_hook('perception', 'cmake_prefix_path')
[6.823s] INFO:colcon.colcon_core.shell:Creating environment hook '/mnt/e/UbuntuWSL/Perception-System/install/perception/share/perception/hook/cmake_prefix_path.ps1'
[6.833s] INFO:colcon.colcon_core.shell:Creating environment descriptor '/mnt/e/UbuntuWSL/Perception-System/install/perception/share/perception/hook/cmake_prefix_path.dsv'
[6.842s] INFO:colcon.colcon_core.shell:Creating environment hook '/mnt/e/UbuntuWSL/Perception-System/install/perception/share/perception/hook/cmake_prefix_path.sh'
[6.853s] Level 1:colcon.colcon_core.environment:checking '/mnt/e/UbuntuWSL/Perception-System/install/perception/bin'
[6.853s] Level 1:colcon.colcon_core.environment:checking '/mnt/e/UbuntuWSL/Perception-System/install/perception/lib/pkgconfig/perception.pc'
[6.854s] Level 1:colcon.colcon_core.environment:checking '/mnt/e/UbuntuWSL/Perception-System/install/perception/lib/python3.10/site-packages'
[6.855s] Level 1:colcon.colcon_core.environment:checking '/mnt/e/UbuntuWSL/Perception-System/install/perception/bin'
[6.856s] INFO:colcon.colcon_core.shell:Creating package script '/mnt/e/UbuntuWSL/Perception-System/install/perception/share/perception/package.ps1'
[6.864s] INFO:colcon.colcon_core.shell:Creating package descriptor '/mnt/e/UbuntuWSL/Perception-System/install/perception/share/perception/package.dsv'
[6.872s] INFO:colcon.colcon_core.shell:Creating package script '/mnt/e/UbuntuWSL/Perception-System/install/perception/share/perception/package.sh'
[6.881s] INFO:colcon.colcon_core.shell:Creating package script '/mnt/e/UbuntuWSL/Perception-System/install/perception/share/perception/package.bash'
[6.889s] INFO:colcon.colcon_core.shell:Creating package script '/mnt/e/UbuntuWSL/Perception-System/install/perception/share/perception/package.zsh'
[6.897s] Level 1:colcon.colcon_core.environment:create_file_with_runtime_dependencies(/mnt/e/UbuntuWSL/Perception-System/install/perception/share/colcon-core/packages/perception)
[6.903s] Level 1:colcon.colcon_core.environment:create_environment_scripts_only(vehicle_description)
[6.903s] Level 1:colcon.colcon_core.environment:checking '/mnt/e/UbuntuWSL/Perception-System/install/vehicle_description' for CMake module files
[6.909s] DEBUG:colcon.colcon_core.event_handler.log_command:Invoked command in '/mnt/e/UbuntuWSL/Perception-System/build/vehicle_description' returned '0': CMAKE_PREFIX_PATH=/opt/ros/humble /usr/bin/cmake --install /mnt/e/UbuntuWSL/Perception-System/build/vehicle_description
[6.937s] Level 1:colcon.colcon_core.environment:checking '/mnt/e/UbuntuWSL/Perception-System/install/vehicle_description' for CMake config files
[6.960s] Level 1:colcon.colcon_core.shell:create_environment_hook('vehicle_description', 'cmake_prefix_path')
[6.960s] INFO:colcon.colcon_core.shell:Creating environment hook '/mnt/e/UbuntuWSL/Perception-System/install/vehicle_description/share/vehicle_description/hook/cmake_prefix_path.ps1'
[6.965s] INFO:colcon.colcon_core.shell:Creating environment descriptor '/mnt/e/UbuntuWSL/Perception-System/install/vehicle_description/share/vehicle_description/hook/cmake_prefix_path.dsv'
[6.978s] INFO:colcon.colcon_core.shell:Creating environment hook '/mnt/e/UbuntuWSL/Perception-System/install/vehicle_description/share/vehicle_description/hook/cmake_prefix_path.sh'
[6.986s] Level 1:colcon.colcon_core.environment:checking '/mnt/e/UbuntuWSL/Perception-System/install/vehicle_description/bin'
[6.987s] Level 1:colcon.colcon_core.environment:checking '/mnt/e/UbuntuWSL/Perception-System/install/vehicle_description/lib/pkgconfig/vehicle_description.pc'
[6.988s] Level 1:colcon.colcon_core.environment:checking '/mnt/e/UbuntuWSL/Perception-System/install/vehicle_description/lib/python3.10/site-packages'
[6.989s] Level 1:colcon.colcon_core.environment:checking '/mnt/e/UbuntuWSL/Perception-System/install/vehicle_description/bin'
[6.990s] INFO:colcon.colcon_core.shell:Creating package script '/mnt/e/UbuntuWSL/Perception-System/install/vehicle_description/share/vehicle_description/package.ps1'
[6.996s] INFO:colcon.colcon_core.shell:Creating package descriptor '/mnt/e/UbuntuWSL/Perception-System/install/vehicle_description/share/vehicle_description/package.dsv'
[7.001s] INFO:colcon.colcon_core.shell:Creating package script '/mnt/e/UbuntuWSL/Perception-System/install/vehicle_description/share/vehicle_description/package.sh'
[7.008s] INFO:colcon.colcon_core.shell:Creating package script '/mnt/e/UbuntuWSL/Perception-System/install/vehicle_description/share/vehicle_description/package.bash'
[7.014s] INFO:colcon.colcon_core.shell:Creating package script '/mnt/e/UbuntuWSL/Perception-System/install/vehicle_description/share/vehicle_description/package.zsh'
[7.020s] Level 1:colcon.colcon_core.environment:create_file_with_runtime_dependencies(/mnt/e/UbuntuWSL/Perception-System/install/vehicle_description/share/colcon-core/packages/vehicle_description)
[7.033s] Level 1:colcon.colcon_core.environment:create_environment_scripts_only(vehicle_description)
[7.034s] Level 1:colcon.colcon_core.environment:checking '/mnt/e/UbuntuWSL/Perception-System/install/vehicle_description' for CMake module files
[7.083s] Level 1:colcon.colcon_core.environment:checking '/mnt/e/UbuntuWSL/Perception-System/install/vehicle_description' for CMake config files
[7.113s] Level 1:colcon.colcon_core.shell:create_environment_hook('vehicle_description', 'cmake_prefix_path')
[7.113s] INFO:colcon.colcon_core.shell:Creating environment hook '/mnt/e/UbuntuWSL/Perception-System/install/vehicle_description/share/vehicle_description/hook/cmake_prefix_path.ps1'
[7.119s] INFO:colcon.colcon_core.shell:Creating environment descriptor '/mnt/e/UbuntuWSL/Perception-System/install/vehicle_description/share/vehicle_description/hook/cmake_prefix_path.dsv'
[7.127s] INFO:colcon.colcon_core.shell:Creating environment hook '/mnt/e/UbuntuWSL/Perception-System/install/vehicle_description/share/vehicle_description/hook/cmake_prefix_path.sh'
[7.135s] Level 1:colcon.colcon_core.environment:checking '/mnt/e/UbuntuWSL/Perception-System/install/vehicle_description/bin'
[7.136s] Level 1:colcon.colcon_core.environment:checking '/mnt/e/UbuntuWSL/Perception-System/install/vehicle_description/lib/pkgconfig/vehicle_description.pc'
[7.136s] Level 1:colcon.colcon_core.environment:checking '/mnt/e/UbuntuWSL/Perception-System/install/vehicle_description/lib/python3.10/site-packages'
[7.137s] Level 1:colcon.colcon_core.environment:checking '/mnt/e/UbuntuWSL/Perception-System/install/vehicle_description/bin'
[7.138s] INFO:colcon.colcon_core.shell:Creating package script '/mnt/e/UbuntuWSL/Perception-System/install/vehicle_description/share/vehicle_description/package.ps1'
[7.148s] INFO:colcon.colcon_core.shell:Creating package descriptor '/mnt/e/UbuntuWSL/Perception-System/install/vehicle_description/share/vehicle_description/package.dsv'
[7.155s] INFO:colcon.colcon_core.shell:Creating package script '/mnt/e/UbuntuWSL/Perception-System/install/vehicle_description/share/vehicle_description/package.sh'
[7.162s] INFO:colcon.colcon_core.shell:Creating package script '/mnt/e/UbuntuWSL/Perception-System/install/vehicle_description/share/vehicle_description/package.bash'
[7.173s] INFO:colcon.colcon_core.shell:Creating package script '/mnt/e/UbuntuWSL/Perception-System/install/vehicle_description/share/vehicle_description/package.zsh'
[7.180s] Level 1:colcon.colcon_core.environment:create_file_with_runtime_dependencies(/mnt/e/UbuntuWSL/Perception-System/install/vehicle_description/share/colcon-core/packages/vehicle_description)
[7.184s] DEBUG:colcon.colcon_parallel_executor.executor.parallel:closing loop
[7.184s] DEBUG:colcon.colcon_parallel_executor.executor.parallel:loop closed
[7.185s] DEBUG:colcon.colcon_parallel_executor.executor.parallel:run_until_complete finished with '0'
[7.185s] DEBUG:colcon.colcon_core.event_reactor:joining thread
[7.268s] INFO:colcon.colcon_core.plugin_system:Skipping extension 'colcon_notification.desktop_notification.notify_send': Could not find 'notify-send'
[7.268s] INFO:colcon.colcon_core.plugin_system:Skipping extension 'colcon_notification.desktop_notification.terminal_notifier': Not used on non-Darwin systems
[7.269s] INFO:colcon.colcon_core.plugin_system:Skipping extension 'colcon_notification.desktop_notification.win32': Not used on non-Windows systems
[7.269s] INFO:colcon.colcon_notification.desktop_notification:Sending desktop notification using 'notify2'
[7.269s] DEBUG:colcon.colcon_notification.desktop_notification.notify2:Failed to initialize notify2: org.freedesktop.DBus.Error.FileNotFound: Failed to connect to socket /run/user/1000/bus: No such file or directory
[7.270s] DEBUG:colcon.colcon_core.event_reactor:joined thread
[7.270s] INFO:colcon.colcon_core.shell:Creating prefix script '/mnt/e/UbuntuWSL/Perception-System/install/local_setup.ps1'
[7.275s] INFO:colcon.colcon_core.shell:Creating prefix util module '/mnt/e/UbuntuWSL/Perception-System/install/_local_setup_util_ps1.py'
[7.279s] INFO:colcon.colcon_core.shell:Creating prefix chain script '/mnt/e/UbuntuWSL/Perception-System/install/setup.ps1'
[7.291s] INFO:colcon.colcon_core.shell:Creating prefix script '/mnt/e/UbuntuWSL/Perception-System/install/local_setup.sh'
[7.303s] INFO:colcon.colcon_core.shell:Creating prefix util module '/mnt/e/UbuntuWSL/Perception-System/install/_local_setup_util_sh.py'
[7.324s] INFO:colcon.colcon_core.shell:Creating prefix chain script '/mnt/e/UbuntuWSL/Perception-System/install/setup.sh'
[7.338s] INFO:colcon.colcon_core.shell:Creating prefix script '/mnt/e/UbuntuWSL/Perception-System/install/local_setup.bash'
[7.342s] INFO:colcon.colcon_core.shell:Creating prefix chain script '/mnt/e/UbuntuWSL/Perception-System/install/setup.bash'
[7.346s] INFO:colcon.colcon_core.shell:Creating prefix script '/mnt/e/UbuntuWSL/Perception-System/install/local_setup.zsh'
[7.349s] INFO:colcon.colcon_core.shell:Creating prefix chain script '/mnt/e/UbuntuWSL/Perception-System/install/setup.zsh'
