[0.186s] DEBUG:colcon:Command line arguments: ['/usr/bin/colcon', 'build']
[0.187s] DEBUG:colcon:Parsed command line arguments: Namespace(log_base=None, log_level=None, verb_name='build', build_base='build', install_base='install', merge_install=False, symlink_install=False, test_result_base=None, continue_on_error=False, executor='parallel', parallel_workers=16, event_handlers=None, ignore_user_meta=False, metas=['./colcon.meta'], base_paths=['.'], packages_ignore=None, packages_ignore_regex=None, paths=None, packages_up_to=None, packages_up_to_regex=None, packages_above=None, packages_above_and_dependencies=None, packages_above_depth=None, packages_select_by_dep=None, packages_skip_by_dep=None, packages_skip_up_to=None, packages_select_build_failed=False, packages_skip_build_finished=False, packages_select_test_failures=False, packages_skip_test_passed=False, packages_select=None, packages_skip=None, packages_select_regex=None, packages_skip_regex=None, packages_start=None, packages_end=None, allow_overriding=[], cmake_args=None, cmake_target=None, cmake_target_skip_unavailable=False, cmake_clean_cache=False, cmake_clean_first=False, cmake_force_configure=False, ament_cmake_args=None, catkin_cmake_args=None, catkin_skip_building_tests=False, verb_parser=<colcon_defaults.argument_parser.defaults.DefaultArgumentsDecorator object at 0x7b2e03b3b280>, verb_extension=<colcon_core.verb.build.BuildVerb object at 0x7b2e03b3acb0>, main=<bound method BuildVerb.main of <colcon_core.verb.build.BuildVerb object at 0x7b2e03b3acb0>>)
[0.280s] Level 1:colcon.colcon_core.package_discovery:discover_packages(colcon_meta) check parameters
[0.280s] Level 1:colcon.colcon_core.package_discovery:discover_packages(recursive) check parameters
[0.280s] Level 1:colcon.colcon_core.package_discovery:discover_packages(ignore) check parameters
[0.281s] Level 1:colcon.colcon_core.package_discovery:discover_packages(path) check parameters
[0.281s] Level 1:colcon.colcon_core.package_discovery:discover_packages(colcon_meta) discover
[0.281s] Level 1:colcon.colcon_core.package_discovery:discover_packages(recursive) discover
[0.281s] INFO:colcon.colcon_core.package_discovery:Crawling recursively for packages in '/mnt/e/UbuntuWSL/Perception-System'
[0.282s] Level 1:colcon.colcon_core.package_identification:_identify(.) by extensions ['ignore', 'ignore_ament_install']
[0.282s] Level 1:colcon.colcon_core.package_identification:_identify(.) by extension 'ignore'
[0.282s] Level 1:colcon.colcon_core.package_identification:_identify(.) by extension 'ignore_ament_install'
[0.283s] Level 1:colcon.colcon_core.package_identification:_identify(.) by extensions ['colcon_pkg']
[0.283s] Level 1:colcon.colcon_core.package_identification:_identify(.) by extension 'colcon_pkg'
[0.283s] Level 1:colcon.colcon_core.package_identification:_identify(.) by extensions ['colcon_meta']
[0.283s] Level 1:colcon.colcon_core.package_identification:_identify(.) by extension 'colcon_meta'
[0.283s] Level 1:colcon.colcon_core.package_identification:_identify(.) by extensions ['ros']
[0.283s] Level 1:colcon.colcon_core.package_identification:_identify(.) by extension 'ros'
[0.299s] Level 1:colcon.colcon_core.package_identification:_identify(.) by extensions ['cmake', 'python']
[0.299s] Level 1:colcon.colcon_core.package_identification:_identify(.) by extension 'cmake'
[0.299s] Level 1:colcon.colcon_core.package_identification:_identify(.) by extension 'python'
[0.299s] Level 1:colcon.colcon_core.package_identification:_identify(.) by extensions ['python_setup_py']
[0.300s] Level 1:colcon.colcon_core.package_identification:_identify(.) by extension 'python_setup_py'
[0.301s] Level 1:colcon.colcon_core.package_identification:_identify(build) by extensions ['ignore', 'ignore_ament_install']
[0.301s] Level 1:colcon.colcon_core.package_identification:_identify(build) by extension 'ignore'
[0.303s] Level 1:colcon.colcon_core.package_identification:_identify(build) ignored
[0.304s] Level 1:colcon.colcon_core.package_identification:_identify(install) by extensions ['ignore', 'ignore_ament_install']
[0.305s] Level 1:colcon.colcon_core.package_identification:_identify(install) by extension 'ignore'
[0.305s] Level 1:colcon.colcon_core.package_identification:_identify(install) ignored
[0.307s] Level 1:colcon.colcon_core.package_identification:_identify(log) by extensions ['ignore', 'ignore_ament_install']
[0.307s] Level 1:colcon.colcon_core.package_identification:_identify(log) by extension 'ignore'
[0.308s] Level 1:colcon.colcon_core.package_identification:_identify(log) ignored
[0.309s] Level 1:colcon.colcon_core.package_identification:_identify(src) by extensions ['ignore', 'ignore_ament_install']
[0.309s] Level 1:colcon.colcon_core.package_identification:_identify(src) by extension 'ignore'
[0.309s] Level 1:colcon.colcon_core.package_identification:_identify(src) by extension 'ignore_ament_install'
[0.310s] Level 1:colcon.colcon_core.package_identification:_identify(src) by extensions ['colcon_pkg']
[0.310s] Level 1:colcon.colcon_core.package_identification:_identify(src) by extension 'colcon_pkg'
[0.310s] Level 1:colcon.colcon_core.package_identification:_identify(src) by extensions ['colcon_meta']
[0.310s] Level 1:colcon.colcon_core.package_identification:_identify(src) by extension 'colcon_meta'
[0.311s] Level 1:colcon.colcon_core.package_identification:_identify(src) by extensions ['ros']
[0.311s] Level 1:colcon.colcon_core.package_identification:_identify(src) by extension 'ros'
[0.312s] Level 1:colcon.colcon_core.package_identification:_identify(src) by extensions ['cmake', 'python']
[0.312s] Level 1:colcon.colcon_core.package_identification:_identify(src) by extension 'cmake'
[0.313s] Level 1:colcon.colcon_core.package_identification:_identify(src) by extension 'python'
[0.313s] Level 1:colcon.colcon_core.package_identification:_identify(src) by extensions ['python_setup_py']
[0.313s] Level 1:colcon.colcon_core.package_identification:_identify(src) by extension 'python_setup_py'
[0.320s] Level 1:colcon.colcon_core.package_identification:_identify(src/gazebo_world) by extensions ['ignore', 'ignore_ament_install']
[0.320s] Level 1:colcon.colcon_core.package_identification:_identify(src/gazebo_world) by extension 'ignore'
[0.321s] Level 1:colcon.colcon_core.package_identification:_identify(src/gazebo_world) by extension 'ignore_ament_install'
[0.322s] Level 1:colcon.colcon_core.package_identification:_identify(src/gazebo_world) by extensions ['colcon_pkg']
[0.322s] Level 1:colcon.colcon_core.package_identification:_identify(src/gazebo_world) by extension 'colcon_pkg'
[0.323s] Level 1:colcon.colcon_core.package_identification:_identify(src/gazebo_world) by extensions ['colcon_meta']
[0.323s] Level 1:colcon.colcon_core.package_identification:_identify(src/gazebo_world) by extension 'colcon_meta'
[0.330s] Level 1:colcon.colcon_core.package_identification:_identify(src/gazebo_world) by extensions ['ros']
[0.330s] Level 1:colcon.colcon_core.package_identification:_identify(src/gazebo_world) by extension 'ros'
[0.338s] DEBUG:colcon.colcon_core.package_identification:Package 'src/gazebo_world' with type 'ros.ament_cmake' and name 'gazebo_world'
[0.340s] Level 1:colcon.colcon_core.package_identification:_identify(src/launch) by extensions ['ignore', 'ignore_ament_install']
[0.340s] Level 1:colcon.colcon_core.package_identification:_identify(src/launch) by extension 'ignore'
[0.341s] Level 1:colcon.colcon_core.package_identification:_identify(src/launch) by extension 'ignore_ament_install'
[0.342s] Level 1:colcon.colcon_core.package_identification:_identify(src/launch) by extensions ['colcon_pkg']
[0.342s] Level 1:colcon.colcon_core.package_identification:_identify(src/launch) by extension 'colcon_pkg'
[0.343s] Level 1:colcon.colcon_core.package_identification:_identify(src/launch) by extensions ['colcon_meta']
[0.343s] Level 1:colcon.colcon_core.package_identification:_identify(src/launch) by extension 'colcon_meta'
[0.346s] Level 1:colcon.colcon_core.package_identification:_identify(src/launch) by extensions ['ros']
[0.346s] Level 1:colcon.colcon_core.package_identification:_identify(src/launch) by extension 'ros'
[0.349s] Level 1:colcon.colcon_core.package_identification:_identify(src/launch) by extensions ['cmake', 'python']
[0.349s] Level 1:colcon.colcon_core.package_identification:_identify(src/launch) by extension 'cmake'
[0.350s] Level 1:colcon.colcon_core.package_identification:_identify(src/launch) by extension 'python'
[0.351s] Level 1:colcon.colcon_core.package_identification:_identify(src/launch) by extensions ['python_setup_py']
[0.351s] Level 1:colcon.colcon_core.package_identification:_identify(src/launch) by extension 'python_setup_py'
[0.355s] Level 1:colcon.colcon_core.package_identification:_identify(src/perception) by extensions ['ignore', 'ignore_ament_install']
[0.355s] Level 1:colcon.colcon_core.package_identification:_identify(src/perception) by extension 'ignore'
[0.356s] Level 1:colcon.colcon_core.package_identification:_identify(src/perception) by extension 'ignore_ament_install'
[0.357s] Level 1:colcon.colcon_core.package_identification:_identify(src/perception) by extensions ['colcon_pkg']
[0.357s] Level 1:colcon.colcon_core.package_identification:_identify(src/perception) by extension 'colcon_pkg'
[0.358s] Level 1:colcon.colcon_core.package_identification:_identify(src/perception) by extensions ['colcon_meta']
[0.358s] Level 1:colcon.colcon_core.package_identification:_identify(src/perception) by extension 'colcon_meta'
[0.359s] Level 1:colcon.colcon_core.package_identification:_identify(src/perception) by extensions ['ros']
[0.359s] Level 1:colcon.colcon_core.package_identification:_identify(src/perception) by extension 'ros'
[0.368s] DEBUG:colcon.colcon_core.package_identification:Package 'src/perception' with type 'ros.ament_cmake' and name 'perception'
[0.370s] Level 1:colcon.colcon_core.package_identification:_identify(src/sensors) by extensions ['ignore', 'ignore_ament_install']
[0.370s] Level 1:colcon.colcon_core.package_identification:_identify(src/sensors) by extension 'ignore'
[0.371s] Level 1:colcon.colcon_core.package_identification:_identify(src/sensors) by extension 'ignore_ament_install'
[0.373s] Level 1:colcon.colcon_core.package_identification:_identify(src/sensors) by extensions ['colcon_pkg']
[0.373s] Level 1:colcon.colcon_core.package_identification:_identify(src/sensors) by extension 'colcon_pkg'
[0.374s] Level 1:colcon.colcon_core.package_identification:_identify(src/sensors) by extensions ['colcon_meta']
[0.374s] Level 1:colcon.colcon_core.package_identification:_identify(src/sensors) by extension 'colcon_meta'
[0.375s] Level 1:colcon.colcon_core.package_identification:_identify(src/sensors) by extensions ['ros']
[0.375s] Level 1:colcon.colcon_core.package_identification:_identify(src/sensors) by extension 'ros'
[0.384s] DEBUG:colcon.colcon_core.package_identification:Package 'src/sensors' with type 'ros.ament_cmake' and name 'sensors'
[0.388s] Level 1:colcon.colcon_core.package_identification:_identify(src/utils) by extensions ['ignore', 'ignore_ament_install']
[0.389s] Level 1:colcon.colcon_core.package_identification:_identify(src/utils) by extension 'ignore'
[0.390s] Level 1:colcon.colcon_core.package_identification:_identify(src/utils) by extension 'ignore_ament_install'
[0.393s] Level 1:colcon.colcon_core.package_identification:_identify(src/utils) by extensions ['colcon_pkg']
[0.394s] Level 1:colcon.colcon_core.package_identification:_identify(src/utils) by extension 'colcon_pkg'
[0.396s] Level 1:colcon.colcon_core.package_identification:_identify(src/utils) by extensions ['colcon_meta']
[0.396s] Level 1:colcon.colcon_core.package_identification:_identify(src/utils) by extension 'colcon_meta'
[0.399s] Level 1:colcon.colcon_core.package_identification:_identify(src/utils) by extensions ['ros']
[0.399s] Level 1:colcon.colcon_core.package_identification:_identify(src/utils) by extension 'ros'
[0.403s] Level 1:colcon.colcon_core.package_identification:_identify(src/utils) by extensions ['cmake', 'python']
[0.403s] Level 1:colcon.colcon_core.package_identification:_identify(src/utils) by extension 'cmake'
[0.405s] Level 1:colcon.colcon_core.package_identification:_identify(src/utils) by extension 'python'
[0.406s] Level 1:colcon.colcon_core.package_identification:_identify(src/utils) by extensions ['python_setup_py']
[0.406s] Level 1:colcon.colcon_core.package_identification:_identify(src/utils) by extension 'python_setup_py'
[0.409s] Level 1:colcon.colcon_core.package_identification:_identify(src/vehicle_description) by extensions ['ignore', 'ignore_ament_install']
[0.409s] Level 1:colcon.colcon_core.package_identification:_identify(src/vehicle_description) by extension 'ignore'
[0.410s] Level 1:colcon.colcon_core.package_identification:_identify(src/vehicle_description) by extension 'ignore_ament_install'
[0.411s] Level 1:colcon.colcon_core.package_identification:_identify(src/vehicle_description) by extensions ['colcon_pkg']
[0.411s] Level 1:colcon.colcon_core.package_identification:_identify(src/vehicle_description) by extension 'colcon_pkg'
[0.411s] Level 1:colcon.colcon_core.package_identification:_identify(src/vehicle_description) by extensions ['colcon_meta']
[0.411s] Level 1:colcon.colcon_core.package_identification:_identify(src/vehicle_description) by extension 'colcon_meta'
[0.412s] Level 1:colcon.colcon_core.package_identification:_identify(src/vehicle_description) by extensions ['ros']
[0.413s] Level 1:colcon.colcon_core.package_identification:_identify(src/vehicle_description) by extension 'ros'
[0.421s] DEBUG:colcon.colcon_core.package_identification:Package 'src/vehicle_description' with type 'ros.ament_cmake' and name 'vehicle_description'
[0.421s] Level 1:colcon.colcon_core.package_discovery:discover_packages(recursive) using defaults
[0.422s] Level 1:colcon.colcon_core.package_discovery:discover_packages(ignore) discover
[0.422s] Level 1:colcon.colcon_core.package_discovery:discover_packages(ignore) using defaults
[0.422s] Level 1:colcon.colcon_core.package_discovery:discover_packages(path) discover
[0.422s] Level 1:colcon.colcon_core.package_discovery:discover_packages(path) using defaults
[0.440s] Level 1:colcon.colcon_core.package_discovery:discover_packages(prefix_path) check parameters
[0.440s] Level 1:colcon.colcon_core.package_discovery:discover_packages(prefix_path) discover
[0.489s] DEBUG:colcon.colcon_installed_package_information.package_discovery:Found 4 installed packages in /mnt/e/UbuntuWSL/Perception-System/install
[0.490s] DEBUG:colcon.colcon_installed_package_information.package_discovery:Found 281 installed packages in /opt/ros/humble
[0.491s] Level 1:colcon.colcon_core.package_discovery:discover_packages(prefix_path) using defaults
[0.542s] Level 5:colcon.colcon_core.verb:set package 'gazebo_world' build argument 'cmake_args' from command line to 'None'
[0.543s] Level 5:colcon.colcon_core.verb:set package 'gazebo_world' build argument 'cmake_target' from command line to 'None'
[0.543s] Level 5:colcon.colcon_core.verb:set package 'gazebo_world' build argument 'cmake_target_skip_unavailable' from command line to 'False'
[0.544s] Level 5:colcon.colcon_core.verb:set package 'gazebo_world' build argument 'cmake_clean_cache' from command line to 'False'
[0.544s] Level 5:colcon.colcon_core.verb:set package 'gazebo_world' build argument 'cmake_clean_first' from command line to 'False'
[0.544s] Level 5:colcon.colcon_core.verb:set package 'gazebo_world' build argument 'cmake_force_configure' from command line to 'False'
[0.544s] Level 5:colcon.colcon_core.verb:set package 'gazebo_world' build argument 'ament_cmake_args' from command line to 'None'
[0.545s] Level 5:colcon.colcon_core.verb:set package 'gazebo_world' build argument 'catkin_cmake_args' from command line to 'None'
[0.545s] Level 5:colcon.colcon_core.verb:set package 'gazebo_world' build argument 'catkin_skip_building_tests' from command line to 'False'
[0.545s] DEBUG:colcon.colcon_core.verb:Building package 'gazebo_world' with the following arguments: {'ament_cmake_args': None, 'build_base': '/mnt/e/UbuntuWSL/Perception-System/build/gazebo_world', 'catkin_cmake_args': None, 'catkin_skip_building_tests': False, 'cmake_args': None, 'cmake_clean_cache': False, 'cmake_clean_first': False, 'cmake_force_configure': False, 'cmake_target': None, 'cmake_target_skip_unavailable': False, 'install_base': '/mnt/e/UbuntuWSL/Perception-System/install/gazebo_world', 'merge_install': False, 'path': '/mnt/e/UbuntuWSL/Perception-System/src/gazebo_world', 'symlink_install': False, 'test_result_base': None}
[0.545s] Level 5:colcon.colcon_core.verb:set package 'perception' build argument 'cmake_args' from command line to 'None'
[0.545s] Level 5:colcon.colcon_core.verb:set package 'perception' build argument 'cmake_target' from command line to 'None'
[0.545s] Level 5:colcon.colcon_core.verb:set package 'perception' build argument 'cmake_target_skip_unavailable' from command line to 'False'
[0.545s] Level 5:colcon.colcon_core.verb:set package 'perception' build argument 'cmake_clean_cache' from command line to 'False'
[0.546s] Level 5:colcon.colcon_core.verb:set package 'perception' build argument 'cmake_clean_first' from command line to 'False'
[0.546s] Level 5:colcon.colcon_core.verb:set package 'perception' build argument 'cmake_force_configure' from command line to 'False'
[0.546s] Level 5:colcon.colcon_core.verb:set package 'perception' build argument 'ament_cmake_args' from command line to 'None'
[0.546s] Level 5:colcon.colcon_core.verb:set package 'perception' build argument 'catkin_cmake_args' from command line to 'None'
[0.546s] Level 5:colcon.colcon_core.verb:set package 'perception' build argument 'catkin_skip_building_tests' from command line to 'False'
[0.546s] DEBUG:colcon.colcon_core.verb:Building package 'perception' with the following arguments: {'ament_cmake_args': None, 'build_base': '/mnt/e/UbuntuWSL/Perception-System/build/perception', 'catkin_cmake_args': None, 'catkin_skip_building_tests': False, 'cmake_args': None, 'cmake_clean_cache': False, 'cmake_clean_first': False, 'cmake_force_configure': False, 'cmake_target': None, 'cmake_target_skip_unavailable': False, 'install_base': '/mnt/e/UbuntuWSL/Perception-System/install/perception', 'merge_install': False, 'path': '/mnt/e/UbuntuWSL/Perception-System/src/perception', 'symlink_install': False, 'test_result_base': None}
[0.546s] Level 5:colcon.colcon_core.verb:set package 'sensors' build argument 'cmake_args' from command line to 'None'
[0.547s] Level 5:colcon.colcon_core.verb:set package 'sensors' build argument 'cmake_target' from command line to 'None'
[0.547s] Level 5:colcon.colcon_core.verb:set package 'sensors' build argument 'cmake_target_skip_unavailable' from command line to 'False'
[0.547s] Level 5:colcon.colcon_core.verb:set package 'sensors' build argument 'cmake_clean_cache' from command line to 'False'
[0.547s] Level 5:colcon.colcon_core.verb:set package 'sensors' build argument 'cmake_clean_first' from command line to 'False'
[0.547s] Level 5:colcon.colcon_core.verb:set package 'sensors' build argument 'cmake_force_configure' from command line to 'False'
[0.547s] Level 5:colcon.colcon_core.verb:set package 'sensors' build argument 'ament_cmake_args' from command line to 'None'
[0.547s] Level 5:colcon.colcon_core.verb:set package 'sensors' build argument 'catkin_cmake_args' from command line to 'None'
[0.547s] Level 5:colcon.colcon_core.verb:set package 'sensors' build argument 'catkin_skip_building_tests' from command line to 'False'
[0.547s] DEBUG:colcon.colcon_core.verb:Building package 'sensors' with the following arguments: {'ament_cmake_args': None, 'build_base': '/mnt/e/UbuntuWSL/Perception-System/build/sensors', 'catkin_cmake_args': None, 'catkin_skip_building_tests': False, 'cmake_args': None, 'cmake_clean_cache': False, 'cmake_clean_first': False, 'cmake_force_configure': False, 'cmake_target': None, 'cmake_target_skip_unavailable': False, 'install_base': '/mnt/e/UbuntuWSL/Perception-System/install/sensors', 'merge_install': False, 'path': '/mnt/e/UbuntuWSL/Perception-System/src/sensors', 'symlink_install': False, 'test_result_base': None}
[0.548s] Level 5:colcon.colcon_core.verb:set package 'vehicle_description' build argument 'cmake_args' from command line to 'None'
[0.548s] Level 5:colcon.colcon_core.verb:set package 'vehicle_description' build argument 'cmake_target' from command line to 'None'
[0.548s] Level 5:colcon.colcon_core.verb:set package 'vehicle_description' build argument 'cmake_target_skip_unavailable' from command line to 'False'
[0.548s] Level 5:colcon.colcon_core.verb:set package 'vehicle_description' build argument 'cmake_clean_cache' from command line to 'False'
[0.548s] Level 5:colcon.colcon_core.verb:set package 'vehicle_description' build argument 'cmake_clean_first' from command line to 'False'
[0.548s] Level 5:colcon.colcon_core.verb:set package 'vehicle_description' build argument 'cmake_force_configure' from command line to 'False'
[0.548s] Level 5:colcon.colcon_core.verb:set package 'vehicle_description' build argument 'ament_cmake_args' from command line to 'None'
[0.549s] Level 5:colcon.colcon_core.verb:set package 'vehicle_description' build argument 'catkin_cmake_args' from command line to 'None'
[0.549s] Level 5:colcon.colcon_core.verb:set package 'vehicle_description' build argument 'catkin_skip_building_tests' from command line to 'False'
[0.549s] DEBUG:colcon.colcon_core.verb:Building package 'vehicle_description' with the following arguments: {'ament_cmake_args': None, 'build_base': '/mnt/e/UbuntuWSL/Perception-System/build/vehicle_description', 'catkin_cmake_args': None, 'catkin_skip_building_tests': False, 'cmake_args': None, 'cmake_clean_cache': False, 'cmake_clean_first': False, 'cmake_force_configure': False, 'cmake_target': None, 'cmake_target_skip_unavailable': False, 'install_base': '/mnt/e/UbuntuWSL/Perception-System/install/vehicle_description', 'merge_install': False, 'path': '/mnt/e/UbuntuWSL/Perception-System/src/vehicle_description', 'symlink_install': False, 'test_result_base': None}
[0.549s] INFO:colcon.colcon_core.executor:Executing jobs using 'parallel' executor
[0.550s] DEBUG:colcon.colcon_parallel_executor.executor.parallel:run_until_complete
[0.550s] INFO:colcon.colcon_ros.task.ament_cmake.build:Building ROS package in '/mnt/e/UbuntuWSL/Perception-System/src/gazebo_world' with build type 'ament_cmake'
[0.550s] INFO:colcon.colcon_cmake.task.cmake.build:Building CMake package in '/mnt/e/UbuntuWSL/Perception-System/src/gazebo_world'
[0.553s] INFO:colcon.colcon_core.plugin_system:Skipping extension 'colcon_core.shell.bat': Not used on non-Windows systems
[0.553s] INFO:colcon.colcon_core.shell:Skip shell extension 'powershell' for command environment: Not usable outside of PowerShell
[0.553s] DEBUG:colcon.colcon_core.shell:Skip shell extension 'dsv' for command environment
[0.603s] INFO:colcon.colcon_ros.task.ament_cmake.build:Building ROS package in '/mnt/e/UbuntuWSL/Perception-System/src/perception' with build type 'ament_cmake'
[0.603s] INFO:colcon.colcon_cmake.task.cmake.build:Building CMake package in '/mnt/e/UbuntuWSL/Perception-System/src/perception'
[0.603s] INFO:colcon.colcon_core.shell:Skip shell extension 'powershell' for command environment: Not usable outside of PowerShell
[0.603s] DEBUG:colcon.colcon_core.shell:Skip shell extension 'dsv' for command environment
[0.657s] INFO:colcon.colcon_ros.task.ament_cmake.build:Building ROS package in '/mnt/e/UbuntuWSL/Perception-System/src/sensors' with build type 'ament_cmake'
[0.658s] INFO:colcon.colcon_cmake.task.cmake.build:Building CMake package in '/mnt/e/UbuntuWSL/Perception-System/src/sensors'
[0.659s] INFO:colcon.colcon_core.shell:Skip shell extension 'powershell' for command environment: Not usable outside of PowerShell
[0.660s] DEBUG:colcon.colcon_core.shell:Skip shell extension 'dsv' for command environment
[0.724s] INFO:colcon.colcon_ros.task.ament_cmake.build:Building ROS package in '/mnt/e/UbuntuWSL/Perception-System/src/vehicle_description' with build type 'ament_cmake'
[0.724s] INFO:colcon.colcon_cmake.task.cmake.build:Building CMake package in '/mnt/e/UbuntuWSL/Perception-System/src/vehicle_description'
[0.725s] INFO:colcon.colcon_core.shell:Skip shell extension 'powershell' for command environment: Not usable outside of PowerShell
[0.725s] DEBUG:colcon.colcon_core.shell:Skip shell extension 'dsv' for command environment
[0.814s] DEBUG:colcon.colcon_core.event_handler.log_command:Invoking command in '/mnt/e/UbuntuWSL/Perception-System/build/gazebo_world': CMAKE_PREFIX_PATH=${CMAKE_PREFIX_PATH}:/opt/ros/humble /usr/bin/cmake --build /mnt/e/UbuntuWSL/Perception-System/build/gazebo_world -- -j16 -l16
[0.831s] DEBUG:colcon.colcon_core.event_handler.log_command:Invoking command in '/mnt/e/UbuntuWSL/Perception-System/build/perception': CMAKE_PREFIX_PATH=${CMAKE_PREFIX_PATH}:/opt/ros/humble /usr/bin/cmake --build /mnt/e/UbuntuWSL/Perception-System/build/perception -- -j16 -l16
[0.853s] DEBUG:colcon.colcon_core.event_handler.log_command:Invoking command in '/mnt/e/UbuntuWSL/Perception-System/build/sensors': CMAKE_PREFIX_PATH=${CMAKE_PREFIX_PATH}:/opt/ros/humble /usr/bin/cmake --build /mnt/e/UbuntuWSL/Perception-System/build/sensors -- -j16 -l16
[0.881s] DEBUG:colcon.colcon_core.event_handler.log_command:Invoking command in '/mnt/e/UbuntuWSL/Perception-System/build/vehicle_description': CMAKE_PREFIX_PATH=${CMAKE_PREFIX_PATH}:/opt/ros/humble /usr/bin/cmake --build /mnt/e/UbuntuWSL/Perception-System/build/vehicle_description -- -j16 -l16
[0.889s] DEBUG:colcon.colcon_core.event_handler.log_command:Invoked command in '/mnt/e/UbuntuWSL/Perception-System/build/gazebo_world' returned '0': CMAKE_PREFIX_PATH=${CMAKE_PREFIX_PATH}:/opt/ros/humble /usr/bin/cmake --build /mnt/e/UbuntuWSL/Perception-System/build/gazebo_world -- -j16 -l16
[0.910s] DEBUG:colcon.colcon_core.event_handler.log_command:Invoking command in '/mnt/e/UbuntuWSL/Perception-System/build/gazebo_world': CMAKE_PREFIX_PATH=${CMAKE_PREFIX_PATH}:/opt/ros/humble /usr/bin/cmake --install /mnt/e/UbuntuWSL/Perception-System/build/gazebo_world
[0.911s] DEBUG:colcon.colcon_core.event_handler.log_command:Invoked command in '/mnt/e/UbuntuWSL/Perception-System/build/perception' returned '0': CMAKE_PREFIX_PATH=${CMAKE_PREFIX_PATH}:/opt/ros/humble /usr/bin/cmake --build /mnt/e/UbuntuWSL/Perception-System/build/perception -- -j16 -l16
[0.927s] DEBUG:colcon.colcon_core.event_handler.log_command:Invoking command in '/mnt/e/UbuntuWSL/Perception-System/build/perception': CMAKE_PREFIX_PATH=${CMAKE_PREFIX_PATH}:/opt/ros/humble /usr/bin/cmake --install /mnt/e/UbuntuWSL/Perception-System/build/perception
[0.928s] DEBUG:colcon.colcon_core.event_handler.log_command:Invoked command in '/mnt/e/UbuntuWSL/Perception-System/build/sensors' returned '0': CMAKE_PREFIX_PATH=${CMAKE_PREFIX_PATH}:/opt/ros/humble /usr/bin/cmake --build /mnt/e/UbuntuWSL/Perception-System/build/sensors -- -j16 -l16
[0.944s] DEBUG:colcon.colcon_core.event_handler.log_command:Invoking command in '/mnt/e/UbuntuWSL/Perception-System/build/sensors': CMAKE_PREFIX_PATH=${CMAKE_PREFIX_PATH}:/opt/ros/humble /usr/bin/cmake --install /mnt/e/UbuntuWSL/Perception-System/build/sensors
[0.946s] DEBUG:colcon.colcon_core.event_handler.log_command:Invoked command in '/mnt/e/UbuntuWSL/Perception-System/build/vehicle_description' returned '0': CMAKE_PREFIX_PATH=${CMAKE_PREFIX_PATH}:/opt/ros/humble /usr/bin/cmake --build /mnt/e/UbuntuWSL/Perception-System/build/vehicle_description -- -j16 -l16
[0.964s] DEBUG:colcon.colcon_core.event_handler.log_command:Invoking command in '/mnt/e/UbuntuWSL/Perception-System/build/vehicle_description': CMAKE_PREFIX_PATH=${CMAKE_PREFIX_PATH}:/opt/ros/humble /usr/bin/cmake --install /mnt/e/UbuntuWSL/Perception-System/build/vehicle_description
[1.215s] Level 1:colcon.colcon_core.environment:create_environment_scripts_only(gazebo_world)
[1.216s] DEBUG:colcon.colcon_core.event_handler.log_command:Invoked command in '/mnt/e/UbuntuWSL/Perception-System/build/gazebo_world' returned '0': CMAKE_PREFIX_PATH=${CMAKE_PREFIX_PATH}:/opt/ros/humble /usr/bin/cmake --install /mnt/e/UbuntuWSL/Perception-System/build/gazebo_world
[1.217s] Level 1:colcon.colcon_core.environment:checking '/mnt/e/UbuntuWSL/Perception-System/install/gazebo_world' for CMake module files
[1.263s] Level 1:colcon.colcon_core.environment:checking '/mnt/e/UbuntuWSL/Perception-System/install/gazebo_world' for CMake config files
[1.293s] Level 1:colcon.colcon_core.shell:create_environment_hook('gazebo_world', 'cmake_prefix_path')
[1.293s] INFO:colcon.colcon_core.shell:Creating environment hook '/mnt/e/UbuntuWSL/Perception-System/install/gazebo_world/share/gazebo_world/hook/cmake_prefix_path.ps1'
[1.302s] INFO:colcon.colcon_core.shell:Creating environment descriptor '/mnt/e/UbuntuWSL/Perception-System/install/gazebo_world/share/gazebo_world/hook/cmake_prefix_path.dsv'
[1.309s] INFO:colcon.colcon_core.shell:Creating environment hook '/mnt/e/UbuntuWSL/Perception-System/install/gazebo_world/share/gazebo_world/hook/cmake_prefix_path.sh'
[1.325s] Level 1:colcon.colcon_core.environment:checking '/mnt/e/UbuntuWSL/Perception-System/install/gazebo_world/bin'
[1.326s] Level 1:colcon.colcon_core.environment:checking '/mnt/e/UbuntuWSL/Perception-System/install/gazebo_world/lib/pkgconfig/gazebo_world.pc'
[1.326s] Level 1:colcon.colcon_core.environment:checking '/mnt/e/UbuntuWSL/Perception-System/install/gazebo_world/lib/python3.10/site-packages'
[1.327s] Level 1:colcon.colcon_core.environment:checking '/mnt/e/UbuntuWSL/Perception-System/install/gazebo_world/bin'
[1.329s] INFO:colcon.colcon_core.shell:Creating package script '/mnt/e/UbuntuWSL/Perception-System/install/gazebo_world/share/gazebo_world/package.ps1'
[1.351s] INFO:colcon.colcon_core.shell:Creating package descriptor '/mnt/e/UbuntuWSL/Perception-System/install/gazebo_world/share/gazebo_world/package.dsv'
[1.356s] INFO:colcon.colcon_core.shell:Creating package script '/mnt/e/UbuntuWSL/Perception-System/install/gazebo_world/share/gazebo_world/package.sh'
[1.370s] INFO:colcon.colcon_core.shell:Creating package script '/mnt/e/UbuntuWSL/Perception-System/install/gazebo_world/share/gazebo_world/package.bash'
[1.375s] INFO:colcon.colcon_core.shell:Creating package script '/mnt/e/UbuntuWSL/Perception-System/install/gazebo_world/share/gazebo_world/package.zsh'
[1.384s] Level 1:colcon.colcon_core.environment:create_file_with_runtime_dependencies(/mnt/e/UbuntuWSL/Perception-System/install/gazebo_world/share/colcon-core/packages/gazebo_world)
[1.399s] Level 1:colcon.colcon_core.environment:create_environment_scripts_only(gazebo_world)
[1.400s] Level 1:colcon.colcon_core.environment:checking '/mnt/e/UbuntuWSL/Perception-System/install/gazebo_world' for CMake module files
[1.442s] Level 1:colcon.colcon_core.environment:checking '/mnt/e/UbuntuWSL/Perception-System/install/gazebo_world' for CMake config files
[1.476s] Level 1:colcon.colcon_core.shell:create_environment_hook('gazebo_world', 'cmake_prefix_path')
[1.476s] INFO:colcon.colcon_core.shell:Creating environment hook '/mnt/e/UbuntuWSL/Perception-System/install/gazebo_world/share/gazebo_world/hook/cmake_prefix_path.ps1'
[1.484s] INFO:colcon.colcon_core.shell:Creating environment descriptor '/mnt/e/UbuntuWSL/Perception-System/install/gazebo_world/share/gazebo_world/hook/cmake_prefix_path.dsv'
[1.492s] INFO:colcon.colcon_core.shell:Creating environment hook '/mnt/e/UbuntuWSL/Perception-System/install/gazebo_world/share/gazebo_world/hook/cmake_prefix_path.sh'
[1.500s] Level 1:colcon.colcon_core.environment:checking '/mnt/e/UbuntuWSL/Perception-System/install/gazebo_world/bin'
[1.501s] Level 1:colcon.colcon_core.environment:checking '/mnt/e/UbuntuWSL/Perception-System/install/gazebo_world/lib/pkgconfig/gazebo_world.pc'
[1.501s] Level 1:colcon.colcon_core.environment:checking '/mnt/e/UbuntuWSL/Perception-System/install/gazebo_world/lib/python3.10/site-packages'
[1.502s] Level 1:colcon.colcon_core.environment:checking '/mnt/e/UbuntuWSL/Perception-System/install/gazebo_world/bin'
[1.503s] INFO:colcon.colcon_core.shell:Creating package script '/mnt/e/UbuntuWSL/Perception-System/install/gazebo_world/share/gazebo_world/package.ps1'
[1.511s] INFO:colcon.colcon_core.shell:Creating package descriptor '/mnt/e/UbuntuWSL/Perception-System/install/gazebo_world/share/gazebo_world/package.dsv'
[1.517s] INFO:colcon.colcon_core.shell:Creating package script '/mnt/e/UbuntuWSL/Perception-System/install/gazebo_world/share/gazebo_world/package.sh'
[1.529s] INFO:colcon.colcon_core.shell:Creating package script '/mnt/e/UbuntuWSL/Perception-System/install/gazebo_world/share/gazebo_world/package.bash'
[1.535s] INFO:colcon.colcon_core.shell:Creating package script '/mnt/e/UbuntuWSL/Perception-System/install/gazebo_world/share/gazebo_world/package.zsh'
[1.543s] Level 1:colcon.colcon_core.environment:create_file_with_runtime_dependencies(/mnt/e/UbuntuWSL/Perception-System/install/gazebo_world/share/colcon-core/packages/gazebo_world)
[1.548s] Level 1:colcon.colcon_core.environment:create_environment_scripts_only(perception)
[1.548s] Level 1:colcon.colcon_core.environment:checking '/mnt/e/UbuntuWSL/Perception-System/install/perception' for CMake module files
[1.555s] DEBUG:colcon.colcon_core.event_handler.log_command:Invoked command in '/mnt/e/UbuntuWSL/Perception-System/build/perception' returned '0': CMAKE_PREFIX_PATH=${CMAKE_PREFIX_PATH}:/opt/ros/humble /usr/bin/cmake --install /mnt/e/UbuntuWSL/Perception-System/build/perception
[1.594s] Level 1:colcon.colcon_core.environment:checking '/mnt/e/UbuntuWSL/Perception-System/install/perception' for CMake config files
[1.624s] Level 1:colcon.colcon_core.shell:create_environment_hook('perception', 'cmake_prefix_path')
[1.624s] INFO:colcon.colcon_core.shell:Creating environment hook '/mnt/e/UbuntuWSL/Perception-System/install/perception/share/perception/hook/cmake_prefix_path.ps1'
[1.631s] INFO:colcon.colcon_core.shell:Creating environment descriptor '/mnt/e/UbuntuWSL/Perception-System/install/perception/share/perception/hook/cmake_prefix_path.dsv'
[1.638s] INFO:colcon.colcon_core.shell:Creating environment hook '/mnt/e/UbuntuWSL/Perception-System/install/perception/share/perception/hook/cmake_prefix_path.sh'
[1.646s] Level 1:colcon.colcon_core.environment:checking '/mnt/e/UbuntuWSL/Perception-System/install/perception/bin'
[1.647s] Level 1:colcon.colcon_core.environment:checking '/mnt/e/UbuntuWSL/Perception-System/install/perception/lib/pkgconfig/perception.pc'
[1.647s] Level 1:colcon.colcon_core.environment:checking '/mnt/e/UbuntuWSL/Perception-System/install/perception/lib/python3.10/site-packages'
[1.648s] Level 1:colcon.colcon_core.environment:checking '/mnt/e/UbuntuWSL/Perception-System/install/perception/bin'
[1.649s] INFO:colcon.colcon_core.shell:Creating package script '/mnt/e/UbuntuWSL/Perception-System/install/perception/share/perception/package.ps1'
[1.655s] INFO:colcon.colcon_core.shell:Creating package descriptor '/mnt/e/UbuntuWSL/Perception-System/install/perception/share/perception/package.dsv'
[1.663s] INFO:colcon.colcon_core.shell:Creating package script '/mnt/e/UbuntuWSL/Perception-System/install/perception/share/perception/package.sh'
[1.670s] INFO:colcon.colcon_core.shell:Creating package script '/mnt/e/UbuntuWSL/Perception-System/install/perception/share/perception/package.bash'
[1.678s] INFO:colcon.colcon_core.shell:Creating package script '/mnt/e/UbuntuWSL/Perception-System/install/perception/share/perception/package.zsh'
[1.684s] Level 1:colcon.colcon_core.environment:create_file_with_runtime_dependencies(/mnt/e/UbuntuWSL/Perception-System/install/perception/share/colcon-core/packages/perception)
[1.696s] Level 1:colcon.colcon_core.environment:create_environment_scripts_only(perception)
[1.697s] Level 1:colcon.colcon_core.environment:checking '/mnt/e/UbuntuWSL/Perception-System/install/perception' for CMake module files
[1.733s] Level 1:colcon.colcon_core.environment:checking '/mnt/e/UbuntuWSL/Perception-System/install/perception' for CMake config files
[1.781s] Level 1:colcon.colcon_core.shell:create_environment_hook('perception', 'cmake_prefix_path')
[1.781s] INFO:colcon.colcon_core.shell:Creating environment hook '/mnt/e/UbuntuWSL/Perception-System/install/perception/share/perception/hook/cmake_prefix_path.ps1'
[1.792s] INFO:colcon.colcon_core.shell:Creating environment descriptor '/mnt/e/UbuntuWSL/Perception-System/install/perception/share/perception/hook/cmake_prefix_path.dsv'
[1.801s] INFO:colcon.colcon_core.shell:Creating environment hook '/mnt/e/UbuntuWSL/Perception-System/install/perception/share/perception/hook/cmake_prefix_path.sh'
[1.812s] Level 1:colcon.colcon_core.environment:checking '/mnt/e/UbuntuWSL/Perception-System/install/perception/bin'
[1.813s] Level 1:colcon.colcon_core.environment:checking '/mnt/e/UbuntuWSL/Perception-System/install/perception/lib/pkgconfig/perception.pc'
[1.814s] Level 1:colcon.colcon_core.environment:checking '/mnt/e/UbuntuWSL/Perception-System/install/perception/lib/python3.10/site-packages'
[1.815s] Level 1:colcon.colcon_core.environment:checking '/mnt/e/UbuntuWSL/Perception-System/install/perception/bin'
[1.816s] INFO:colcon.colcon_core.shell:Creating package script '/mnt/e/UbuntuWSL/Perception-System/install/perception/share/perception/package.ps1'
[1.824s] INFO:colcon.colcon_core.shell:Creating package descriptor '/mnt/e/UbuntuWSL/Perception-System/install/perception/share/perception/package.dsv'
[1.833s] INFO:colcon.colcon_core.shell:Creating package script '/mnt/e/UbuntuWSL/Perception-System/install/perception/share/perception/package.sh'
[1.841s] INFO:colcon.colcon_core.shell:Creating package script '/mnt/e/UbuntuWSL/Perception-System/install/perception/share/perception/package.bash'
[1.851s] INFO:colcon.colcon_core.shell:Creating package script '/mnt/e/UbuntuWSL/Perception-System/install/perception/share/perception/package.zsh'
[1.860s] Level 1:colcon.colcon_core.environment:create_file_with_runtime_dependencies(/mnt/e/UbuntuWSL/Perception-System/install/perception/share/colcon-core/packages/perception)
[1.868s] Level 1:colcon.colcon_core.environment:create_environment_scripts_only(sensors)
[1.868s] Level 1:colcon.colcon_core.environment:checking '/mnt/e/UbuntuWSL/Perception-System/install/sensors' for CMake module files
[1.876s] DEBUG:colcon.colcon_core.event_handler.log_command:Invoked command in '/mnt/e/UbuntuWSL/Perception-System/build/sensors' returned '0': CMAKE_PREFIX_PATH=${CMAKE_PREFIX_PATH}:/opt/ros/humble /usr/bin/cmake --install /mnt/e/UbuntuWSL/Perception-System/build/sensors
[1.920s] Level 1:colcon.colcon_core.environment:checking '/mnt/e/UbuntuWSL/Perception-System/install/sensors' for CMake config files
[1.954s] Level 1:colcon.colcon_core.shell:create_environment_hook('sensors', 'cmake_prefix_path')
[1.955s] INFO:colcon.colcon_core.shell:Creating environment hook '/mnt/e/UbuntuWSL/Perception-System/install/sensors/share/sensors/hook/cmake_prefix_path.ps1'
[1.963s] INFO:colcon.colcon_core.shell:Creating environment descriptor '/mnt/e/UbuntuWSL/Perception-System/install/sensors/share/sensors/hook/cmake_prefix_path.dsv'
[1.973s] INFO:colcon.colcon_core.shell:Creating environment hook '/mnt/e/UbuntuWSL/Perception-System/install/sensors/share/sensors/hook/cmake_prefix_path.sh'
[1.985s] Level 1:colcon.colcon_core.environment:checking '/mnt/e/UbuntuWSL/Perception-System/install/sensors/bin'
[1.985s] Level 1:colcon.colcon_core.environment:checking '/mnt/e/UbuntuWSL/Perception-System/install/sensors/lib/pkgconfig/sensors.pc'
[1.987s] Level 1:colcon.colcon_core.environment:checking '/mnt/e/UbuntuWSL/Perception-System/install/sensors/lib/python3.10/site-packages'
[1.988s] Level 1:colcon.colcon_core.environment:checking '/mnt/e/UbuntuWSL/Perception-System/install/sensors/bin'
[1.989s] INFO:colcon.colcon_core.shell:Creating package script '/mnt/e/UbuntuWSL/Perception-System/install/sensors/share/sensors/package.ps1'
[1.995s] INFO:colcon.colcon_core.shell:Creating package descriptor '/mnt/e/UbuntuWSL/Perception-System/install/sensors/share/sensors/package.dsv'
[2.000s] INFO:colcon.colcon_core.shell:Creating package script '/mnt/e/UbuntuWSL/Perception-System/install/sensors/share/sensors/package.sh'
[2.007s] INFO:colcon.colcon_core.shell:Creating package script '/mnt/e/UbuntuWSL/Perception-System/install/sensors/share/sensors/package.bash'
[2.012s] INFO:colcon.colcon_core.shell:Creating package script '/mnt/e/UbuntuWSL/Perception-System/install/sensors/share/sensors/package.zsh'
[2.019s] Level 1:colcon.colcon_core.environment:create_file_with_runtime_dependencies(/mnt/e/UbuntuWSL/Perception-System/install/sensors/share/colcon-core/packages/sensors)
[2.030s] Level 1:colcon.colcon_core.environment:create_environment_scripts_only(sensors)
[2.030s] Level 1:colcon.colcon_core.environment:checking '/mnt/e/UbuntuWSL/Perception-System/install/sensors' for CMake module files
[2.072s] Level 1:colcon.colcon_core.environment:checking '/mnt/e/UbuntuWSL/Perception-System/install/sensors' for CMake config files
[2.100s] Level 1:colcon.colcon_core.shell:create_environment_hook('sensors', 'cmake_prefix_path')
[2.101s] INFO:colcon.colcon_core.shell:Creating environment hook '/mnt/e/UbuntuWSL/Perception-System/install/sensors/share/sensors/hook/cmake_prefix_path.ps1'
[2.107s] INFO:colcon.colcon_core.shell:Creating environment descriptor '/mnt/e/UbuntuWSL/Perception-System/install/sensors/share/sensors/hook/cmake_prefix_path.dsv'
[2.118s] INFO:colcon.colcon_core.shell:Creating environment hook '/mnt/e/UbuntuWSL/Perception-System/install/sensors/share/sensors/hook/cmake_prefix_path.sh'
[2.126s] Level 1:colcon.colcon_core.environment:checking '/mnt/e/UbuntuWSL/Perception-System/install/sensors/bin'
[2.127s] Level 1:colcon.colcon_core.environment:checking '/mnt/e/UbuntuWSL/Perception-System/install/sensors/lib/pkgconfig/sensors.pc'
[2.128s] Level 1:colcon.colcon_core.environment:checking '/mnt/e/UbuntuWSL/Perception-System/install/sensors/lib/python3.10/site-packages'
[2.129s] Level 1:colcon.colcon_core.environment:checking '/mnt/e/UbuntuWSL/Perception-System/install/sensors/bin'
[2.129s] INFO:colcon.colcon_core.shell:Creating package script '/mnt/e/UbuntuWSL/Perception-System/install/sensors/share/sensors/package.ps1'
[2.135s] INFO:colcon.colcon_core.shell:Creating package descriptor '/mnt/e/UbuntuWSL/Perception-System/install/sensors/share/sensors/package.dsv'
[2.144s] INFO:colcon.colcon_core.shell:Creating package script '/mnt/e/UbuntuWSL/Perception-System/install/sensors/share/sensors/package.sh'
[2.150s] INFO:colcon.colcon_core.shell:Creating package script '/mnt/e/UbuntuWSL/Perception-System/install/sensors/share/sensors/package.bash'
[2.158s] INFO:colcon.colcon_core.shell:Creating package script '/mnt/e/UbuntuWSL/Perception-System/install/sensors/share/sensors/package.zsh'
[2.166s] Level 1:colcon.colcon_core.environment:create_file_with_runtime_dependencies(/mnt/e/UbuntuWSL/Perception-System/install/sensors/share/colcon-core/packages/sensors)
[2.171s] Level 1:colcon.colcon_core.environment:create_environment_scripts_only(vehicle_description)
[2.171s] Level 1:colcon.colcon_core.environment:checking '/mnt/e/UbuntuWSL/Perception-System/install/vehicle_description' for CMake module files
[2.177s] DEBUG:colcon.colcon_core.event_handler.log_command:Invoked command in '/mnt/e/UbuntuWSL/Perception-System/build/vehicle_description' returned '0': CMAKE_PREFIX_PATH=${CMAKE_PREFIX_PATH}:/opt/ros/humble /usr/bin/cmake --install /mnt/e/UbuntuWSL/Perception-System/build/vehicle_description
[2.215s] Level 1:colcon.colcon_core.environment:checking '/mnt/e/UbuntuWSL/Perception-System/install/vehicle_description' for CMake config files
[2.242s] Level 1:colcon.colcon_core.shell:create_environment_hook('vehicle_description', 'cmake_prefix_path')
[2.243s] INFO:colcon.colcon_core.shell:Creating environment hook '/mnt/e/UbuntuWSL/Perception-System/install/vehicle_description/share/vehicle_description/hook/cmake_prefix_path.ps1'
[2.251s] INFO:colcon.colcon_core.shell:Creating environment descriptor '/mnt/e/UbuntuWSL/Perception-System/install/vehicle_description/share/vehicle_description/hook/cmake_prefix_path.dsv'
[2.257s] INFO:colcon.colcon_core.shell:Creating environment hook '/mnt/e/UbuntuWSL/Perception-System/install/vehicle_description/share/vehicle_description/hook/cmake_prefix_path.sh'
[2.270s] Level 1:colcon.colcon_core.environment:checking '/mnt/e/UbuntuWSL/Perception-System/install/vehicle_description/bin'
[2.271s] Level 1:colcon.colcon_core.environment:checking '/mnt/e/UbuntuWSL/Perception-System/install/vehicle_description/lib/pkgconfig/vehicle_description.pc'
[2.272s] Level 1:colcon.colcon_core.environment:checking '/mnt/e/UbuntuWSL/Perception-System/install/vehicle_description/lib/python3.10/site-packages'
[2.273s] Level 1:colcon.colcon_core.environment:checking '/mnt/e/UbuntuWSL/Perception-System/install/vehicle_description/bin'
[2.274s] INFO:colcon.colcon_core.shell:Creating package script '/mnt/e/UbuntuWSL/Perception-System/install/vehicle_description/share/vehicle_description/package.ps1'
[2.282s] INFO:colcon.colcon_core.shell:Creating package descriptor '/mnt/e/UbuntuWSL/Perception-System/install/vehicle_description/share/vehicle_description/package.dsv'
[2.291s] INFO:colcon.colcon_core.shell:Creating package script '/mnt/e/UbuntuWSL/Perception-System/install/vehicle_description/share/vehicle_description/package.sh'
[2.302s] INFO:colcon.colcon_core.shell:Creating package script '/mnt/e/UbuntuWSL/Perception-System/install/vehicle_description/share/vehicle_description/package.bash'
[2.309s] INFO:colcon.colcon_core.shell:Creating package script '/mnt/e/UbuntuWSL/Perception-System/install/vehicle_description/share/vehicle_description/package.zsh'
[2.316s] Level 1:colcon.colcon_core.environment:create_file_with_runtime_dependencies(/mnt/e/UbuntuWSL/Perception-System/install/vehicle_description/share/colcon-core/packages/vehicle_description)
[2.331s] Level 1:colcon.colcon_core.environment:create_environment_scripts_only(vehicle_description)
[2.331s] Level 1:colcon.colcon_core.environment:checking '/mnt/e/UbuntuWSL/Perception-System/install/vehicle_description' for CMake module files
[2.378s] Level 1:colcon.colcon_core.environment:checking '/mnt/e/UbuntuWSL/Perception-System/install/vehicle_description' for CMake config files
[2.411s] Level 1:colcon.colcon_core.shell:create_environment_hook('vehicle_description', 'cmake_prefix_path')
[2.412s] INFO:colcon.colcon_core.shell:Creating environment hook '/mnt/e/UbuntuWSL/Perception-System/install/vehicle_description/share/vehicle_description/hook/cmake_prefix_path.ps1'
[2.418s] INFO:colcon.colcon_core.shell:Creating environment descriptor '/mnt/e/UbuntuWSL/Perception-System/install/vehicle_description/share/vehicle_description/hook/cmake_prefix_path.dsv'
[2.425s] INFO:colcon.colcon_core.shell:Creating environment hook '/mnt/e/UbuntuWSL/Perception-System/install/vehicle_description/share/vehicle_description/hook/cmake_prefix_path.sh'
[2.433s] Level 1:colcon.colcon_core.environment:checking '/mnt/e/UbuntuWSL/Perception-System/install/vehicle_description/bin'
[2.434s] Level 1:colcon.colcon_core.environment:checking '/mnt/e/UbuntuWSL/Perception-System/install/vehicle_description/lib/pkgconfig/vehicle_description.pc'
[2.435s] Level 1:colcon.colcon_core.environment:checking '/mnt/e/UbuntuWSL/Perception-System/install/vehicle_description/lib/python3.10/site-packages'
[2.435s] Level 1:colcon.colcon_core.environment:checking '/mnt/e/UbuntuWSL/Perception-System/install/vehicle_description/bin'
[2.436s] INFO:colcon.colcon_core.shell:Creating package script '/mnt/e/UbuntuWSL/Perception-System/install/vehicle_description/share/vehicle_description/package.ps1'
[2.444s] INFO:colcon.colcon_core.shell:Creating package descriptor '/mnt/e/UbuntuWSL/Perception-System/install/vehicle_description/share/vehicle_description/package.dsv'
[2.449s] INFO:colcon.colcon_core.shell:Creating package script '/mnt/e/UbuntuWSL/Perception-System/install/vehicle_description/share/vehicle_description/package.sh'
[2.456s] INFO:colcon.colcon_core.shell:Creating package script '/mnt/e/UbuntuWSL/Perception-System/install/vehicle_description/share/vehicle_description/package.bash'
[2.462s] INFO:colcon.colcon_core.shell:Creating package script '/mnt/e/UbuntuWSL/Perception-System/install/vehicle_description/share/vehicle_description/package.zsh'
[2.469s] Level 1:colcon.colcon_core.environment:create_file_with_runtime_dependencies(/mnt/e/UbuntuWSL/Perception-System/install/vehicle_description/share/colcon-core/packages/vehicle_description)
[2.473s] DEBUG:colcon.colcon_parallel_executor.executor.parallel:closing loop
[2.474s] DEBUG:colcon.colcon_parallel_executor.executor.parallel:loop closed
[2.474s] DEBUG:colcon.colcon_parallel_executor.executor.parallel:run_until_complete finished with '0'
[2.474s] DEBUG:colcon.colcon_core.event_reactor:joining thread
[2.527s] INFO:colcon.colcon_core.plugin_system:Skipping extension 'colcon_notification.desktop_notification.notify_send': Could not find 'notify-send'
[2.527s] INFO:colcon.colcon_core.plugin_system:Skipping extension 'colcon_notification.desktop_notification.terminal_notifier': Not used on non-Darwin systems
[2.527s] INFO:colcon.colcon_core.plugin_system:Skipping extension 'colcon_notification.desktop_notification.win32': Not used on non-Windows systems
[2.527s] INFO:colcon.colcon_notification.desktop_notification:Sending desktop notification using 'notify2'
[2.527s] DEBUG:colcon.colcon_notification.desktop_notification.notify2:Failed to initialize notify2: org.freedesktop.DBus.Error.FileNotFound: Failed to connect to socket /run/user/1000/bus: No such file or directory
[2.527s] DEBUG:colcon.colcon_core.event_reactor:joined thread
[2.528s] INFO:colcon.colcon_core.shell:Creating prefix script '/mnt/e/UbuntuWSL/Perception-System/install/local_setup.ps1'
[2.531s] INFO:colcon.colcon_core.shell:Creating prefix util module '/mnt/e/UbuntuWSL/Perception-System/install/_local_setup_util_ps1.py'
[2.535s] INFO:colcon.colcon_core.shell:Creating prefix chain script '/mnt/e/UbuntuWSL/Perception-System/install/setup.ps1'
[2.554s] INFO:colcon.colcon_core.shell:Creating prefix script '/mnt/e/UbuntuWSL/Perception-System/install/local_setup.sh'
[2.557s] INFO:colcon.colcon_core.shell:Creating prefix util module '/mnt/e/UbuntuWSL/Perception-System/install/_local_setup_util_sh.py'
[2.559s] INFO:colcon.colcon_core.shell:Creating prefix chain script '/mnt/e/UbuntuWSL/Perception-System/install/setup.sh'
[2.584s] INFO:colcon.colcon_core.shell:Creating prefix script '/mnt/e/UbuntuWSL/Perception-System/install/local_setup.bash'
[2.587s] INFO:colcon.colcon_core.shell:Creating prefix chain script '/mnt/e/UbuntuWSL/Perception-System/install/setup.bash'
[2.614s] INFO:colcon.colcon_core.shell:Creating prefix script '/mnt/e/UbuntuWSL/Perception-System/install/local_setup.zsh'
[2.617s] INFO:colcon.colcon_core.shell:Creating prefix chain script '/mnt/e/UbuntuWSL/Perception-System/install/setup.zsh'
