[0.269s] DEBUG:colcon:Command line arguments: ['/usr/bin/colcon', 'build', '--packages-select', 'vehicle_description']
[0.269s] DEBUG:colcon:Parsed command line arguments: Namespace(log_base=None, log_level=None, verb_name='build', build_base='build', install_base='install', merge_install=False, symlink_install=False, test_result_base=None, continue_on_error=False, executor='parallel', parallel_workers=16, event_handlers=None, ignore_user_meta=False, metas=['./colcon.meta'], base_paths=['.'], packages_ignore=None, packages_ignore_regex=None, paths=None, packages_up_to=None, packages_up_to_regex=None, packages_above=None, packages_above_and_dependencies=None, packages_above_depth=None, packages_select_by_dep=None, packages_skip_by_dep=None, packages_skip_up_to=None, packages_select_build_failed=False, packages_skip_build_finished=False, packages_select_test_failures=False, packages_skip_test_passed=False, packages_select=['vehicle_description'], packages_skip=None, packages_select_regex=None, packages_skip_regex=None, packages_start=None, packages_end=None, allow_overriding=[], cmake_args=None, cmake_target=None, cmake_target_skip_unavailable=False, cmake_clean_cache=False, cmake_clean_first=False, cmake_force_configure=False, ament_cmake_args=None, catkin_cmake_args=None, catkin_skip_building_tests=False, verb_parser=<colcon_defaults.argument_parser.defaults.DefaultArgumentsDecorator object at 0x7440f2e2b2b0>, verb_extension=<colcon_core.verb.build.BuildVerb object at 0x7440f2e2ace0>, main=<bound method BuildVerb.main of <colcon_core.verb.build.BuildVerb object at 0x7440f2e2ace0>>)
[0.461s] Level 1:colcon.colcon_core.package_discovery:discover_packages(colcon_meta) check parameters
[0.462s] Level 1:colcon.colcon_core.package_discovery:discover_packages(recursive) check parameters
[0.463s] Level 1:colcon.colcon_core.package_discovery:discover_packages(ignore) check parameters
[0.464s] Level 1:colcon.colcon_core.package_discovery:discover_packages(path) check parameters
[0.464s] Level 1:colcon.colcon_core.package_discovery:discover_packages(colcon_meta) discover
[0.464s] Level 1:colcon.colcon_core.package_discovery:discover_packages(recursive) discover
[0.464s] INFO:colcon.colcon_core.package_discovery:Crawling recursively for packages in '/mnt/e/UbuntuWSL/Perception-System'
[0.465s] Level 1:colcon.colcon_core.package_identification:_identify(.) by extensions ['ignore', 'ignore_ament_install']
[0.465s] Level 1:colcon.colcon_core.package_identification:_identify(.) by extension 'ignore'
[0.466s] Level 1:colcon.colcon_core.package_identification:_identify(.) by extension 'ignore_ament_install'
[0.466s] Level 1:colcon.colcon_core.package_identification:_identify(.) by extensions ['colcon_pkg']
[0.466s] Level 1:colcon.colcon_core.package_identification:_identify(.) by extension 'colcon_pkg'
[0.467s] Level 1:colcon.colcon_core.package_identification:_identify(.) by extensions ['colcon_meta']
[0.467s] Level 1:colcon.colcon_core.package_identification:_identify(.) by extension 'colcon_meta'
[0.467s] Level 1:colcon.colcon_core.package_identification:_identify(.) by extensions ['ros']
[0.467s] Level 1:colcon.colcon_core.package_identification:_identify(.) by extension 'ros'
[0.479s] Level 1:colcon.colcon_core.package_identification:_identify(.) by extensions ['cmake', 'python']
[0.479s] Level 1:colcon.colcon_core.package_identification:_identify(.) by extension 'cmake'
[0.479s] Level 1:colcon.colcon_core.package_identification:_identify(.) by extension 'python'
[0.479s] Level 1:colcon.colcon_core.package_identification:_identify(.) by extensions ['python_setup_py']
[0.479s] Level 1:colcon.colcon_core.package_identification:_identify(.) by extension 'python_setup_py'
[0.481s] Level 1:colcon.colcon_core.package_identification:_identify(build) by extensions ['ignore', 'ignore_ament_install']
[0.481s] Level 1:colcon.colcon_core.package_identification:_identify(build) by extension 'ignore'
[0.482s] Level 1:colcon.colcon_core.package_identification:_identify(build) ignored
[0.483s] Level 1:colcon.colcon_core.package_identification:_identify(install) by extensions ['ignore', 'ignore_ament_install']
[0.483s] Level 1:colcon.colcon_core.package_identification:_identify(install) by extension 'ignore'
[0.484s] Level 1:colcon.colcon_core.package_identification:_identify(install) ignored
[0.486s] Level 1:colcon.colcon_core.package_identification:_identify(log) by extensions ['ignore', 'ignore_ament_install']
[0.486s] Level 1:colcon.colcon_core.package_identification:_identify(log) by extension 'ignore'
[0.486s] Level 1:colcon.colcon_core.package_identification:_identify(log) ignored
[0.488s] Level 1:colcon.colcon_core.package_identification:_identify(src) by extensions ['ignore', 'ignore_ament_install']
[0.488s] Level 1:colcon.colcon_core.package_identification:_identify(src) by extension 'ignore'
[0.489s] Level 1:colcon.colcon_core.package_identification:_identify(src) by extension 'ignore_ament_install'
[0.492s] Level 1:colcon.colcon_core.package_identification:_identify(src) by extensions ['colcon_pkg']
[0.493s] Level 1:colcon.colcon_core.package_identification:_identify(src) by extension 'colcon_pkg'
[0.493s] Level 1:colcon.colcon_core.package_identification:_identify(src) by extensions ['colcon_meta']
[0.494s] Level 1:colcon.colcon_core.package_identification:_identify(src) by extension 'colcon_meta'
[0.494s] Level 1:colcon.colcon_core.package_identification:_identify(src) by extensions ['ros']
[0.495s] Level 1:colcon.colcon_core.package_identification:_identify(src) by extension 'ros'
[0.497s] Level 1:colcon.colcon_core.package_identification:_identify(src) by extensions ['cmake', 'python']
[0.497s] Level 1:colcon.colcon_core.package_identification:_identify(src) by extension 'cmake'
[0.497s] Level 1:colcon.colcon_core.package_identification:_identify(src) by extension 'python'
[0.497s] Level 1:colcon.colcon_core.package_identification:_identify(src) by extensions ['python_setup_py']
[0.498s] Level 1:colcon.colcon_core.package_identification:_identify(src) by extension 'python_setup_py'
[0.500s] Level 1:colcon.colcon_core.package_identification:_identify(src/gazebo_world) by extensions ['ignore', 'ignore_ament_install']
[0.500s] Level 1:colcon.colcon_core.package_identification:_identify(src/gazebo_world) by extension 'ignore'
[0.501s] Level 1:colcon.colcon_core.package_identification:_identify(src/gazebo_world) by extension 'ignore_ament_install'
[0.501s] Level 1:colcon.colcon_core.package_identification:_identify(src/gazebo_world) by extensions ['colcon_pkg']
[0.502s] Level 1:colcon.colcon_core.package_identification:_identify(src/gazebo_world) by extension 'colcon_pkg'
[0.502s] Level 1:colcon.colcon_core.package_identification:_identify(src/gazebo_world) by extensions ['colcon_meta']
[0.502s] Level 1:colcon.colcon_core.package_identification:_identify(src/gazebo_world) by extension 'colcon_meta'
[0.503s] Level 1:colcon.colcon_core.package_identification:_identify(src/gazebo_world) by extensions ['ros']
[0.503s] Level 1:colcon.colcon_core.package_identification:_identify(src/gazebo_world) by extension 'ros'
[0.511s] DEBUG:colcon.colcon_core.package_identification:Package 'src/gazebo_world' with type 'ros.ament_cmake' and name 'gazebo_world'
[0.513s] Level 1:colcon.colcon_core.package_identification:_identify(src/launch) by extensions ['ignore', 'ignore_ament_install']
[0.513s] Level 1:colcon.colcon_core.package_identification:_identify(src/launch) by extension 'ignore'
[0.513s] Level 1:colcon.colcon_core.package_identification:_identify(src/launch) by extension 'ignore_ament_install'
[0.515s] Level 1:colcon.colcon_core.package_identification:_identify(src/launch) by extensions ['colcon_pkg']
[0.515s] Level 1:colcon.colcon_core.package_identification:_identify(src/launch) by extension 'colcon_pkg'
[0.515s] Level 1:colcon.colcon_core.package_identification:_identify(src/launch) by extensions ['colcon_meta']
[0.515s] Level 1:colcon.colcon_core.package_identification:_identify(src/launch) by extension 'colcon_meta'
[0.516s] Level 1:colcon.colcon_core.package_identification:_identify(src/launch) by extensions ['ros']
[0.516s] Level 1:colcon.colcon_core.package_identification:_identify(src/launch) by extension 'ros'
[0.519s] Level 1:colcon.colcon_core.package_identification:_identify(src/launch) by extensions ['cmake', 'python']
[0.519s] Level 1:colcon.colcon_core.package_identification:_identify(src/launch) by extension 'cmake'
[0.519s] Level 1:colcon.colcon_core.package_identification:_identify(src/launch) by extension 'python'
[0.520s] Level 1:colcon.colcon_core.package_identification:_identify(src/launch) by extensions ['python_setup_py']
[0.520s] Level 1:colcon.colcon_core.package_identification:_identify(src/launch) by extension 'python_setup_py'
[0.522s] Level 1:colcon.colcon_core.package_identification:_identify(src/perception) by extensions ['ignore', 'ignore_ament_install']
[0.523s] Level 1:colcon.colcon_core.package_identification:_identify(src/perception) by extension 'ignore'
[0.523s] Level 1:colcon.colcon_core.package_identification:_identify(src/perception) by extension 'ignore_ament_install'
[0.528s] Level 1:colcon.colcon_core.package_identification:_identify(src/perception) by extensions ['colcon_pkg']
[0.529s] Level 1:colcon.colcon_core.package_identification:_identify(src/perception) by extension 'colcon_pkg'
[0.531s] Level 1:colcon.colcon_core.package_identification:_identify(src/perception) by extensions ['colcon_meta']
[0.531s] Level 1:colcon.colcon_core.package_identification:_identify(src/perception) by extension 'colcon_meta'
[0.532s] Level 1:colcon.colcon_core.package_identification:_identify(src/perception) by extensions ['ros']
[0.532s] Level 1:colcon.colcon_core.package_identification:_identify(src/perception) by extension 'ros'
[0.543s] DEBUG:colcon.colcon_core.package_identification:Package 'src/perception' with type 'ros.ament_cmake' and name 'perception'
[0.545s] Level 1:colcon.colcon_core.package_identification:_identify(src/sensors) by extensions ['ignore', 'ignore_ament_install']
[0.545s] Level 1:colcon.colcon_core.package_identification:_identify(src/sensors) by extension 'ignore'
[0.546s] Level 1:colcon.colcon_core.package_identification:_identify(src/sensors) by extension 'ignore_ament_install'
[0.547s] Level 1:colcon.colcon_core.package_identification:_identify(src/sensors) by extensions ['colcon_pkg']
[0.547s] Level 1:colcon.colcon_core.package_identification:_identify(src/sensors) by extension 'colcon_pkg'
[0.548s] Level 1:colcon.colcon_core.package_identification:_identify(src/sensors) by extensions ['colcon_meta']
[0.548s] Level 1:colcon.colcon_core.package_identification:_identify(src/sensors) by extension 'colcon_meta'
[0.549s] Level 1:colcon.colcon_core.package_identification:_identify(src/sensors) by extensions ['ros']
[0.549s] Level 1:colcon.colcon_core.package_identification:_identify(src/sensors) by extension 'ros'
[0.559s] DEBUG:colcon.colcon_core.package_identification:Package 'src/sensors' with type 'ros.ament_cmake' and name 'sensors'
[0.562s] Level 1:colcon.colcon_core.package_identification:_identify(src/utils) by extensions ['ignore', 'ignore_ament_install']
[0.563s] Level 1:colcon.colcon_core.package_identification:_identify(src/utils) by extension 'ignore'
[0.563s] Level 1:colcon.colcon_core.package_identification:_identify(src/utils) by extension 'ignore_ament_install'
[0.565s] Level 1:colcon.colcon_core.package_identification:_identify(src/utils) by extensions ['colcon_pkg']
[0.565s] Level 1:colcon.colcon_core.package_identification:_identify(src/utils) by extension 'colcon_pkg'
[0.565s] Level 1:colcon.colcon_core.package_identification:_identify(src/utils) by extensions ['colcon_meta']
[0.565s] Level 1:colcon.colcon_core.package_identification:_identify(src/utils) by extension 'colcon_meta'
[0.566s] Level 1:colcon.colcon_core.package_identification:_identify(src/utils) by extensions ['ros']
[0.567s] Level 1:colcon.colcon_core.package_identification:_identify(src/utils) by extension 'ros'
[0.569s] Level 1:colcon.colcon_core.package_identification:_identify(src/utils) by extensions ['cmake', 'python']
[0.569s] Level 1:colcon.colcon_core.package_identification:_identify(src/utils) by extension 'cmake'
[0.572s] Level 1:colcon.colcon_core.package_identification:_identify(src/utils) by extension 'python'
[0.576s] Level 1:colcon.colcon_core.package_identification:_identify(src/utils) by extensions ['python_setup_py']
[0.576s] Level 1:colcon.colcon_core.package_identification:_identify(src/utils) by extension 'python_setup_py'
[0.578s] Level 1:colcon.colcon_core.package_identification:_identify(src/vehicle_description) by extensions ['ignore', 'ignore_ament_install']
[0.578s] Level 1:colcon.colcon_core.package_identification:_identify(src/vehicle_description) by extension 'ignore'
[0.579s] Level 1:colcon.colcon_core.package_identification:_identify(src/vehicle_description) by extension 'ignore_ament_install'
[0.581s] Level 1:colcon.colcon_core.package_identification:_identify(src/vehicle_description) by extensions ['colcon_pkg']
[0.581s] Level 1:colcon.colcon_core.package_identification:_identify(src/vehicle_description) by extension 'colcon_pkg'
[0.581s] Level 1:colcon.colcon_core.package_identification:_identify(src/vehicle_description) by extensions ['colcon_meta']
[0.581s] Level 1:colcon.colcon_core.package_identification:_identify(src/vehicle_description) by extension 'colcon_meta'
[0.582s] Level 1:colcon.colcon_core.package_identification:_identify(src/vehicle_description) by extensions ['ros']
[0.582s] Level 1:colcon.colcon_core.package_identification:_identify(src/vehicle_description) by extension 'ros'
[0.588s] DEBUG:colcon.colcon_core.package_identification:Package 'src/vehicle_description' with type 'ros.ament_cmake' and name 'vehicle_description'
[0.588s] Level 1:colcon.colcon_core.package_discovery:discover_packages(recursive) using defaults
[0.588s] Level 1:colcon.colcon_core.package_discovery:discover_packages(ignore) discover
[0.588s] Level 1:colcon.colcon_core.package_discovery:discover_packages(ignore) using defaults
[0.588s] Level 1:colcon.colcon_core.package_discovery:discover_packages(path) discover
[0.588s] Level 1:colcon.colcon_core.package_discovery:discover_packages(path) using defaults
[0.628s] INFO:colcon.colcon_core.package_selection:Skipping not selected package 'gazebo_world' in 'src/gazebo_world'
[0.628s] INFO:colcon.colcon_core.package_selection:Skipping not selected package 'perception' in 'src/perception'
[0.630s] INFO:colcon.colcon_core.package_selection:Skipping not selected package 'sensors' in 'src/sensors'
[0.632s] Level 1:colcon.colcon_core.package_discovery:discover_packages(prefix_path) check parameters
[0.634s] Level 1:colcon.colcon_core.package_discovery:discover_packages(prefix_path) discover
[0.749s] DEBUG:colcon.colcon_installed_package_information.package_discovery:Found 4 installed packages in /mnt/e/UbuntuWSL/Perception-System/install
[0.751s] DEBUG:colcon.colcon_installed_package_information.package_discovery:Found 281 installed packages in /opt/ros/humble
[0.754s] Level 1:colcon.colcon_core.package_discovery:discover_packages(prefix_path) using defaults
[0.845s] Level 5:colcon.colcon_core.verb:set package 'vehicle_description' build argument 'cmake_args' from command line to 'None'
[0.846s] Level 5:colcon.colcon_core.verb:set package 'vehicle_description' build argument 'cmake_target' from command line to 'None'
[0.848s] Level 5:colcon.colcon_core.verb:set package 'vehicle_description' build argument 'cmake_target_skip_unavailable' from command line to 'False'
[0.850s] Level 5:colcon.colcon_core.verb:set package 'vehicle_description' build argument 'cmake_clean_cache' from command line to 'False'
[0.850s] Level 5:colcon.colcon_core.verb:set package 'vehicle_description' build argument 'cmake_clean_first' from command line to 'False'
[0.851s] Level 5:colcon.colcon_core.verb:set package 'vehicle_description' build argument 'cmake_force_configure' from command line to 'False'
[0.852s] Level 5:colcon.colcon_core.verb:set package 'vehicle_description' build argument 'ament_cmake_args' from command line to 'None'
[0.852s] Level 5:colcon.colcon_core.verb:set package 'vehicle_description' build argument 'catkin_cmake_args' from command line to 'None'
[0.852s] Level 5:colcon.colcon_core.verb:set package 'vehicle_description' build argument 'catkin_skip_building_tests' from command line to 'False'
[0.852s] DEBUG:colcon.colcon_core.verb:Building package 'vehicle_description' with the following arguments: {'ament_cmake_args': None, 'build_base': '/mnt/e/UbuntuWSL/Perception-System/build/vehicle_description', 'catkin_cmake_args': None, 'catkin_skip_building_tests': False, 'cmake_args': None, 'cmake_clean_cache': False, 'cmake_clean_first': False, 'cmake_force_configure': False, 'cmake_target': None, 'cmake_target_skip_unavailable': False, 'install_base': '/mnt/e/UbuntuWSL/Perception-System/install/vehicle_description', 'merge_install': False, 'path': '/mnt/e/UbuntuWSL/Perception-System/src/vehicle_description', 'symlink_install': False, 'test_result_base': None}
[0.852s] INFO:colcon.colcon_core.executor:Executing jobs using 'parallel' executor
[0.853s] DEBUG:colcon.colcon_parallel_executor.executor.parallel:run_until_complete
[0.853s] INFO:colcon.colcon_ros.task.ament_cmake.build:Building ROS package in '/mnt/e/UbuntuWSL/Perception-System/src/vehicle_description' with build type 'ament_cmake'
[0.854s] INFO:colcon.colcon_cmake.task.cmake.build:Building CMake package in '/mnt/e/UbuntuWSL/Perception-System/src/vehicle_description'
[0.858s] INFO:colcon.colcon_core.plugin_system:Skipping extension 'colcon_core.shell.bat': Not used on non-Windows systems
[0.858s] INFO:colcon.colcon_core.shell:Skip shell extension 'powershell' for command environment: Not usable outside of PowerShell
[0.858s] DEBUG:colcon.colcon_core.shell:Skip shell extension 'dsv' for command environment
[0.941s] DEBUG:colcon.colcon_core.event_handler.log_command:Invoking command in '/mnt/e/UbuntuWSL/Perception-System/build/vehicle_description': CMAKE_PREFIX_PATH=${CMAKE_PREFIX_PATH}:/opt/ros/humble /usr/bin/cmake --build /mnt/e/UbuntuWSL/Perception-System/build/vehicle_description -- -j16 -l16
[6.474s] DEBUG:colcon.colcon_core.event_handler.log_command:Invoked command in '/mnt/e/UbuntuWSL/Perception-System/build/vehicle_description' returned '0': CMAKE_PREFIX_PATH=${CMAKE_PREFIX_PATH}:/opt/ros/humble /usr/bin/cmake --build /mnt/e/UbuntuWSL/Perception-System/build/vehicle_description -- -j16 -l16
[6.493s] DEBUG:colcon.colcon_core.event_handler.log_command:Invoking command in '/mnt/e/UbuntuWSL/Perception-System/build/vehicle_description': CMAKE_PREFIX_PATH=${CMAKE_PREFIX_PATH}:/opt/ros/humble /usr/bin/cmake --install /mnt/e/UbuntuWSL/Perception-System/build/vehicle_description
[6.876s] Level 1:colcon.colcon_core.environment:create_environment_scripts_only(vehicle_description)
[6.878s] DEBUG:colcon.colcon_core.event_handler.log_command:Invoked command in '/mnt/e/UbuntuWSL/Perception-System/build/vehicle_description' returned '0': CMAKE_PREFIX_PATH=${CMAKE_PREFIX_PATH}:/opt/ros/humble /usr/bin/cmake --install /mnt/e/UbuntuWSL/Perception-System/build/vehicle_description
[6.882s] Level 1:colcon.colcon_core.environment:checking '/mnt/e/UbuntuWSL/Perception-System/install/vehicle_description' for CMake module files
[6.922s] Level 1:colcon.colcon_core.environment:checking '/mnt/e/UbuntuWSL/Perception-System/install/vehicle_description' for CMake config files
[6.959s] Level 1:colcon.colcon_core.shell:create_environment_hook('vehicle_description', 'cmake_prefix_path')
[6.959s] INFO:colcon.colcon_core.shell:Creating environment hook '/mnt/e/UbuntuWSL/Perception-System/install/vehicle_description/share/vehicle_description/hook/cmake_prefix_path.ps1'
[6.974s] INFO:colcon.colcon_core.shell:Creating environment descriptor '/mnt/e/UbuntuWSL/Perception-System/install/vehicle_description/share/vehicle_description/hook/cmake_prefix_path.dsv'
[6.992s] INFO:colcon.colcon_core.shell:Creating environment hook '/mnt/e/UbuntuWSL/Perception-System/install/vehicle_description/share/vehicle_description/hook/cmake_prefix_path.sh'
[7.010s] Level 1:colcon.colcon_core.environment:checking '/mnt/e/UbuntuWSL/Perception-System/install/vehicle_description/bin'
[7.011s] Level 1:colcon.colcon_core.environment:checking '/mnt/e/UbuntuWSL/Perception-System/install/vehicle_description/lib/pkgconfig/vehicle_description.pc'
[7.012s] Level 1:colcon.colcon_core.environment:checking '/mnt/e/UbuntuWSL/Perception-System/install/vehicle_description/lib/python3.10/site-packages'
[7.014s] Level 1:colcon.colcon_core.environment:checking '/mnt/e/UbuntuWSL/Perception-System/install/vehicle_description/bin'
[7.015s] INFO:colcon.colcon_core.shell:Creating package script '/mnt/e/UbuntuWSL/Perception-System/install/vehicle_description/share/vehicle_description/package.ps1'
[7.022s] INFO:colcon.colcon_core.shell:Creating package descriptor '/mnt/e/UbuntuWSL/Perception-System/install/vehicle_description/share/vehicle_description/package.dsv'
[7.033s] INFO:colcon.colcon_core.shell:Creating package script '/mnt/e/UbuntuWSL/Perception-System/install/vehicle_description/share/vehicle_description/package.sh'
[7.042s] INFO:colcon.colcon_core.shell:Creating package script '/mnt/e/UbuntuWSL/Perception-System/install/vehicle_description/share/vehicle_description/package.bash'
[7.049s] INFO:colcon.colcon_core.shell:Creating package script '/mnt/e/UbuntuWSL/Perception-System/install/vehicle_description/share/vehicle_description/package.zsh'
[7.064s] Level 1:colcon.colcon_core.environment:create_file_with_runtime_dependencies(/mnt/e/UbuntuWSL/Perception-System/install/vehicle_description/share/colcon-core/packages/vehicle_description)
[7.081s] Level 1:colcon.colcon_core.environment:create_environment_scripts_only(vehicle_description)
[7.081s] Level 1:colcon.colcon_core.environment:checking '/mnt/e/UbuntuWSL/Perception-System/install/vehicle_description' for CMake module files
[7.126s] Level 1:colcon.colcon_core.environment:checking '/mnt/e/UbuntuWSL/Perception-System/install/vehicle_description' for CMake config files
[7.153s] Level 1:colcon.colcon_core.shell:create_environment_hook('vehicle_description', 'cmake_prefix_path')
[7.154s] INFO:colcon.colcon_core.shell:Creating environment hook '/mnt/e/UbuntuWSL/Perception-System/install/vehicle_description/share/vehicle_description/hook/cmake_prefix_path.ps1'
[7.164s] INFO:colcon.colcon_core.shell:Creating environment descriptor '/mnt/e/UbuntuWSL/Perception-System/install/vehicle_description/share/vehicle_description/hook/cmake_prefix_path.dsv'
[7.173s] INFO:colcon.colcon_core.shell:Creating environment hook '/mnt/e/UbuntuWSL/Perception-System/install/vehicle_description/share/vehicle_description/hook/cmake_prefix_path.sh'
[7.189s] Level 1:colcon.colcon_core.environment:checking '/mnt/e/UbuntuWSL/Perception-System/install/vehicle_description/bin'
[7.189s] Level 1:colcon.colcon_core.environment:checking '/mnt/e/UbuntuWSL/Perception-System/install/vehicle_description/lib/pkgconfig/vehicle_description.pc'
[7.192s] Level 1:colcon.colcon_core.environment:checking '/mnt/e/UbuntuWSL/Perception-System/install/vehicle_description/lib/python3.10/site-packages'
[7.192s] Level 1:colcon.colcon_core.environment:checking '/mnt/e/UbuntuWSL/Perception-System/install/vehicle_description/bin'
[7.193s] INFO:colcon.colcon_core.shell:Creating package script '/mnt/e/UbuntuWSL/Perception-System/install/vehicle_description/share/vehicle_description/package.ps1'
[7.201s] INFO:colcon.colcon_core.shell:Creating package descriptor '/mnt/e/UbuntuWSL/Perception-System/install/vehicle_description/share/vehicle_description/package.dsv'
[7.210s] INFO:colcon.colcon_core.shell:Creating package script '/mnt/e/UbuntuWSL/Perception-System/install/vehicle_description/share/vehicle_description/package.sh'
[7.216s] INFO:colcon.colcon_core.shell:Creating package script '/mnt/e/UbuntuWSL/Perception-System/install/vehicle_description/share/vehicle_description/package.bash'
[7.227s] INFO:colcon.colcon_core.shell:Creating package script '/mnt/e/UbuntuWSL/Perception-System/install/vehicle_description/share/vehicle_description/package.zsh'
[7.232s] Level 1:colcon.colcon_core.environment:create_file_with_runtime_dependencies(/mnt/e/UbuntuWSL/Perception-System/install/vehicle_description/share/colcon-core/packages/vehicle_description)
[7.243s] DEBUG:colcon.colcon_parallel_executor.executor.parallel:closing loop
[7.244s] DEBUG:colcon.colcon_parallel_executor.executor.parallel:loop closed
[7.244s] DEBUG:colcon.colcon_parallel_executor.executor.parallel:run_until_complete finished with '0'
[7.246s] DEBUG:colcon.colcon_core.event_reactor:joining thread
[7.323s] INFO:colcon.colcon_core.plugin_system:Skipping extension 'colcon_notification.desktop_notification.notify_send': Could not find 'notify-send'
[7.323s] INFO:colcon.colcon_core.plugin_system:Skipping extension 'colcon_notification.desktop_notification.terminal_notifier': Not used on non-Darwin systems
[7.323s] INFO:colcon.colcon_core.plugin_system:Skipping extension 'colcon_notification.desktop_notification.win32': Not used on non-Windows systems
[7.323s] INFO:colcon.colcon_notification.desktop_notification:Sending desktop notification using 'notify2'
[7.324s] DEBUG:colcon.colcon_notification.desktop_notification.notify2:Failed to initialize notify2: org.freedesktop.DBus.Error.FileNotFound: Failed to connect to socket /run/user/1000/bus: No such file or directory
[7.324s] DEBUG:colcon.colcon_core.event_reactor:joined thread
[7.324s] INFO:colcon.colcon_core.shell:Creating prefix script '/mnt/e/UbuntuWSL/Perception-System/install/local_setup.ps1'
[7.329s] INFO:colcon.colcon_core.shell:Creating prefix util module '/mnt/e/UbuntuWSL/Perception-System/install/_local_setup_util_ps1.py'
[7.333s] INFO:colcon.colcon_core.shell:Creating prefix chain script '/mnt/e/UbuntuWSL/Perception-System/install/setup.ps1'
[7.356s] INFO:colcon.colcon_core.shell:Creating prefix script '/mnt/e/UbuntuWSL/Perception-System/install/local_setup.sh'
[7.361s] INFO:colcon.colcon_core.shell:Creating prefix util module '/mnt/e/UbuntuWSL/Perception-System/install/_local_setup_util_sh.py'
[7.365s] INFO:colcon.colcon_core.shell:Creating prefix chain script '/mnt/e/UbuntuWSL/Perception-System/install/setup.sh'
[7.384s] INFO:colcon.colcon_core.shell:Creating prefix script '/mnt/e/UbuntuWSL/Perception-System/install/local_setup.bash'
[7.388s] INFO:colcon.colcon_core.shell:Creating prefix chain script '/mnt/e/UbuntuWSL/Perception-System/install/setup.bash'
[7.413s] INFO:colcon.colcon_core.shell:Creating prefix script '/mnt/e/UbuntuWSL/Perception-System/install/local_setup.zsh'
[7.417s] INFO:colcon.colcon_core.shell:Creating prefix chain script '/mnt/e/UbuntuWSL/Perception-System/install/setup.zsh'
