[0.196s] DEBUG:colcon:Command line arguments: ['/usr/bin/colcon', 'build', '--packages-select', 'vehicle_description']
[0.197s] DEBUG:colcon:Parsed command line arguments: Namespace(log_base=None, log_level=None, verb_name='build', build_base='build', install_base='install', merge_install=False, symlink_install=False, test_result_base=None, continue_on_error=False, executor='parallel', parallel_workers=16, event_handlers=None, ignore_user_meta=False, metas=['./colcon.meta'], base_paths=['.'], packages_ignore=None, packages_ignore_regex=None, paths=None, packages_up_to=None, packages_up_to_regex=None, packages_above=None, packages_above_and_dependencies=None, packages_above_depth=None, packages_select_by_dep=None, packages_skip_by_dep=None, packages_skip_up_to=None, packages_select_build_failed=False, packages_skip_build_finished=False, packages_select_test_failures=False, packages_skip_test_passed=False, packages_select=['vehicle_description'], packages_skip=None, packages_select_regex=None, packages_skip_regex=None, packages_start=None, packages_end=None, allow_overriding=[], cmake_args=None, cmake_target=None, cmake_target_skip_unavailable=False, cmake_clean_cache=False, cmake_clean_first=False, cmake_force_configure=False, ament_cmake_args=None, catkin_cmake_args=None, catkin_skip_building_tests=False, verb_parser=<colcon_defaults.argument_parser.defaults.DefaultArgumentsDecorator object at 0x76c1970232b0>, verb_extension=<colcon_core.verb.build.BuildVerb object at 0x76c197022ce0>, main=<bound method BuildVerb.main of <colcon_core.verb.build.BuildVerb object at 0x76c197022ce0>>)
[0.282s] Level 1:colcon.colcon_core.package_discovery:discover_packages(colcon_meta) check parameters
[0.283s] Level 1:colcon.colcon_core.package_discovery:discover_packages(recursive) check parameters
[0.283s] Level 1:colcon.colcon_core.package_discovery:discover_packages(ignore) check parameters
[0.283s] Level 1:colcon.colcon_core.package_discovery:discover_packages(path) check parameters
[0.283s] Level 1:colcon.colcon_core.package_discovery:discover_packages(colcon_meta) discover
[0.283s] Level 1:colcon.colcon_core.package_discovery:discover_packages(recursive) discover
[0.283s] INFO:colcon.colcon_core.package_discovery:Crawling recursively for packages in '/mnt/e/UbuntuWSL/Perception-System'
[0.284s] Level 1:colcon.colcon_core.package_identification:_identify(.) by extensions ['ignore', 'ignore_ament_install']
[0.284s] Level 1:colcon.colcon_core.package_identification:_identify(.) by extension 'ignore'
[0.284s] Level 1:colcon.colcon_core.package_identification:_identify(.) by extension 'ignore_ament_install'
[0.285s] Level 1:colcon.colcon_core.package_identification:_identify(.) by extensions ['colcon_pkg']
[0.285s] Level 1:colcon.colcon_core.package_identification:_identify(.) by extension 'colcon_pkg'
[0.285s] Level 1:colcon.colcon_core.package_identification:_identify(.) by extensions ['colcon_meta']
[0.285s] Level 1:colcon.colcon_core.package_identification:_identify(.) by extension 'colcon_meta'
[0.285s] Level 1:colcon.colcon_core.package_identification:_identify(.) by extensions ['ros']
[0.285s] Level 1:colcon.colcon_core.package_identification:_identify(.) by extension 'ros'
[0.296s] Level 1:colcon.colcon_core.package_identification:_identify(.) by extensions ['cmake', 'python']
[0.297s] Level 1:colcon.colcon_core.package_identification:_identify(.) by extension 'cmake'
[0.298s] Level 1:colcon.colcon_core.package_identification:_identify(.) by extension 'python'
[0.299s] Level 1:colcon.colcon_core.package_identification:_identify(.) by extensions ['python_setup_py']
[0.301s] Level 1:colcon.colcon_core.package_identification:_identify(.) by extension 'python_setup_py'
[0.308s] Level 1:colcon.colcon_core.package_identification:_identify(build) by extensions ['ignore', 'ignore_ament_install']
[0.309s] Level 1:colcon.colcon_core.package_identification:_identify(build) by extension 'ignore'
[0.310s] Level 1:colcon.colcon_core.package_identification:_identify(build) ignored
[0.312s] Level 1:colcon.colcon_core.package_identification:_identify(install) by extensions ['ignore', 'ignore_ament_install']
[0.313s] Level 1:colcon.colcon_core.package_identification:_identify(install) by extension 'ignore'
[0.313s] Level 1:colcon.colcon_core.package_identification:_identify(install) ignored
[0.316s] Level 1:colcon.colcon_core.package_identification:_identify(log) by extensions ['ignore', 'ignore_ament_install']
[0.317s] Level 1:colcon.colcon_core.package_identification:_identify(log) by extension 'ignore'
[0.320s] Level 1:colcon.colcon_core.package_identification:_identify(log) ignored
[0.322s] Level 1:colcon.colcon_core.package_identification:_identify(src) by extensions ['ignore', 'ignore_ament_install']
[0.322s] Level 1:colcon.colcon_core.package_identification:_identify(src) by extension 'ignore'
[0.322s] Level 1:colcon.colcon_core.package_identification:_identify(src) by extension 'ignore_ament_install'
[0.323s] Level 1:colcon.colcon_core.package_identification:_identify(src) by extensions ['colcon_pkg']
[0.323s] Level 1:colcon.colcon_core.package_identification:_identify(src) by extension 'colcon_pkg'
[0.323s] Level 1:colcon.colcon_core.package_identification:_identify(src) by extensions ['colcon_meta']
[0.324s] Level 1:colcon.colcon_core.package_identification:_identify(src) by extension 'colcon_meta'
[0.324s] Level 1:colcon.colcon_core.package_identification:_identify(src) by extensions ['ros']
[0.324s] Level 1:colcon.colcon_core.package_identification:_identify(src) by extension 'ros'
[0.326s] Level 1:colcon.colcon_core.package_identification:_identify(src) by extensions ['cmake', 'python']
[0.326s] Level 1:colcon.colcon_core.package_identification:_identify(src) by extension 'cmake'
[0.327s] Level 1:colcon.colcon_core.package_identification:_identify(src) by extension 'python'
[0.327s] Level 1:colcon.colcon_core.package_identification:_identify(src) by extensions ['python_setup_py']
[0.327s] Level 1:colcon.colcon_core.package_identification:_identify(src) by extension 'python_setup_py'
[0.335s] Level 1:colcon.colcon_core.package_identification:_identify(src/gazebo_world) by extensions ['ignore', 'ignore_ament_install']
[0.335s] Level 1:colcon.colcon_core.package_identification:_identify(src/gazebo_world) by extension 'ignore'
[0.336s] Level 1:colcon.colcon_core.package_identification:_identify(src/gazebo_world) by extension 'ignore_ament_install'
[0.337s] Level 1:colcon.colcon_core.package_identification:_identify(src/gazebo_world) by extensions ['colcon_pkg']
[0.337s] Level 1:colcon.colcon_core.package_identification:_identify(src/gazebo_world) by extension 'colcon_pkg'
[0.338s] Level 1:colcon.colcon_core.package_identification:_identify(src/gazebo_world) by extensions ['colcon_meta']
[0.338s] Level 1:colcon.colcon_core.package_identification:_identify(src/gazebo_world) by extension 'colcon_meta'
[0.340s] Level 1:colcon.colcon_core.package_identification:_identify(src/gazebo_world) by extensions ['ros']
[0.341s] Level 1:colcon.colcon_core.package_identification:_identify(src/gazebo_world) by extension 'ros'
[0.347s] DEBUG:colcon.colcon_core.package_identification:Package 'src/gazebo_world' with type 'ros.ament_cmake' and name 'gazebo_world'
[0.349s] Level 1:colcon.colcon_core.package_identification:_identify(src/launch) by extensions ['ignore', 'ignore_ament_install']
[0.349s] Level 1:colcon.colcon_core.package_identification:_identify(src/launch) by extension 'ignore'
[0.355s] Level 1:colcon.colcon_core.package_identification:_identify(src/launch) by extension 'ignore_ament_install'
[0.359s] Level 1:colcon.colcon_core.package_identification:_identify(src/launch) by extensions ['colcon_pkg']
[0.360s] Level 1:colcon.colcon_core.package_identification:_identify(src/launch) by extension 'colcon_pkg'
[0.360s] Level 1:colcon.colcon_core.package_identification:_identify(src/launch) by extensions ['colcon_meta']
[0.360s] Level 1:colcon.colcon_core.package_identification:_identify(src/launch) by extension 'colcon_meta'
[0.361s] Level 1:colcon.colcon_core.package_identification:_identify(src/launch) by extensions ['ros']
[0.361s] Level 1:colcon.colcon_core.package_identification:_identify(src/launch) by extension 'ros'
[0.364s] Level 1:colcon.colcon_core.package_identification:_identify(src/launch) by extensions ['cmake', 'python']
[0.364s] Level 1:colcon.colcon_core.package_identification:_identify(src/launch) by extension 'cmake'
[0.365s] Level 1:colcon.colcon_core.package_identification:_identify(src/launch) by extension 'python'
[0.366s] Level 1:colcon.colcon_core.package_identification:_identify(src/launch) by extensions ['python_setup_py']
[0.366s] Level 1:colcon.colcon_core.package_identification:_identify(src/launch) by extension 'python_setup_py'
[0.369s] Level 1:colcon.colcon_core.package_identification:_identify(src/perception) by extensions ['ignore', 'ignore_ament_install']
[0.369s] Level 1:colcon.colcon_core.package_identification:_identify(src/perception) by extension 'ignore'
[0.370s] Level 1:colcon.colcon_core.package_identification:_identify(src/perception) by extension 'ignore_ament_install'
[0.371s] Level 1:colcon.colcon_core.package_identification:_identify(src/perception) by extensions ['colcon_pkg']
[0.371s] Level 1:colcon.colcon_core.package_identification:_identify(src/perception) by extension 'colcon_pkg'
[0.372s] Level 1:colcon.colcon_core.package_identification:_identify(src/perception) by extensions ['colcon_meta']
[0.372s] Level 1:colcon.colcon_core.package_identification:_identify(src/perception) by extension 'colcon_meta'
[0.373s] Level 1:colcon.colcon_core.package_identification:_identify(src/perception) by extensions ['ros']
[0.373s] Level 1:colcon.colcon_core.package_identification:_identify(src/perception) by extension 'ros'
[0.381s] DEBUG:colcon.colcon_core.package_identification:Package 'src/perception' with type 'ros.ament_cmake' and name 'perception'
[0.383s] Level 1:colcon.colcon_core.package_identification:_identify(src/sensors) by extensions ['ignore', 'ignore_ament_install']
[0.383s] Level 1:colcon.colcon_core.package_identification:_identify(src/sensors) by extension 'ignore'
[0.383s] Level 1:colcon.colcon_core.package_identification:_identify(src/sensors) by extension 'ignore_ament_install'
[0.385s] Level 1:colcon.colcon_core.package_identification:_identify(src/sensors) by extensions ['colcon_pkg']
[0.385s] Level 1:colcon.colcon_core.package_identification:_identify(src/sensors) by extension 'colcon_pkg'
[0.386s] Level 1:colcon.colcon_core.package_identification:_identify(src/sensors) by extensions ['colcon_meta']
[0.386s] Level 1:colcon.colcon_core.package_identification:_identify(src/sensors) by extension 'colcon_meta'
[0.386s] Level 1:colcon.colcon_core.package_identification:_identify(src/sensors) by extensions ['ros']
[0.386s] Level 1:colcon.colcon_core.package_identification:_identify(src/sensors) by extension 'ros'
[0.395s] DEBUG:colcon.colcon_core.package_identification:Package 'src/sensors' with type 'ros.ament_cmake' and name 'sensors'
[0.397s] Level 1:colcon.colcon_core.package_identification:_identify(src/utils) by extensions ['ignore', 'ignore_ament_install']
[0.397s] Level 1:colcon.colcon_core.package_identification:_identify(src/utils) by extension 'ignore'
[0.398s] Level 1:colcon.colcon_core.package_identification:_identify(src/utils) by extension 'ignore_ament_install'
[0.402s] Level 1:colcon.colcon_core.package_identification:_identify(src/utils) by extensions ['colcon_pkg']
[0.402s] Level 1:colcon.colcon_core.package_identification:_identify(src/utils) by extension 'colcon_pkg'
[0.402s] Level 1:colcon.colcon_core.package_identification:_identify(src/utils) by extensions ['colcon_meta']
[0.403s] Level 1:colcon.colcon_core.package_identification:_identify(src/utils) by extension 'colcon_meta'
[0.403s] Level 1:colcon.colcon_core.package_identification:_identify(src/utils) by extensions ['ros']
[0.403s] Level 1:colcon.colcon_core.package_identification:_identify(src/utils) by extension 'ros'
[0.405s] Level 1:colcon.colcon_core.package_identification:_identify(src/utils) by extensions ['cmake', 'python']
[0.405s] Level 1:colcon.colcon_core.package_identification:_identify(src/utils) by extension 'cmake'
[0.406s] Level 1:colcon.colcon_core.package_identification:_identify(src/utils) by extension 'python'
[0.406s] Level 1:colcon.colcon_core.package_identification:_identify(src/utils) by extensions ['python_setup_py']
[0.406s] Level 1:colcon.colcon_core.package_identification:_identify(src/utils) by extension 'python_setup_py'
[0.416s] Level 1:colcon.colcon_core.package_identification:_identify(src/vehicle_description) by extensions ['ignore', 'ignore_ament_install']
[0.417s] Level 1:colcon.colcon_core.package_identification:_identify(src/vehicle_description) by extension 'ignore'
[0.420s] Level 1:colcon.colcon_core.package_identification:_identify(src/vehicle_description) by extension 'ignore_ament_install'
[0.421s] Level 1:colcon.colcon_core.package_identification:_identify(src/vehicle_description) by extensions ['colcon_pkg']
[0.421s] Level 1:colcon.colcon_core.package_identification:_identify(src/vehicle_description) by extension 'colcon_pkg'
[0.422s] Level 1:colcon.colcon_core.package_identification:_identify(src/vehicle_description) by extensions ['colcon_meta']
[0.422s] Level 1:colcon.colcon_core.package_identification:_identify(src/vehicle_description) by extension 'colcon_meta'
[0.423s] Level 1:colcon.colcon_core.package_identification:_identify(src/vehicle_description) by extensions ['ros']
[0.423s] Level 1:colcon.colcon_core.package_identification:_identify(src/vehicle_description) by extension 'ros'
[0.434s] DEBUG:colcon.colcon_core.package_identification:Package 'src/vehicle_description' with type 'ros.ament_cmake' and name 'vehicle_description'
[0.434s] Level 1:colcon.colcon_core.package_discovery:discover_packages(recursive) using defaults
[0.434s] Level 1:colcon.colcon_core.package_discovery:discover_packages(ignore) discover
[0.434s] Level 1:colcon.colcon_core.package_discovery:discover_packages(ignore) using defaults
[0.434s] Level 1:colcon.colcon_core.package_discovery:discover_packages(path) discover
[0.434s] Level 1:colcon.colcon_core.package_discovery:discover_packages(path) using defaults
[0.451s] INFO:colcon.colcon_core.package_selection:Skipping not selected package 'gazebo_world' in 'src/gazebo_world'
[0.451s] INFO:colcon.colcon_core.package_selection:Skipping not selected package 'perception' in 'src/perception'
[0.451s] INFO:colcon.colcon_core.package_selection:Skipping not selected package 'sensors' in 'src/sensors'
[0.452s] Level 1:colcon.colcon_core.package_discovery:discover_packages(prefix_path) check parameters
[0.452s] Level 1:colcon.colcon_core.package_discovery:discover_packages(prefix_path) discover
[0.531s] DEBUG:colcon.colcon_installed_package_information.package_discovery:Found 4 installed packages in /mnt/e/UbuntuWSL/Perception-System/install
[0.532s] DEBUG:colcon.colcon_installed_package_information.package_discovery:Found 281 installed packages in /opt/ros/humble
[0.533s] Level 1:colcon.colcon_core.package_discovery:discover_packages(prefix_path) using defaults
[0.582s] Level 5:colcon.colcon_core.verb:set package 'vehicle_description' build argument 'cmake_args' from command line to 'None'
[0.582s] Level 5:colcon.colcon_core.verb:set package 'vehicle_description' build argument 'cmake_target' from command line to 'None'
[0.582s] Level 5:colcon.colcon_core.verb:set package 'vehicle_description' build argument 'cmake_target_skip_unavailable' from command line to 'False'
[0.582s] Level 5:colcon.colcon_core.verb:set package 'vehicle_description' build argument 'cmake_clean_cache' from command line to 'False'
[0.583s] Level 5:colcon.colcon_core.verb:set package 'vehicle_description' build argument 'cmake_clean_first' from command line to 'False'
[0.583s] Level 5:colcon.colcon_core.verb:set package 'vehicle_description' build argument 'cmake_force_configure' from command line to 'False'
[0.583s] Level 5:colcon.colcon_core.verb:set package 'vehicle_description' build argument 'ament_cmake_args' from command line to 'None'
[0.583s] Level 5:colcon.colcon_core.verb:set package 'vehicle_description' build argument 'catkin_cmake_args' from command line to 'None'
[0.583s] Level 5:colcon.colcon_core.verb:set package 'vehicle_description' build argument 'catkin_skip_building_tests' from command line to 'False'
[0.583s] DEBUG:colcon.colcon_core.verb:Building package 'vehicle_description' with the following arguments: {'ament_cmake_args': None, 'build_base': '/mnt/e/UbuntuWSL/Perception-System/build/vehicle_description', 'catkin_cmake_args': None, 'catkin_skip_building_tests': False, 'cmake_args': None, 'cmake_clean_cache': False, 'cmake_clean_first': False, 'cmake_force_configure': False, 'cmake_target': None, 'cmake_target_skip_unavailable': False, 'install_base': '/mnt/e/UbuntuWSL/Perception-System/install/vehicle_description', 'merge_install': False, 'path': '/mnt/e/UbuntuWSL/Perception-System/src/vehicle_description', 'symlink_install': False, 'test_result_base': None}
[0.583s] INFO:colcon.colcon_core.executor:Executing jobs using 'parallel' executor
[0.584s] DEBUG:colcon.colcon_parallel_executor.executor.parallel:run_until_complete
[0.585s] INFO:colcon.colcon_ros.task.ament_cmake.build:Building ROS package in '/mnt/e/UbuntuWSL/Perception-System/src/vehicle_description' with build type 'ament_cmake'
[0.585s] INFO:colcon.colcon_cmake.task.cmake.build:Building CMake package in '/mnt/e/UbuntuWSL/Perception-System/src/vehicle_description'
[0.587s] INFO:colcon.colcon_core.plugin_system:Skipping extension 'colcon_core.shell.bat': Not used on non-Windows systems
[0.587s] INFO:colcon.colcon_core.shell:Skip shell extension 'powershell' for command environment: Not usable outside of PowerShell
[0.587s] DEBUG:colcon.colcon_core.shell:Skip shell extension 'dsv' for command environment
[0.673s] DEBUG:colcon.colcon_core.event_handler.log_command:Invoking command in '/mnt/e/UbuntuWSL/Perception-System/build/vehicle_description': CMAKE_PREFIX_PATH=${CMAKE_PREFIX_PATH}:/opt/ros/humble /usr/bin/cmake --build /mnt/e/UbuntuWSL/Perception-System/build/vehicle_description -- -j16 -l16
[0.725s] DEBUG:colcon.colcon_core.event_handler.log_command:Invoked command in '/mnt/e/UbuntuWSL/Perception-System/build/vehicle_description' returned '0': CMAKE_PREFIX_PATH=${CMAKE_PREFIX_PATH}:/opt/ros/humble /usr/bin/cmake --build /mnt/e/UbuntuWSL/Perception-System/build/vehicle_description -- -j16 -l16
[0.742s] DEBUG:colcon.colcon_core.event_handler.log_command:Invoking command in '/mnt/e/UbuntuWSL/Perception-System/build/vehicle_description': CMAKE_PREFIX_PATH=${CMAKE_PREFIX_PATH}:/opt/ros/humble /usr/bin/cmake --install /mnt/e/UbuntuWSL/Perception-System/build/vehicle_description
[1.307s] Level 1:colcon.colcon_core.environment:create_environment_scripts_only(vehicle_description)
[1.309s] Level 1:colcon.colcon_core.environment:checking '/mnt/e/UbuntuWSL/Perception-System/install/vehicle_description' for CMake module files
[1.309s] DEBUG:colcon.colcon_core.event_handler.log_command:Invoked command in '/mnt/e/UbuntuWSL/Perception-System/build/vehicle_description' returned '0': CMAKE_PREFIX_PATH=${CMAKE_PREFIX_PATH}:/opt/ros/humble /usr/bin/cmake --install /mnt/e/UbuntuWSL/Perception-System/build/vehicle_description
[1.341s] Level 1:colcon.colcon_core.environment:checking '/mnt/e/UbuntuWSL/Perception-System/install/vehicle_description' for CMake config files
[1.368s] Level 1:colcon.colcon_core.shell:create_environment_hook('vehicle_description', 'cmake_prefix_path')
[1.369s] INFO:colcon.colcon_core.shell:Creating environment hook '/mnt/e/UbuntuWSL/Perception-System/install/vehicle_description/share/vehicle_description/hook/cmake_prefix_path.ps1'
[1.375s] INFO:colcon.colcon_core.shell:Creating environment descriptor '/mnt/e/UbuntuWSL/Perception-System/install/vehicle_description/share/vehicle_description/hook/cmake_prefix_path.dsv'
[1.381s] INFO:colcon.colcon_core.shell:Creating environment hook '/mnt/e/UbuntuWSL/Perception-System/install/vehicle_description/share/vehicle_description/hook/cmake_prefix_path.sh'
[1.389s] Level 1:colcon.colcon_core.environment:checking '/mnt/e/UbuntuWSL/Perception-System/install/vehicle_description/bin'
[1.390s] Level 1:colcon.colcon_core.environment:checking '/mnt/e/UbuntuWSL/Perception-System/install/vehicle_description/lib/pkgconfig/vehicle_description.pc'
[1.391s] Level 1:colcon.colcon_core.environment:checking '/mnt/e/UbuntuWSL/Perception-System/install/vehicle_description/lib/python3.10/site-packages'
[1.391s] Level 1:colcon.colcon_core.environment:checking '/mnt/e/UbuntuWSL/Perception-System/install/vehicle_description/bin'
[1.392s] INFO:colcon.colcon_core.shell:Creating package script '/mnt/e/UbuntuWSL/Perception-System/install/vehicle_description/share/vehicle_description/package.ps1'
[1.399s] INFO:colcon.colcon_core.shell:Creating package descriptor '/mnt/e/UbuntuWSL/Perception-System/install/vehicle_description/share/vehicle_description/package.dsv'
[1.403s] INFO:colcon.colcon_core.shell:Creating package script '/mnt/e/UbuntuWSL/Perception-System/install/vehicle_description/share/vehicle_description/package.sh'
[1.415s] INFO:colcon.colcon_core.shell:Creating package script '/mnt/e/UbuntuWSL/Perception-System/install/vehicle_description/share/vehicle_description/package.bash'
[1.421s] INFO:colcon.colcon_core.shell:Creating package script '/mnt/e/UbuntuWSL/Perception-System/install/vehicle_description/share/vehicle_description/package.zsh'
[1.427s] Level 1:colcon.colcon_core.environment:create_file_with_runtime_dependencies(/mnt/e/UbuntuWSL/Perception-System/install/vehicle_description/share/colcon-core/packages/vehicle_description)
[1.438s] Level 1:colcon.colcon_core.environment:create_environment_scripts_only(vehicle_description)
[1.438s] Level 1:colcon.colcon_core.environment:checking '/mnt/e/UbuntuWSL/Perception-System/install/vehicle_description' for CMake module files
[1.473s] Level 1:colcon.colcon_core.environment:checking '/mnt/e/UbuntuWSL/Perception-System/install/vehicle_description' for CMake config files
[1.512s] Level 1:colcon.colcon_core.shell:create_environment_hook('vehicle_description', 'cmake_prefix_path')
[1.513s] INFO:colcon.colcon_core.shell:Creating environment hook '/mnt/e/UbuntuWSL/Perception-System/install/vehicle_description/share/vehicle_description/hook/cmake_prefix_path.ps1'
[1.518s] INFO:colcon.colcon_core.shell:Creating environment descriptor '/mnt/e/UbuntuWSL/Perception-System/install/vehicle_description/share/vehicle_description/hook/cmake_prefix_path.dsv'
[1.529s] INFO:colcon.colcon_core.shell:Creating environment hook '/mnt/e/UbuntuWSL/Perception-System/install/vehicle_description/share/vehicle_description/hook/cmake_prefix_path.sh'
[1.536s] Level 1:colcon.colcon_core.environment:checking '/mnt/e/UbuntuWSL/Perception-System/install/vehicle_description/bin'
[1.537s] Level 1:colcon.colcon_core.environment:checking '/mnt/e/UbuntuWSL/Perception-System/install/vehicle_description/lib/pkgconfig/vehicle_description.pc'
[1.538s] Level 1:colcon.colcon_core.environment:checking '/mnt/e/UbuntuWSL/Perception-System/install/vehicle_description/lib/python3.10/site-packages'
[1.539s] Level 1:colcon.colcon_core.environment:checking '/mnt/e/UbuntuWSL/Perception-System/install/vehicle_description/bin'
[1.540s] INFO:colcon.colcon_core.shell:Creating package script '/mnt/e/UbuntuWSL/Perception-System/install/vehicle_description/share/vehicle_description/package.ps1'
[1.546s] INFO:colcon.colcon_core.shell:Creating package descriptor '/mnt/e/UbuntuWSL/Perception-System/install/vehicle_description/share/vehicle_description/package.dsv'
[1.551s] INFO:colcon.colcon_core.shell:Creating package script '/mnt/e/UbuntuWSL/Perception-System/install/vehicle_description/share/vehicle_description/package.sh'
[1.563s] INFO:colcon.colcon_core.shell:Creating package script '/mnt/e/UbuntuWSL/Perception-System/install/vehicle_description/share/vehicle_description/package.bash'
[1.569s] INFO:colcon.colcon_core.shell:Creating package script '/mnt/e/UbuntuWSL/Perception-System/install/vehicle_description/share/vehicle_description/package.zsh'
[1.575s] Level 1:colcon.colcon_core.environment:create_file_with_runtime_dependencies(/mnt/e/UbuntuWSL/Perception-System/install/vehicle_description/share/colcon-core/packages/vehicle_description)
[1.580s] DEBUG:colcon.colcon_parallel_executor.executor.parallel:closing loop
[1.580s] DEBUG:colcon.colcon_parallel_executor.executor.parallel:loop closed
[1.580s] DEBUG:colcon.colcon_parallel_executor.executor.parallel:run_until_complete finished with '0'
[1.582s] DEBUG:colcon.colcon_core.event_reactor:joining thread
[1.646s] INFO:colcon.colcon_core.plugin_system:Skipping extension 'colcon_notification.desktop_notification.notify_send': Could not find 'notify-send'
[1.646s] INFO:colcon.colcon_core.plugin_system:Skipping extension 'colcon_notification.desktop_notification.terminal_notifier': Not used on non-Darwin systems
[1.646s] INFO:colcon.colcon_core.plugin_system:Skipping extension 'colcon_notification.desktop_notification.win32': Not used on non-Windows systems
[1.646s] INFO:colcon.colcon_notification.desktop_notification:Sending desktop notification using 'notify2'
[1.646s] DEBUG:colcon.colcon_notification.desktop_notification.notify2:Failed to initialize notify2: org.freedesktop.DBus.Error.FileNotFound: Failed to connect to socket /run/user/1000/bus: No such file or directory
[1.647s] DEBUG:colcon.colcon_core.event_reactor:joined thread
[1.647s] INFO:colcon.colcon_core.shell:Creating prefix script '/mnt/e/UbuntuWSL/Perception-System/install/local_setup.ps1'
[1.662s] INFO:colcon.colcon_core.shell:Creating prefix util module '/mnt/e/UbuntuWSL/Perception-System/install/_local_setup_util_ps1.py'
[1.674s] INFO:colcon.colcon_core.shell:Creating prefix chain script '/mnt/e/UbuntuWSL/Perception-System/install/setup.ps1'
[1.722s] INFO:colcon.colcon_core.shell:Creating prefix script '/mnt/e/UbuntuWSL/Perception-System/install/local_setup.sh'
[1.742s] INFO:colcon.colcon_core.shell:Creating prefix util module '/mnt/e/UbuntuWSL/Perception-System/install/_local_setup_util_sh.py'
[1.752s] INFO:colcon.colcon_core.shell:Creating prefix chain script '/mnt/e/UbuntuWSL/Perception-System/install/setup.sh'
[1.845s] INFO:colcon.colcon_core.shell:Creating prefix script '/mnt/e/UbuntuWSL/Perception-System/install/local_setup.bash'
[1.866s] INFO:colcon.colcon_core.shell:Creating prefix chain script '/mnt/e/UbuntuWSL/Perception-System/install/setup.bash'
[1.995s] INFO:colcon.colcon_core.shell:Creating prefix script '/mnt/e/UbuntuWSL/Perception-System/install/local_setup.zsh'
[2.004s] INFO:colcon.colcon_core.shell:Creating prefix chain script '/mnt/e/UbuntuWSL/Perception-System/install/setup.zsh'
