[0.178s] Invoking command in '/mnt/e/UbuntuWSL/Perception-System/build/vehicle_description': CMAKE_PREFIX_PATH=${CMAKE_PREFIX_PATH}:/opt/ros/humble /usr/bin/cmake --build /mnt/e/UbuntuWSL/Perception-System/build/vehicle_description -- -j16 -l16
[0.262s] Invoked command in '/mnt/e/UbuntuWSL/Perception-System/build/vehicle_description' returned '0': CMAKE_PREFIX_PATH=${CMAKE_PREFIX_PATH}:/opt/ros/humble /usr/bin/cmake --build /mnt/e/UbuntuWSL/Perception-System/build/vehicle_description -- -j16 -l16
[0.278s] Invoking command in '/mnt/e/UbuntuWSL/Perception-System/build/vehicle_description': CMAKE_PREFIX_PATH=${CMAKE_PREFIX_PATH}:/opt/ros/humble /usr/bin/cmake --install /mnt/e/UbuntuWSL/Perception-System/build/vehicle_description
[0.286s] -- Install configuration: ""
[0.293s] -- Up-to-date: /mnt/e/UbuntuWSL/Perception-System/install/vehicle_description/share/vehicle_description//launch
[0.318s] -- Up-to-date: /mnt/e/UbuntuWSL/Perception-System/install/vehicle_description/share/vehicle_description//launch/display.launch.py
[0.335s] -- Up-to-date: /mnt/e/UbuntuWSL/Perception-System/install/vehicle_description/share/vehicle_description//launch/gazebo_urdf_launch.py
[0.353s] -- Up-to-date: /mnt/e/UbuntuWSL/Perception-System/install/vehicle_description/share/vehicle_description//launch/vehicle_gazebo.launch.py
[0.373s] -- Up-to-date: /mnt/e/UbuntuWSL/Perception-System/install/vehicle_description/share/vehicle_description//urdf
[0.395s] -- Up-to-date: /mnt/e/UbuntuWSL/Perception-System/install/vehicle_description/share/vehicle_description//urdf/camera_sensor.xacro
[0.413s] -- Up-to-date: /mnt/e/UbuntuWSL/Perception-System/install/vehicle_description/share/vehicle_description//urdf/car.urdf
[0.433s] -- Up-to-date: /mnt/e/UbuntuWSL/Perception-System/install/vehicle_description/share/vehicle_description//urdf/car_with_sensors.xacro
[0.452s] -- Up-to-date: /mnt/e/UbuntuWSL/Perception-System/install/vehicle_description/share/vehicle_description//urdf/lidar_sensor.xacro
[0.469s] -- Up-to-date: /mnt/e/UbuntuWSL/Perception-System/install/vehicle_description/share/vehicle_description//urdf/radar_sensor.xacro
[0.485s] -- Up-to-date: /mnt/e/UbuntuWSL/Perception-System/install/vehicle_description/share/vehicle_description//urdf/sensors.xacro
[0.502s] -- Up-to-date: /mnt/e/UbuntuWSL/Perception-System/install/vehicle_description/share/vehicle_description//urdf/vehicle.xacro
[0.520s] -- Up-to-date: /mnt/e/UbuntuWSL/Perception-System/install/vehicle_description/share/vehicle_description//urdf/vehicle_with_sensors.xacro
[0.550s] -- Up-to-date: /mnt/e/UbuntuWSL/Perception-System/install/vehicle_description/share/ament_index/resource_index/package_run_dependencies/vehicle_description
[0.573s] -- Up-to-date: /mnt/e/UbuntuWSL/Perception-System/install/vehicle_description/share/ament_index/resource_index/parent_prefix_path/vehicle_description
[0.582s] -- Up-to-date: /mnt/e/UbuntuWSL/Perception-System/install/vehicle_description/share/vehicle_description/environment/ament_prefix_path.sh
[0.594s] -- Up-to-date: /mnt/e/UbuntuWSL/Perception-System/install/vehicle_description/share/vehicle_description/environment/ament_prefix_path.dsv
[0.602s] -- Up-to-date: /mnt/e/UbuntuWSL/Perception-System/install/vehicle_description/share/vehicle_description/environment/path.sh
[0.614s] -- Up-to-date: /mnt/e/UbuntuWSL/Perception-System/install/vehicle_description/share/vehicle_description/environment/path.dsv
[0.624s] -- Up-to-date: /mnt/e/UbuntuWSL/Perception-System/install/vehicle_description/share/vehicle_description/local_setup.bash
[0.634s] -- Up-to-date: /mnt/e/UbuntuWSL/Perception-System/install/vehicle_description/share/vehicle_description/local_setup.sh
[0.646s] -- Up-to-date: /mnt/e/UbuntuWSL/Perception-System/install/vehicle_description/share/vehicle_description/local_setup.zsh
[0.659s] -- Up-to-date: /mnt/e/UbuntuWSL/Perception-System/install/vehicle_description/share/vehicle_description/local_setup.dsv
[0.671s] -- Installing: /mnt/e/UbuntuWSL/Perception-System/install/vehicle_description/share/vehicle_description/package.dsv
[0.713s] -- Up-to-date: /mnt/e/UbuntuWSL/Perception-System/install/vehicle_description/share/ament_index/resource_index/packages/vehicle_description
[0.725s] -- Up-to-date: /mnt/e/UbuntuWSL/Perception-System/install/vehicle_description/share/vehicle_description/cmake/vehicle_descriptionConfig.cmake
[0.734s] -- Up-to-date: /mnt/e/UbuntuWSL/Perception-System/install/vehicle_description/share/vehicle_description/cmake/vehicle_descriptionConfig-version.cmake
[0.746s] -- Up-to-date: /mnt/e/UbuntuWSL/Perception-System/install/vehicle_description/share/vehicle_description/package.xml
[1.611s] Invoked command in '/mnt/e/UbuntuWSL/Perception-System/build/vehicle_description' returned '0': CMAKE_PREFIX_PATH=${CMAKE_PREFIX_PATH}:/opt/ros/humble /usr/bin/cmake --install /mnt/e/UbuntuWSL/Perception-System/build/vehicle_description
