[0.135s] Invoking command in '/mnt/e/UbuntuWSL/Perception-System/build/perception': CMAKE_PREFIX_PATH=/opt/ros/humble /usr/bin/cmake /mnt/e/UbuntuWSL/Perception-System/src/perception -DCMAKE_INSTALL_PREFIX=/mnt/e/UbuntuWSL/Perception-System/install/perception
[0.460s] -- The C compiler identification is GNU 11.4.0
[1.191s] -- The CXX compiler identification is GNU 11.4.0
[1.713s] -- Detecting C compiler ABI info
[2.199s] -- Detecting C compiler ABI info - done
[2.219s] -- Check for working C compiler: /usr/bin/cc - skipped
[2.220s] -- Detecting C compile features
[2.221s] -- Detecting C compile features - done
[2.267s] -- Detecting CXX compiler ABI info
[2.784s] -- Detecting CXX compiler ABI info - done
[2.807s] -- Check for working CXX compiler: /usr/bin/c++ - skipped
[2.807s] -- Detecting CXX compile features
[2.808s] -- Detecting CXX compile features - done
[2.843s] -- Found ament_cmake: 1.3.11 (/opt/ros/humble/share/ament_cmake/cmake)
[2.943s] -- Found Python3: /usr/bin/python3 (found version "3.10.12") found components: Interpreter 
[3.077s] -- Found ament_lint_auto: 0.12.12 (/opt/ros/humble/share/ament_lint_auto/cmake)
[3.722s] -- Added test 'lint_cmake' to check CMake code style
[4.063s] -- Added test 'xmllint' to check XML markup files
[4.163s] -- Configuring done
[4.384s] -- Generating done
[4.509s] -- Build files have been written to: /mnt/e/UbuntuWSL/Perception-System/build/perception
[4.512s] Invoked command in '/mnt/e/UbuntuWSL/Perception-System/build/perception' returned '0': CMAKE_PREFIX_PATH=/opt/ros/humble /usr/bin/cmake /mnt/e/UbuntuWSL/Perception-System/src/perception -DCMAKE_INSTALL_PREFIX=/mnt/e/UbuntuWSL/Perception-System/install/perception
[4.520s] Invoking command in '/mnt/e/UbuntuWSL/Perception-System/build/perception': CMAKE_PREFIX_PATH=/opt/ros/humble /usr/bin/cmake --build /mnt/e/UbuntuWSL/Perception-System/build/perception -- -j16 -l16
[4.605s] Invoked command in '/mnt/e/UbuntuWSL/Perception-System/build/perception' returned '0': CMAKE_PREFIX_PATH=/opt/ros/humble /usr/bin/cmake --build /mnt/e/UbuntuWSL/Perception-System/build/perception -- -j16 -l16
[4.623s] Invoking command in '/mnt/e/UbuntuWSL/Perception-System/build/perception': CMAKE_PREFIX_PATH=/opt/ros/humble /usr/bin/cmake --install /mnt/e/UbuntuWSL/Perception-System/build/perception
[4.631s] -- Install configuration: ""
[4.661s] -- Installing: /mnt/e/UbuntuWSL/Perception-System/install/perception/share/ament_index/resource_index/package_run_dependencies/perception
[4.755s] -- Installing: /mnt/e/UbuntuWSL/Perception-System/install/perception/share/ament_index/resource_index/parent_prefix_path/perception
[4.825s] -- Installing: /mnt/e/UbuntuWSL/Perception-System/install/perception/share/perception/environment/ament_prefix_path.sh
[4.871s] -- Installing: /mnt/e/UbuntuWSL/Perception-System/install/perception/share/perception/environment/ament_prefix_path.dsv
[4.917s] -- Installing: /mnt/e/UbuntuWSL/Perception-System/install/perception/share/perception/environment/path.sh
[4.963s] -- Installing: /mnt/e/UbuntuWSL/Perception-System/install/perception/share/perception/environment/path.dsv
[5.016s] -- Installing: /mnt/e/UbuntuWSL/Perception-System/install/perception/share/perception/local_setup.bash
[5.060s] -- Installing: /mnt/e/UbuntuWSL/Perception-System/install/perception/share/perception/local_setup.sh
[5.105s] -- Installing: /mnt/e/UbuntuWSL/Perception-System/install/perception/share/perception/local_setup.zsh
[5.150s] -- Installing: /mnt/e/UbuntuWSL/Perception-System/install/perception/share/perception/local_setup.dsv
[5.195s] -- Installing: /mnt/e/UbuntuWSL/Perception-System/install/perception/share/perception/package.dsv
[5.257s] -- Installing: /mnt/e/UbuntuWSL/Perception-System/install/perception/share/ament_index/resource_index/packages/perception
[5.327s] -- Installing: /mnt/e/UbuntuWSL/Perception-System/install/perception/share/perception/cmake/perceptionConfig.cmake
[5.376s] -- Installing: /mnt/e/UbuntuWSL/Perception-System/install/perception/share/perception/cmake/perceptionConfig-version.cmake
[5.426s] -- Installing: /mnt/e/UbuntuWSL/Perception-System/install/perception/share/perception/package.xml
[5.900s] Invoked command in '/mnt/e/UbuntuWSL/Perception-System/build/perception' returned '0': CMAKE_PREFIX_PATH=/opt/ros/humble /usr/bin/cmake --install /mnt/e/UbuntuWSL/Perception-System/build/perception
