[0.155s] Invoking command in '/mnt/e/UbuntuWSL/Perception-System/build/vehicle_description': CMAKE_PREFIX_PATH=${CMAKE_PREFIX_PATH}:/opt/ros/humble /usr/bin/cmake --build /mnt/e/UbuntuWSL/Perception-System/build/vehicle_description -- -j16 -l16
[0.221s] Invoked command in '/mnt/e/UbuntuWSL/Perception-System/build/vehicle_description' returned '0': CMAKE_PREFIX_PATH=${CMAKE_PREFIX_PATH}:/opt/ros/humble /usr/bin/cmake --build /mnt/e/UbuntuWSL/Perception-System/build/vehicle_description -- -j16 -l16
[0.238s] Invoking command in '/mnt/e/UbuntuWSL/Perception-System/build/vehicle_description': CMAKE_PREFIX_PATH=${CMAKE_PREFIX_PATH}:/opt/ros/humble /usr/bin/cmake --install /mnt/e/UbuntuWSL/Perception-System/build/vehicle_description
[0.248s] -- Install configuration: ""
[0.257s] -- Up-to-date: /mnt/e/UbuntuWSL/Perception-System/install/vehicle_description/share/vehicle_description//launch
[0.278s] -- Installing: /mnt/e/UbuntuWSL/Perception-System/install/vehicle_description/share/vehicle_description//launch/display.launch.py
[0.340s] -- Up-to-date: /mnt/e/UbuntuWSL/Perception-System/install/vehicle_description/share/vehicle_description//launch/vehicle_gazebo.launch.py
[0.352s] -- Up-to-date: /mnt/e/UbuntuWSL/Perception-System/install/vehicle_description/share/vehicle_description//urdf
[0.375s] -- Up-to-date: /mnt/e/UbuntuWSL/Perception-System/install/vehicle_description/share/vehicle_description//urdf/camera_sensor.xacro
[0.394s] -- Up-to-date: /mnt/e/UbuntuWSL/Perception-System/install/vehicle_description/share/vehicle_description//urdf/car_with_sensors.xacro
[0.413s] -- Up-to-date: /mnt/e/UbuntuWSL/Perception-System/install/vehicle_description/share/vehicle_description//urdf/lidar_sensor.xacro
[0.431s] -- Up-to-date: /mnt/e/UbuntuWSL/Perception-System/install/vehicle_description/share/vehicle_description//urdf/radar_sensor.xacro
[0.448s] -- Up-to-date: /mnt/e/UbuntuWSL/Perception-System/install/vehicle_description/share/vehicle_description//urdf/sensors.xacro
[0.465s] -- Up-to-date: /mnt/e/UbuntuWSL/Perception-System/install/vehicle_description/share/vehicle_description//urdf/vehicle.xacro
[0.480s] -- Up-to-date: /mnt/e/UbuntuWSL/Perception-System/install/vehicle_description/share/vehicle_description//urdf/vehicle_with_sensors.xacro
[0.505s] -- Up-to-date: /mnt/e/UbuntuWSL/Perception-System/install/vehicle_description/share/ament_index/resource_index/package_run_dependencies/vehicle_description
[0.526s] -- Up-to-date: /mnt/e/UbuntuWSL/Perception-System/install/vehicle_description/share/ament_index/resource_index/parent_prefix_path/vehicle_description
[0.535s] -- Up-to-date: /mnt/e/UbuntuWSL/Perception-System/install/vehicle_description/share/vehicle_description/environment/ament_prefix_path.sh
[0.546s] -- Up-to-date: /mnt/e/UbuntuWSL/Perception-System/install/vehicle_description/share/vehicle_description/environment/ament_prefix_path.dsv
[0.554s] -- Up-to-date: /mnt/e/UbuntuWSL/Perception-System/install/vehicle_description/share/vehicle_description/environment/path.sh
[0.564s] -- Up-to-date: /mnt/e/UbuntuWSL/Perception-System/install/vehicle_description/share/vehicle_description/environment/path.dsv
[0.574s] -- Up-to-date: /mnt/e/UbuntuWSL/Perception-System/install/vehicle_description/share/vehicle_description/local_setup.bash
[0.584s] -- Up-to-date: /mnt/e/UbuntuWSL/Perception-System/install/vehicle_description/share/vehicle_description/local_setup.sh
[0.600s] -- Up-to-date: /mnt/e/UbuntuWSL/Perception-System/install/vehicle_description/share/vehicle_description/local_setup.zsh
[0.627s] -- Up-to-date: /mnt/e/UbuntuWSL/Perception-System/install/vehicle_description/share/vehicle_description/local_setup.dsv
[0.642s] -- Installing: /mnt/e/UbuntuWSL/Perception-System/install/vehicle_description/share/vehicle_description/package.dsv
[0.687s] -- Up-to-date: /mnt/e/UbuntuWSL/Perception-System/install/vehicle_description/share/ament_index/resource_index/packages/vehicle_description
[0.699s] -- Up-to-date: /mnt/e/UbuntuWSL/Perception-System/install/vehicle_description/share/vehicle_description/cmake/vehicle_descriptionConfig.cmake
[0.709s] -- Up-to-date: /mnt/e/UbuntuWSL/Perception-System/install/vehicle_description/share/vehicle_description/cmake/vehicle_descriptionConfig-version.cmake
[0.722s] -- Up-to-date: /mnt/e/UbuntuWSL/Perception-System/install/vehicle_description/share/vehicle_description/package.xml
[1.451s] Invoked command in '/mnt/e/UbuntuWSL/Perception-System/build/vehicle_description' returned '0': CMAKE_PREFIX_PATH=${CMAKE_PREFIX_PATH}:/opt/ros/humble /usr/bin/cmake --install /mnt/e/UbuntuWSL/Perception-System/build/vehicle_description
