[0.232s] Invoking command in '/mnt/e/UbuntuWSL/Perception-System/build/perception': CMAKE_PREFIX_PATH=${CMAKE_PREFIX_PATH}:/opt/ros/humble /usr/bin/cmake --build /mnt/e/UbuntuWSL/Perception-System/build/perception -- -j16 -l16
[0.339s] Invoked command in '/mnt/e/UbuntuWSL/Perception-System/build/perception' returned '0': CMAKE_PREFIX_PATH=${CMAKE_PREFIX_PATH}:/opt/ros/humble /usr/bin/cmake --build /mnt/e/UbuntuWSL/Perception-System/build/perception -- -j16 -l16
[0.352s] Invoking command in '/mnt/e/UbuntuWSL/Perception-System/build/perception': CMAKE_PREFIX_PATH=${CMAKE_PREFIX_PATH}:/opt/ros/humble /usr/bin/cmake --install /mnt/e/UbuntuWSL/Perception-System/build/perception
[0.358s] -- Install configuration: ""
[0.377s] -- Up-to-date: /mnt/e/UbuntuWSL/Perception-System/install/perception/share/ament_index/resource_index/package_run_dependencies/perception
[0.407s] -- Up-to-date: /mnt/e/UbuntuWSL/Perception-System/install/perception/share/ament_index/resource_index/parent_prefix_path/perception
[0.421s] -- Up-to-date: /mnt/e/UbuntuWSL/Perception-System/install/perception/share/perception/environment/ament_prefix_path.sh
[0.438s] -- Up-to-date: /mnt/e/UbuntuWSL/Perception-System/install/perception/share/perception/environment/ament_prefix_path.dsv
[0.452s] -- Up-to-date: /mnt/e/UbuntuWSL/Perception-System/install/perception/share/perception/environment/path.sh
[0.475s] -- Up-to-date: /mnt/e/UbuntuWSL/Perception-System/install/perception/share/perception/environment/path.dsv
[0.492s] -- Up-to-date: /mnt/e/UbuntuWSL/Perception-System/install/perception/share/perception/local_setup.bash
[0.505s] -- Up-to-date: /mnt/e/UbuntuWSL/Perception-System/install/perception/share/perception/local_setup.sh
[0.519s] -- Up-to-date: /mnt/e/UbuntuWSL/Perception-System/install/perception/share/perception/local_setup.zsh
[0.534s] -- Up-to-date: /mnt/e/UbuntuWSL/Perception-System/install/perception/share/perception/local_setup.dsv
[0.550s] -- Installing: /mnt/e/UbuntuWSL/Perception-System/install/perception/share/perception/package.dsv
[0.610s] -- Up-to-date: /mnt/e/UbuntuWSL/Perception-System/install/perception/share/ament_index/resource_index/packages/perception
[0.629s] -- Up-to-date: /mnt/e/UbuntuWSL/Perception-System/install/perception/share/perception/cmake/perceptionConfig.cmake
[0.643s] -- Up-to-date: /mnt/e/UbuntuWSL/Perception-System/install/perception/share/perception/cmake/perceptionConfig-version.cmake
[0.660s] -- Up-to-date: /mnt/e/UbuntuWSL/Perception-System/install/perception/share/perception/package.xml
[0.980s] Invoked command in '/mnt/e/UbuntuWSL/Perception-System/build/perception' returned '0': CMAKE_PREFIX_PATH=${CMAKE_PREFIX_PATH}:/opt/ros/humble /usr/bin/cmake --install /mnt/e/UbuntuWSL/Perception-System/build/perception
