[0.190s] Invoking command in '/mnt/e/UbuntuWSL/Perception-System/build/perception': CMAKE_PREFIX_PATH=${CMAKE_PREFIX_PATH}:/opt/ros/humble /usr/bin/cmake --build /mnt/e/UbuntuWSL/Perception-System/build/perception -- -j16 -l16
[0.264s] Invoked command in '/mnt/e/UbuntuWSL/Perception-System/build/perception' returned '0': CMAKE_PREFIX_PATH=${CMAKE_PREFIX_PATH}:/opt/ros/humble /usr/bin/cmake --build /mnt/e/UbuntuWSL/Perception-System/build/perception -- -j16 -l16
[0.280s] Invoking command in '/mnt/e/UbuntuWSL/Perception-System/build/perception': CMAKE_PREFIX_PATH=${CMAKE_PREFIX_PATH}:/opt/ros/humble /usr/bin/cmake --install /mnt/e/UbuntuWSL/Perception-System/build/perception
[0.288s] -- Install configuration: ""
[0.307s] -- Up-to-date: /mnt/e/UbuntuWSL/Perception-System/install/perception/share/ament_index/resource_index/package_run_dependencies/perception
[0.333s] -- Up-to-date: /mnt/e/UbuntuWSL/Perception-System/install/perception/share/ament_index/resource_index/parent_prefix_path/perception
[0.345s] -- Up-to-date: /mnt/e/UbuntuWSL/Perception-System/install/perception/share/perception/environment/ament_prefix_path.sh
[0.361s] -- Up-to-date: /mnt/e/UbuntuWSL/Perception-System/install/perception/share/perception/environment/ament_prefix_path.dsv
[0.373s] -- Up-to-date: /mnt/e/UbuntuWSL/Perception-System/install/perception/share/perception/environment/path.sh
[0.389s] -- Up-to-date: /mnt/e/UbuntuWSL/Perception-System/install/perception/share/perception/environment/path.dsv
[0.403s] -- Up-to-date: /mnt/e/UbuntuWSL/Perception-System/install/perception/share/perception/local_setup.bash
[0.417s] -- Up-to-date: /mnt/e/UbuntuWSL/Perception-System/install/perception/share/perception/local_setup.sh
[0.431s] -- Up-to-date: /mnt/e/UbuntuWSL/Perception-System/install/perception/share/perception/local_setup.zsh
[0.445s] -- Up-to-date: /mnt/e/UbuntuWSL/Perception-System/install/perception/share/perception/local_setup.dsv
[0.459s] -- Installing: /mnt/e/UbuntuWSL/Perception-System/install/perception/share/perception/package.dsv
[0.525s] -- Up-to-date: /mnt/e/UbuntuWSL/Perception-System/install/perception/share/ament_index/resource_index/packages/perception
[0.542s] -- Up-to-date: /mnt/e/UbuntuWSL/Perception-System/install/perception/share/perception/cmake/perceptionConfig.cmake
[0.555s] -- Up-to-date: /mnt/e/UbuntuWSL/Perception-System/install/perception/share/perception/cmake/perceptionConfig-version.cmake
[0.573s] -- Up-to-date: /mnt/e/UbuntuWSL/Perception-System/install/perception/share/perception/package.xml
[0.867s] Invoked command in '/mnt/e/UbuntuWSL/Perception-System/build/perception' returned '0': CMAKE_PREFIX_PATH=${CMAKE_PREFIX_PATH}:/opt/ros/humble /usr/bin/cmake --install /mnt/e/UbuntuWSL/Perception-System/build/perception
