[0.168s] Invoking command in '/mnt/e/UbuntuWSL/Perception-System/build/sensors': CMAKE_PREFIX_PATH=${CMAKE_PREFIX_PATH}:/opt/ros/humble /usr/bin/cmake --build /mnt/e/UbuntuWSL/Perception-System/build/sensors -- -j16 -l16
[0.272s] Invoked command in '/mnt/e/UbuntuWSL/Perception-System/build/sensors' returned '0': CMAKE_PREFIX_PATH=${CMAKE_PREFIX_PATH}:/opt/ros/humble /usr/bin/cmake --build /mnt/e/UbuntuWSL/Perception-System/build/sensors -- -j16 -l16
[0.287s] Invoking command in '/mnt/e/UbuntuWSL/Perception-System/build/sensors': CMAKE_PREFIX_PATH=${CMAKE_PREFIX_PATH}:/opt/ros/humble /usr/bin/cmake --install /mnt/e/UbuntuWSL/Perception-System/build/sensors
[0.295s] -- Install configuration: ""
[0.316s] -- Up-to-date: /mnt/e/UbuntuWSL/Perception-System/install/sensors/share/ament_index/resource_index/package_run_dependencies/sensors
[0.343s] -- Up-to-date: /mnt/e/UbuntuWSL/Perception-System/install/sensors/share/ament_index/resource_index/parent_prefix_path/sensors
[0.355s] -- Up-to-date: /mnt/e/UbuntuWSL/Perception-System/install/sensors/share/sensors/environment/ament_prefix_path.sh
[0.371s] -- Up-to-date: /mnt/e/UbuntuWSL/Perception-System/install/sensors/share/sensors/environment/ament_prefix_path.dsv
[0.383s] -- Up-to-date: /mnt/e/UbuntuWSL/Perception-System/install/sensors/share/sensors/environment/path.sh
[0.400s] -- Up-to-date: /mnt/e/UbuntuWSL/Perception-System/install/sensors/share/sensors/environment/path.dsv
[0.415s] -- Up-to-date: /mnt/e/UbuntuWSL/Perception-System/install/sensors/share/sensors/local_setup.bash
[0.428s] -- Up-to-date: /mnt/e/UbuntuWSL/Perception-System/install/sensors/share/sensors/local_setup.sh
[0.440s] -- Up-to-date: /mnt/e/UbuntuWSL/Perception-System/install/sensors/share/sensors/local_setup.zsh
[0.454s] -- Up-to-date: /mnt/e/UbuntuWSL/Perception-System/install/sensors/share/sensors/local_setup.dsv
[0.478s] -- Installing: /mnt/e/UbuntuWSL/Perception-System/install/sensors/share/sensors/package.dsv
[0.542s] -- Up-to-date: /mnt/e/UbuntuWSL/Perception-System/install/sensors/share/ament_index/resource_index/packages/sensors
[0.562s] -- Up-to-date: /mnt/e/UbuntuWSL/Perception-System/install/sensors/share/sensors/cmake/sensorsConfig.cmake
[0.574s] -- Up-to-date: /mnt/e/UbuntuWSL/Perception-System/install/sensors/share/sensors/cmake/sensorsConfig-version.cmake
[0.588s] -- Up-to-date: /mnt/e/UbuntuWSL/Perception-System/install/sensors/share/sensors/package.xml
[1.261s] Invoked command in '/mnt/e/UbuntuWSL/Perception-System/build/sensors' returned '0': CMAKE_PREFIX_PATH=${CMAKE_PREFIX_PATH}:/opt/ros/humble /usr/bin/cmake --install /mnt/e/UbuntuWSL/Perception-System/build/sensors
