[0.235s] Invoking command in '/mnt/e/UbuntuWSL/Perception-System/build/gazebo_world': CMAKE_PREFIX_PATH=${CMAKE_PREFIX_PATH}:/opt/ros/humble /usr/bin/cmake --build /mnt/e/UbuntuWSL/Perception-System/build/gazebo_world -- -j16 -l16
[0.342s] Invoked command in '/mnt/e/UbuntuWSL/Perception-System/build/gazebo_world' returned '0': CMAKE_PREFIX_PATH=${CMAKE_PREFIX_PATH}:/opt/ros/humble /usr/bin/cmake --build /mnt/e/UbuntuWSL/Perception-System/build/gazebo_world -- -j16 -l16
[0.359s] Invoking command in '/mnt/e/UbuntuWSL/Perception-System/build/gazebo_world': CMAKE_PREFIX_PATH=${CMAKE_PREFIX_PATH}:/opt/ros/humble /usr/bin/cmake --install /mnt/e/UbuntuWSL/Perception-System/build/gazebo_world
[0.365s] -- Install configuration: ""
[0.381s] -- Up-to-date: /mnt/e/UbuntuWSL/Perception-System/install/gazebo_world/share/ament_index/resource_index/package_run_dependencies/gazebo_world
[0.403s] -- Up-to-date: /mnt/e/UbuntuWSL/Perception-System/install/gazebo_world/share/ament_index/resource_index/parent_prefix_path/gazebo_world
[0.416s] -- Up-to-date: /mnt/e/UbuntuWSL/Perception-System/install/gazebo_world/share/gazebo_world/environment/ament_prefix_path.sh
[0.440s] -- Up-to-date: /mnt/e/UbuntuWSL/Perception-System/install/gazebo_world/share/gazebo_world/environment/ament_prefix_path.dsv
[0.455s] -- Up-to-date: /mnt/e/UbuntuWSL/Perception-System/install/gazebo_world/share/gazebo_world/environment/path.sh
[0.469s] -- Up-to-date: /mnt/e/UbuntuWSL/Perception-System/install/gazebo_world/share/gazebo_world/environment/path.dsv
[0.484s] -- Up-to-date: /mnt/e/UbuntuWSL/Perception-System/install/gazebo_world/share/gazebo_world/local_setup.bash
[0.497s] -- Up-to-date: /mnt/e/UbuntuWSL/Perception-System/install/gazebo_world/share/gazebo_world/local_setup.sh
[0.510s] -- Up-to-date: /mnt/e/UbuntuWSL/Perception-System/install/gazebo_world/share/gazebo_world/local_setup.zsh
[0.524s] -- Up-to-date: /mnt/e/UbuntuWSL/Perception-System/install/gazebo_world/share/gazebo_world/local_setup.dsv
[0.540s] -- Installing: /mnt/e/UbuntuWSL/Perception-System/install/gazebo_world/share/gazebo_world/package.dsv
[0.599s] -- Up-to-date: /mnt/e/UbuntuWSL/Perception-System/install/gazebo_world/share/ament_index/resource_index/packages/gazebo_world
[0.616s] -- Up-to-date: /mnt/e/UbuntuWSL/Perception-System/install/gazebo_world/share/gazebo_world/cmake/gazebo_worldConfig.cmake
[0.629s] -- Up-to-date: /mnt/e/UbuntuWSL/Perception-System/install/gazebo_world/share/gazebo_world/cmake/gazebo_worldConfig-version.cmake
[0.647s] -- Up-to-date: /mnt/e/UbuntuWSL/Perception-System/install/gazebo_world/share/gazebo_world/package.xml
[0.653s] Invoked command in '/mnt/e/UbuntuWSL/Perception-System/build/gazebo_world' returned '0': CMAKE_PREFIX_PATH=${CMAKE_PREFIX_PATH}:/opt/ros/humble /usr/bin/cmake --install /mnt/e/UbuntuWSL/Perception-System/build/gazebo_world
