[0.241s] Invoking command in '/mnt/e/UbuntuWSL/Perception-System/build/gazebo_world': CMAKE_PREFIX_PATH=${CMAKE_PREFIX_PATH}:/opt/ros/humble /usr/bin/cmake --build /mnt/e/UbuntuWSL/Perception-System/build/gazebo_world -- -j16 -l16
[0.373s] Invoked command in '/mnt/e/UbuntuWSL/Perception-System/build/gazebo_world' returned '0': CMAKE_PREFIX_PATH=${CMAKE_PREFIX_PATH}:/opt/ros/humble /usr/bin/cmake --build /mnt/e/UbuntuWSL/Perception-System/build/gazebo_world -- -j16 -l16
[0.386s] Invoking command in '/mnt/e/UbuntuWSL/Perception-System/build/gazebo_world': CMAKE_PREFIX_PATH=${CMAKE_PREFIX_PATH}:/opt/ros/humble /usr/bin/cmake --install /mnt/e/UbuntuWSL/Perception-System/build/gazebo_world
[0.393s] -- Install configuration: ""
[0.416s] -- Up-to-date: /mnt/e/UbuntuWSL/Perception-System/install/gazebo_world/share/ament_index/resource_index/package_run_dependencies/gazebo_world
[0.443s] -- Up-to-date: /mnt/e/UbuntuWSL/Perception-System/install/gazebo_world/share/ament_index/resource_index/parent_prefix_path/gazebo_world
[0.456s] -- Up-to-date: /mnt/e/UbuntuWSL/Perception-System/install/gazebo_world/share/gazebo_world/environment/ament_prefix_path.sh
[0.472s] -- Up-to-date: /mnt/e/UbuntuWSL/Perception-System/install/gazebo_world/share/gazebo_world/environment/ament_prefix_path.dsv
[0.483s] -- Up-to-date: /mnt/e/UbuntuWSL/Perception-System/install/gazebo_world/share/gazebo_world/environment/path.sh
[0.504s] -- Up-to-date: /mnt/e/UbuntuWSL/Perception-System/install/gazebo_world/share/gazebo_world/environment/path.dsv
[0.520s] -- Up-to-date: /mnt/e/UbuntuWSL/Perception-System/install/gazebo_world/share/gazebo_world/local_setup.bash
[0.534s] -- Up-to-date: /mnt/e/UbuntuWSL/Perception-System/install/gazebo_world/share/gazebo_world/local_setup.sh
[0.547s] -- Up-to-date: /mnt/e/UbuntuWSL/Perception-System/install/gazebo_world/share/gazebo_world/local_setup.zsh
[0.562s] -- Up-to-date: /mnt/e/UbuntuWSL/Perception-System/install/gazebo_world/share/gazebo_world/local_setup.dsv
[0.575s] -- Installing: /mnt/e/UbuntuWSL/Perception-System/install/gazebo_world/share/gazebo_world/package.dsv
[0.641s] -- Up-to-date: /mnt/e/UbuntuWSL/Perception-System/install/gazebo_world/share/ament_index/resource_index/packages/gazebo_world
[0.662s] -- Up-to-date: /mnt/e/UbuntuWSL/Perception-System/install/gazebo_world/share/gazebo_world/cmake/gazebo_worldConfig.cmake
[0.673s] -- Up-to-date: /mnt/e/UbuntuWSL/Perception-System/install/gazebo_world/share/gazebo_world/cmake/gazebo_worldConfig-version.cmake
[0.689s] -- Up-to-date: /mnt/e/UbuntuWSL/Perception-System/install/gazebo_world/share/gazebo_world/package.xml
[1.018s] Invoked command in '/mnt/e/UbuntuWSL/Perception-System/build/gazebo_world' returned '0': CMAKE_PREFIX_PATH=${CMAKE_PREFIX_PATH}:/opt/ros/humble /usr/bin/cmake --install /mnt/e/UbuntuWSL/Perception-System/build/gazebo_world
