[0.238s] Invoking command in '/mnt/e/UbuntuWSL/Perception-System/build/gazebo_world': CMAKE_PREFIX_PATH=${CMAKE_PREFIX_PATH}:/opt/ros/humble /usr/bin/cmake --build /mnt/e/UbuntuWSL/Perception-System/build/gazebo_world -- -j16 -l16
[0.344s] Invoked command in '/mnt/e/UbuntuWSL/Perception-System/build/gazebo_world' returned '0': CMAKE_PREFIX_PATH=${CMAKE_PREFIX_PATH}:/opt/ros/humble /usr/bin/cmake --build /mnt/e/UbuntuWSL/Perception-System/build/gazebo_world -- -j16 -l16
[0.362s] Invoking command in '/mnt/e/UbuntuWSL/Perception-System/build/gazebo_world': CMAKE_PREFIX_PATH=${CMAKE_PREFIX_PATH}:/opt/ros/humble /usr/bin/cmake --install /mnt/e/UbuntuWSL/Perception-System/build/gazebo_world
[0.368s] -- Install configuration: ""
[0.386s] -- Up-to-date: /mnt/e/UbuntuWSL/Perception-System/install/gazebo_world/share/ament_index/resource_index/package_run_dependencies/gazebo_world
[0.411s] -- Up-to-date: /mnt/e/UbuntuWSL/Perception-System/install/gazebo_world/share/ament_index/resource_index/parent_prefix_path/gazebo_world
[0.424s] -- Up-to-date: /mnt/e/UbuntuWSL/Perception-System/install/gazebo_world/share/gazebo_world/environment/ament_prefix_path.sh
[0.442s] -- Up-to-date: /mnt/e/UbuntuWSL/Perception-System/install/gazebo_world/share/gazebo_world/environment/ament_prefix_path.dsv
[0.455s] -- Up-to-date: /mnt/e/UbuntuWSL/Perception-System/install/gazebo_world/share/gazebo_world/environment/path.sh
[0.476s] -- Up-to-date: /mnt/e/UbuntuWSL/Perception-System/install/gazebo_world/share/gazebo_world/environment/path.dsv
[0.492s] -- Up-to-date: /mnt/e/UbuntuWSL/Perception-System/install/gazebo_world/share/gazebo_world/local_setup.bash
[0.506s] -- Up-to-date: /mnt/e/UbuntuWSL/Perception-System/install/gazebo_world/share/gazebo_world/local_setup.sh
[0.521s] -- Up-to-date: /mnt/e/UbuntuWSL/Perception-System/install/gazebo_world/share/gazebo_world/local_setup.zsh
[0.535s] -- Up-to-date: /mnt/e/UbuntuWSL/Perception-System/install/gazebo_world/share/gazebo_world/local_setup.dsv
[0.547s] -- Installing: /mnt/e/UbuntuWSL/Perception-System/install/gazebo_world/share/gazebo_world/package.dsv
[0.607s] -- Up-to-date: /mnt/e/UbuntuWSL/Perception-System/install/gazebo_world/share/ament_index/resource_index/packages/gazebo_world
[0.628s] -- Up-to-date: /mnt/e/UbuntuWSL/Perception-System/install/gazebo_world/share/gazebo_world/cmake/gazebo_worldConfig.cmake
[0.642s] -- Up-to-date: /mnt/e/UbuntuWSL/Perception-System/install/gazebo_world/share/gazebo_world/cmake/gazebo_worldConfig-version.cmake
[0.657s] -- Up-to-date: /mnt/e/UbuntuWSL/Perception-System/install/gazebo_world/share/gazebo_world/package.xml
[0.666s] Invoked command in '/mnt/e/UbuntuWSL/Perception-System/build/gazebo_world' returned '0': CMAKE_PREFIX_PATH=${CMAKE_PREFIX_PATH}:/opt/ros/humble /usr/bin/cmake --install /mnt/e/UbuntuWSL/Perception-System/build/gazebo_world
