[0.223s] Invoking command in '/mnt/e/UbuntuWSL/Perception-System/build/gazebo_world': CMAKE_PREFIX_PATH=${CMAKE_PREFIX_PATH}:/opt/ros/humble /usr/bin/cmake --build /mnt/e/UbuntuWSL/Perception-System/build/gazebo_world -- -j16 -l16
[0.291s] Invoked command in '/mnt/e/UbuntuWSL/Perception-System/build/gazebo_world' returned '0': CMAKE_PREFIX_PATH=${CMAKE_PREFIX_PATH}:/opt/ros/humble /usr/bin/cmake --build /mnt/e/UbuntuWSL/Perception-System/build/gazebo_world -- -j16 -l16
[0.312s] Invoking command in '/mnt/e/UbuntuWSL/Perception-System/build/gazebo_world': CMAKE_PREFIX_PATH=${CMAKE_PREFIX_PATH}:/opt/ros/humble /usr/bin/cmake --install /mnt/e/UbuntuWSL/Perception-System/build/gazebo_world
[0.320s] -- Install configuration: ""
[0.342s] -- Up-to-date: /mnt/e/UbuntuWSL/Perception-System/install/gazebo_world/share/ament_index/resource_index/package_run_dependencies/gazebo_world
[0.367s] -- Up-to-date: /mnt/e/UbuntuWSL/Perception-System/install/gazebo_world/share/ament_index/resource_index/parent_prefix_path/gazebo_world
[0.382s] -- Up-to-date: /mnt/e/UbuntuWSL/Perception-System/install/gazebo_world/share/gazebo_world/environment/ament_prefix_path.sh
[0.397s] -- Up-to-date: /mnt/e/UbuntuWSL/Perception-System/install/gazebo_world/share/gazebo_world/environment/ament_prefix_path.dsv
[0.409s] -- Up-to-date: /mnt/e/UbuntuWSL/Perception-System/install/gazebo_world/share/gazebo_world/environment/path.sh
[0.425s] -- Up-to-date: /mnt/e/UbuntuWSL/Perception-System/install/gazebo_world/share/gazebo_world/environment/path.dsv
[0.440s] -- Up-to-date: /mnt/e/UbuntuWSL/Perception-System/install/gazebo_world/share/gazebo_world/local_setup.bash
[0.453s] -- Up-to-date: /mnt/e/UbuntuWSL/Perception-System/install/gazebo_world/share/gazebo_world/local_setup.sh
[0.468s] -- Up-to-date: /mnt/e/UbuntuWSL/Perception-System/install/gazebo_world/share/gazebo_world/local_setup.zsh
[0.481s] -- Up-to-date: /mnt/e/UbuntuWSL/Perception-System/install/gazebo_world/share/gazebo_world/local_setup.dsv
[0.494s] -- Installing: /mnt/e/UbuntuWSL/Perception-System/install/gazebo_world/share/gazebo_world/package.dsv
[0.560s] -- Up-to-date: /mnt/e/UbuntuWSL/Perception-System/install/gazebo_world/share/ament_index/resource_index/packages/gazebo_world
[0.579s] -- Up-to-date: /mnt/e/UbuntuWSL/Perception-System/install/gazebo_world/share/gazebo_world/cmake/gazebo_worldConfig.cmake
[0.591s] -- Up-to-date: /mnt/e/UbuntuWSL/Perception-System/install/gazebo_world/share/gazebo_world/cmake/gazebo_worldConfig-version.cmake
[0.606s] -- Up-to-date: /mnt/e/UbuntuWSL/Perception-System/install/gazebo_world/share/gazebo_world/package.xml
[0.615s] Invoked command in '/mnt/e/UbuntuWSL/Perception-System/build/gazebo_world' returned '0': CMAKE_PREFIX_PATH=${CMAKE_PREFIX_PATH}:/opt/ros/humble /usr/bin/cmake --install /mnt/e/UbuntuWSL/Perception-System/build/gazebo_world
