[0.147s] Invoking command in '/mnt/e/UbuntuWSL/Perception-System/build/sensors': CMAKE_PREFIX_PATH=/opt/ros/humble /usr/bin/cmake /mnt/e/UbuntuWSL/Perception-System/src/sensors -DCMAKE_INSTALL_PREFIX=/mnt/e/UbuntuWSL/Perception-System/install/sensors
[0.438s] -- The C compiler identification is GNU 11.4.0
[1.170s] -- The CXX compiler identification is GNU 11.4.0
[1.692s] -- Detecting C compiler ABI info
[2.179s] -- Detecting C compiler ABI info - done
[2.200s] -- Check for working C compiler: /usr/bin/cc - skipped
[2.201s] -- Detecting C compile features
[2.203s] -- Detecting C compile features - done
[2.247s] -- Detecting CXX compiler ABI info
[2.762s] -- Detecting CXX compiler ABI info - done
[2.782s] -- Check for working CXX compiler: /usr/bin/c++ - skipped
[2.783s] -- Detecting CXX compile features
[2.784s] -- Detecting CXX compile features - done
[2.819s] -- Found ament_cmake: 1.3.11 (/opt/ros/humble/share/ament_cmake/cmake)
[2.923s] -- Found Python3: /usr/bin/python3 (found version "3.10.12") found components: Interpreter 
[3.058s] -- Found ament_lint_auto: 0.12.12 (/opt/ros/humble/share/ament_lint_auto/cmake)
[3.526s] -- Added test 'lint_cmake' to check CMake code style
[3.715s] -- Added test 'xmllint' to check XML markup files
[3.814s] -- Configuring done
[4.036s] -- Generating done
[4.166s] -- Build files have been written to: /mnt/e/UbuntuWSL/Perception-System/build/sensors
[4.169s] Invoked command in '/mnt/e/UbuntuWSL/Perception-System/build/sensors' returned '0': CMAKE_PREFIX_PATH=/opt/ros/humble /usr/bin/cmake /mnt/e/UbuntuWSL/Perception-System/src/sensors -DCMAKE_INSTALL_PREFIX=/mnt/e/UbuntuWSL/Perception-System/install/sensors
[4.179s] Invoking command in '/mnt/e/UbuntuWSL/Perception-System/build/sensors': CMAKE_PREFIX_PATH=/opt/ros/humble /usr/bin/cmake --build /mnt/e/UbuntuWSL/Perception-System/build/sensors -- -j16 -l16
[4.262s] Invoked command in '/mnt/e/UbuntuWSL/Perception-System/build/sensors' returned '0': CMAKE_PREFIX_PATH=/opt/ros/humble /usr/bin/cmake --build /mnt/e/UbuntuWSL/Perception-System/build/sensors -- -j16 -l16
[4.285s] Invoking command in '/mnt/e/UbuntuWSL/Perception-System/build/sensors': CMAKE_PREFIX_PATH=/opt/ros/humble /usr/bin/cmake --install /mnt/e/UbuntuWSL/Perception-System/build/sensors
[4.293s] -- Install configuration: ""
[4.325s] -- Installing: /mnt/e/UbuntuWSL/Perception-System/install/sensors/share/ament_index/resource_index/package_run_dependencies/sensors
[4.420s] -- Installing: /mnt/e/UbuntuWSL/Perception-System/install/sensors/share/ament_index/resource_index/parent_prefix_path/sensors
[4.504s] -- Installing: /mnt/e/UbuntuWSL/Perception-System/install/sensors/share/sensors/environment/ament_prefix_path.sh
[4.556s] -- Installing: /mnt/e/UbuntuWSL/Perception-System/install/sensors/share/sensors/environment/ament_prefix_path.dsv
[4.607s] -- Installing: /mnt/e/UbuntuWSL/Perception-System/install/sensors/share/sensors/environment/path.sh
[4.658s] -- Installing: /mnt/e/UbuntuWSL/Perception-System/install/sensors/share/sensors/environment/path.dsv
[4.714s] -- Installing: /mnt/e/UbuntuWSL/Perception-System/install/sensors/share/sensors/local_setup.bash
[4.758s] -- Installing: /mnt/e/UbuntuWSL/Perception-System/install/sensors/share/sensors/local_setup.sh
[4.805s] -- Installing: /mnt/e/UbuntuWSL/Perception-System/install/sensors/share/sensors/local_setup.zsh
[4.848s] -- Installing: /mnt/e/UbuntuWSL/Perception-System/install/sensors/share/sensors/local_setup.dsv
[4.891s] -- Installing: /mnt/e/UbuntuWSL/Perception-System/install/sensors/share/sensors/package.dsv
[4.957s] -- Installing: /mnt/e/UbuntuWSL/Perception-System/install/sensors/share/ament_index/resource_index/packages/sensors
[5.031s] -- Installing: /mnt/e/UbuntuWSL/Perception-System/install/sensors/share/sensors/cmake/sensorsConfig.cmake
[5.081s] -- Installing: /mnt/e/UbuntuWSL/Perception-System/install/sensors/share/sensors/cmake/sensorsConfig-version.cmake
[5.135s] -- Installing: /mnt/e/UbuntuWSL/Perception-System/install/sensors/share/sensors/package.xml
[5.176s] Invoked command in '/mnt/e/UbuntuWSL/Perception-System/build/sensors' returned '0': CMAKE_PREFIX_PATH=/opt/ros/humble /usr/bin/cmake --install /mnt/e/UbuntuWSL/Perception-System/build/sensors
