[0.150s] Invoking command in '/mnt/e/UbuntuWSL/Perception-System/build/vehicle_description': CMAKE_PREFIX_PATH=${CMAKE_PREFIX_PATH}:/opt/ros/humble /usr/bin/cmake --build /mnt/e/UbuntuWSL/Perception-System/build/vehicle_description -- -j16 -l16
[0.230s] Invoked command in '/mnt/e/UbuntuWSL/Perception-System/build/vehicle_description' returned '0': CMAKE_PREFIX_PATH=${CMAKE_PREFIX_PATH}:/opt/ros/humble /usr/bin/cmake --build /mnt/e/UbuntuWSL/Perception-System/build/vehicle_description -- -j16 -l16
[0.244s] Invoking command in '/mnt/e/UbuntuWSL/Perception-System/build/vehicle_description': CMAKE_PREFIX_PATH=${CMAKE_PREFIX_PATH}:/opt/ros/humble /usr/bin/cmake --install /mnt/e/UbuntuWSL/Perception-System/build/vehicle_description
[0.251s] -- Install configuration: ""
[0.259s] -- Up-to-date: /mnt/e/UbuntuWSL/Perception-System/install/vehicle_description/share/vehicle_description//launch
[0.294s] -- Up-to-date: /mnt/e/UbuntuWSL/Perception-System/install/vehicle_description/share/vehicle_description//launch/display.launch.py
[0.308s] -- Up-to-date: /mnt/e/UbuntuWSL/Perception-System/install/vehicle_description/share/vehicle_description//launch/vehicle_gazebo.launch.py
[0.318s] -- Up-to-date: /mnt/e/UbuntuWSL/Perception-System/install/vehicle_description/share/vehicle_description//urdf
[0.340s] -- Up-to-date: /mnt/e/UbuntuWSL/Perception-System/install/vehicle_description/share/vehicle_description//urdf/camera_sensor.xacro
[0.355s] -- Installing: /mnt/e/UbuntuWSL/Perception-System/install/vehicle_description/share/vehicle_description//urdf/car_with_sensors.xacro
[0.416s] -- Up-to-date: /mnt/e/UbuntuWSL/Perception-System/install/vehicle_description/share/vehicle_description//urdf/lidar_sensor.xacro
[0.435s] -- Up-to-date: /mnt/e/UbuntuWSL/Perception-System/install/vehicle_description/share/vehicle_description//urdf/radar_sensor.xacro
[0.451s] -- Up-to-date: /mnt/e/UbuntuWSL/Perception-System/install/vehicle_description/share/vehicle_description//urdf/sensors.xacro
[0.468s] -- Up-to-date: /mnt/e/UbuntuWSL/Perception-System/install/vehicle_description/share/vehicle_description//urdf/vehicle.xacro
[0.485s] -- Up-to-date: /mnt/e/UbuntuWSL/Perception-System/install/vehicle_description/share/vehicle_description//urdf/vehicle_with_sensors.xacro
[0.511s] -- Up-to-date: /mnt/e/UbuntuWSL/Perception-System/install/vehicle_description/share/ament_index/resource_index/package_run_dependencies/vehicle_description
[0.530s] -- Up-to-date: /mnt/e/UbuntuWSL/Perception-System/install/vehicle_description/share/ament_index/resource_index/parent_prefix_path/vehicle_description
[0.542s] -- Up-to-date: /mnt/e/UbuntuWSL/Perception-System/install/vehicle_description/share/vehicle_description/environment/ament_prefix_path.sh
[0.552s] -- Up-to-date: /mnt/e/UbuntuWSL/Perception-System/install/vehicle_description/share/vehicle_description/environment/ament_prefix_path.dsv
[0.560s] -- Up-to-date: /mnt/e/UbuntuWSL/Perception-System/install/vehicle_description/share/vehicle_description/environment/path.sh
[0.571s] -- Up-to-date: /mnt/e/UbuntuWSL/Perception-System/install/vehicle_description/share/vehicle_description/environment/path.dsv
[0.580s] -- Up-to-date: /mnt/e/UbuntuWSL/Perception-System/install/vehicle_description/share/vehicle_description/local_setup.bash
[0.590s] -- Up-to-date: /mnt/e/UbuntuWSL/Perception-System/install/vehicle_description/share/vehicle_description/local_setup.sh
[0.598s] -- Up-to-date: /mnt/e/UbuntuWSL/Perception-System/install/vehicle_description/share/vehicle_description/local_setup.zsh
[0.632s] -- Up-to-date: /mnt/e/UbuntuWSL/Perception-System/install/vehicle_description/share/vehicle_description/local_setup.dsv
[0.642s] -- Installing: /mnt/e/UbuntuWSL/Perception-System/install/vehicle_description/share/vehicle_description/package.dsv
[0.709s] -- Up-to-date: /mnt/e/UbuntuWSL/Perception-System/install/vehicle_description/share/ament_index/resource_index/packages/vehicle_description
[0.726s] -- Up-to-date: /mnt/e/UbuntuWSL/Perception-System/install/vehicle_description/share/vehicle_description/cmake/vehicle_descriptionConfig.cmake
[0.734s] -- Up-to-date: /mnt/e/UbuntuWSL/Perception-System/install/vehicle_description/share/vehicle_description/cmake/vehicle_descriptionConfig-version.cmake
[0.747s] -- Up-to-date: /mnt/e/UbuntuWSL/Perception-System/install/vehicle_description/share/vehicle_description/package.xml
[1.473s] Invoked command in '/mnt/e/UbuntuWSL/Perception-System/build/vehicle_description' returned '0': CMAKE_PREFIX_PATH=${CMAKE_PREFIX_PATH}:/opt/ros/humble /usr/bin/cmake --install /mnt/e/UbuntuWSL/Perception-System/build/vehicle_description
