[0.152s] Invoking command in '/mnt/e/UbuntuWSL/Perception-System/build/sensors': CMAKE_PREFIX_PATH=${CMAKE_PREFIX_PATH}:/opt/ros/humble /usr/bin/cmake --build /mnt/e/UbuntuWSL/Perception-System/build/sensors -- -j16 -l16
[0.244s] Invoked command in '/mnt/e/UbuntuWSL/Perception-System/build/sensors' returned '0': CMAKE_PREFIX_PATH=${CMAKE_PREFIX_PATH}:/opt/ros/humble /usr/bin/cmake --build /mnt/e/UbuntuWSL/Perception-System/build/sensors -- -j16 -l16
[0.258s] Invoking command in '/mnt/e/UbuntuWSL/Perception-System/build/sensors': CMAKE_PREFIX_PATH=${CMAKE_PREFIX_PATH}:/opt/ros/humble /usr/bin/cmake --install /mnt/e/UbuntuWSL/Perception-System/build/sensors
[0.265s] -- Install configuration: ""
[0.286s] -- Up-to-date: /mnt/e/UbuntuWSL/Perception-System/install/sensors/share/ament_index/resource_index/package_run_dependencies/sensors
[0.312s] -- Up-to-date: /mnt/e/UbuntuWSL/Perception-System/install/sensors/share/ament_index/resource_index/parent_prefix_path/sensors
[0.325s] -- Up-to-date: /mnt/e/UbuntuWSL/Perception-System/install/sensors/share/sensors/environment/ament_prefix_path.sh
[0.340s] -- Up-to-date: /mnt/e/UbuntuWSL/Perception-System/install/sensors/share/sensors/environment/ament_prefix_path.dsv
[0.353s] -- Up-to-date: /mnt/e/UbuntuWSL/Perception-System/install/sensors/share/sensors/environment/path.sh
[0.369s] -- Up-to-date: /mnt/e/UbuntuWSL/Perception-System/install/sensors/share/sensors/environment/path.dsv
[0.384s] -- Up-to-date: /mnt/e/UbuntuWSL/Perception-System/install/sensors/share/sensors/local_setup.bash
[0.399s] -- Up-to-date: /mnt/e/UbuntuWSL/Perception-System/install/sensors/share/sensors/local_setup.sh
[0.412s] -- Up-to-date: /mnt/e/UbuntuWSL/Perception-System/install/sensors/share/sensors/local_setup.zsh
[0.427s] -- Up-to-date: /mnt/e/UbuntuWSL/Perception-System/install/sensors/share/sensors/local_setup.dsv
[0.440s] -- Installing: /mnt/e/UbuntuWSL/Perception-System/install/sensors/share/sensors/package.dsv
[0.497s] -- Up-to-date: /mnt/e/UbuntuWSL/Perception-System/install/sensors/share/ament_index/resource_index/packages/sensors
[0.515s] -- Up-to-date: /mnt/e/UbuntuWSL/Perception-System/install/sensors/share/sensors/cmake/sensorsConfig.cmake
[0.528s] -- Up-to-date: /mnt/e/UbuntuWSL/Perception-System/install/sensors/share/sensors/cmake/sensorsConfig-version.cmake
[0.542s] -- Up-to-date: /mnt/e/UbuntuWSL/Perception-System/install/sensors/share/sensors/package.xml
[1.244s] Invoked command in '/mnt/e/UbuntuWSL/Perception-System/build/sensors' returned '0': CMAKE_PREFIX_PATH=${CMAKE_PREFIX_PATH}:/opt/ros/humble /usr/bin/cmake --install /mnt/e/UbuntuWSL/Perception-System/build/sensors
