[0.160s] Invoking command in '/mnt/e/UbuntuWSL/Perception-System/build/vehicle_description': CMAKE_PREFIX_PATH=/opt/ros/humble /usr/bin/cmake /mnt/e/UbuntuWSL/Perception-System/src/vehicle_description -DCMAKE_INSTALL_PREFIX=/mnt/e/UbuntuWSL/Perception-System/install/vehicle_description
[0.417s] -- The C compiler identification is GNU 11.4.0
[1.114s] -- The CXX compiler identification is GNU 11.4.0
[1.608s] -- Detecting C compiler ABI info
[2.115s] -- Detecting C compiler ABI info - done
[2.134s] -- Check for working C compiler: /usr/bin/cc - skipped
[2.138s] -- Detecting C compile features
[2.139s] -- Detecting C compile features - done
[2.186s] -- Detecting CXX compiler ABI info
[2.700s] -- Detecting CXX compiler ABI info - done
[2.720s] -- Check for working CXX compiler: /usr/bin/c++ - skipped
[2.721s] -- Detecting CXX compile features
[2.722s] -- Detecting CXX compile features - done
[2.774s] -- Found ament_cmake: 1.3.11 (/opt/ros/humble/share/ament_cmake/cmake)
[2.880s] -- Found Python3: /usr/bin/python3 (found version "3.10.12") found components: Interpreter 
[3.037s] -- Found ament_lint_auto: 0.12.12 (/opt/ros/humble/share/ament_lint_auto/cmake)
[3.707s] -- Added test 'flake8' to check Python code syntax and style conventions
[3.804s] -- Added test 'lint_cmake' to check CMake code style
[3.852s] -- Added test 'pep257' to check Python code against some of the docstring style conventions in PEP 257
[4.326s] -- Added test 'xmllint' to check XML markup files
[4.423s] -- Configuring done
[4.653s] -- Generating done
[4.778s] -- Build files have been written to: /mnt/e/UbuntuWSL/Perception-System/build/vehicle_description
[4.781s] Invoked command in '/mnt/e/UbuntuWSL/Perception-System/build/vehicle_description' returned '0': CMAKE_PREFIX_PATH=/opt/ros/humble /usr/bin/cmake /mnt/e/UbuntuWSL/Perception-System/src/vehicle_description -DCMAKE_INSTALL_PREFIX=/mnt/e/UbuntuWSL/Perception-System/install/vehicle_description
[4.789s] Invoking command in '/mnt/e/UbuntuWSL/Perception-System/build/vehicle_description': CMAKE_PREFIX_PATH=/opt/ros/humble /usr/bin/cmake --build /mnt/e/UbuntuWSL/Perception-System/build/vehicle_description -- -j16 -l16
[4.875s] Invoked command in '/mnt/e/UbuntuWSL/Perception-System/build/vehicle_description' returned '0': CMAKE_PREFIX_PATH=/opt/ros/humble /usr/bin/cmake --build /mnt/e/UbuntuWSL/Perception-System/build/vehicle_description -- -j16 -l16
[4.892s] Invoking command in '/mnt/e/UbuntuWSL/Perception-System/build/vehicle_description': CMAKE_PREFIX_PATH=/opt/ros/humble /usr/bin/cmake --install /mnt/e/UbuntuWSL/Perception-System/build/vehicle_description
[4.900s] -- Install configuration: ""
[4.928s] -- Installing: /mnt/e/UbuntuWSL/Perception-System/install/vehicle_description/share/ament_index/resource_index/package_run_dependencies/vehicle_description
[5.017s] -- Installing: /mnt/e/UbuntuWSL/Perception-System/install/vehicle_description/share/ament_index/resource_index/parent_prefix_path/vehicle_description
[5.088s] -- Installing: /mnt/e/UbuntuWSL/Perception-System/install/vehicle_description/share/vehicle_description/environment/ament_prefix_path.sh
[5.133s] -- Installing: /mnt/e/UbuntuWSL/Perception-System/install/vehicle_description/share/vehicle_description/environment/ament_prefix_path.dsv
[5.182s] -- Installing: /mnt/e/UbuntuWSL/Perception-System/install/vehicle_description/share/vehicle_description/environment/path.sh
[5.225s] -- Installing: /mnt/e/UbuntuWSL/Perception-System/install/vehicle_description/share/vehicle_description/environment/path.dsv
[5.275s] -- Installing: /mnt/e/UbuntuWSL/Perception-System/install/vehicle_description/share/vehicle_description/local_setup.bash
[5.317s] -- Installing: /mnt/e/UbuntuWSL/Perception-System/install/vehicle_description/share/vehicle_description/local_setup.sh
[5.360s] -- Installing: /mnt/e/UbuntuWSL/Perception-System/install/vehicle_description/share/vehicle_description/local_setup.zsh
[5.404s] -- Installing: /mnt/e/UbuntuWSL/Perception-System/install/vehicle_description/share/vehicle_description/local_setup.dsv
[5.439s] -- Installing: /mnt/e/UbuntuWSL/Perception-System/install/vehicle_description/share/vehicle_description/package.dsv
[5.485s] -- Installing: /mnt/e/UbuntuWSL/Perception-System/install/vehicle_description/share/ament_index/resource_index/packages/vehicle_description
[5.552s] -- Installing: /mnt/e/UbuntuWSL/Perception-System/install/vehicle_description/share/vehicle_description/cmake/vehicle_descriptionConfig.cmake
[5.588s] -- Installing: /mnt/e/UbuntuWSL/Perception-System/install/vehicle_description/share/vehicle_description/cmake/vehicle_descriptionConfig-version.cmake
[5.624s] -- Installing: /mnt/e/UbuntuWSL/Perception-System/install/vehicle_description/share/vehicle_description/package.xml
[6.192s] Invoked command in '/mnt/e/UbuntuWSL/Perception-System/build/vehicle_description' returned '0': CMAKE_PREFIX_PATH=/opt/ros/humble /usr/bin/cmake --install /mnt/e/UbuntuWSL/Perception-System/build/vehicle_description
