[0.165s] Invoking command in '/mnt/e/UbuntuWSL/Perception-System/build/sensors': CMAKE_PREFIX_PATH=${CMAKE_PREFIX_PATH}:/opt/ros/humble /usr/bin/cmake --build /mnt/e/UbuntuWSL/Perception-System/build/sensors -- -j16 -l16
[0.261s] Invoked command in '/mnt/e/UbuntuWSL/Perception-System/build/sensors' returned '0': CMAKE_PREFIX_PATH=${CMAKE_PREFIX_PATH}:/opt/ros/humble /usr/bin/cmake --build /mnt/e/UbuntuWSL/Perception-System/build/sensors -- -j16 -l16
[0.276s] Invoking command in '/mnt/e/UbuntuWSL/Perception-System/build/sensors': CMAKE_PREFIX_PATH=${CMAKE_PREFIX_PATH}:/opt/ros/humble /usr/bin/cmake --install /mnt/e/UbuntuWSL/Perception-System/build/sensors
[0.282s] -- Install configuration: ""
[0.304s] -- Up-to-date: /mnt/e/UbuntuWSL/Perception-System/install/sensors/share/ament_index/resource_index/package_run_dependencies/sensors
[0.332s] -- Up-to-date: /mnt/e/UbuntuWSL/Perception-System/install/sensors/share/ament_index/resource_index/parent_prefix_path/sensors
[0.347s] -- Up-to-date: /mnt/e/UbuntuWSL/Perception-System/install/sensors/share/sensors/environment/ament_prefix_path.sh
[0.367s] -- Up-to-date: /mnt/e/UbuntuWSL/Perception-System/install/sensors/share/sensors/environment/ament_prefix_path.dsv
[0.379s] -- Up-to-date: /mnt/e/UbuntuWSL/Perception-System/install/sensors/share/sensors/environment/path.sh
[0.396s] -- Up-to-date: /mnt/e/UbuntuWSL/Perception-System/install/sensors/share/sensors/environment/path.dsv
[0.413s] -- Up-to-date: /mnt/e/UbuntuWSL/Perception-System/install/sensors/share/sensors/local_setup.bash
[0.425s] -- Up-to-date: /mnt/e/UbuntuWSL/Perception-System/install/sensors/share/sensors/local_setup.sh
[0.437s] -- Up-to-date: /mnt/e/UbuntuWSL/Perception-System/install/sensors/share/sensors/local_setup.zsh
[0.452s] -- Up-to-date: /mnt/e/UbuntuWSL/Perception-System/install/sensors/share/sensors/local_setup.dsv
[0.471s] -- Installing: /mnt/e/UbuntuWSL/Perception-System/install/sensors/share/sensors/package.dsv
[0.532s] -- Up-to-date: /mnt/e/UbuntuWSL/Perception-System/install/sensors/share/ament_index/resource_index/packages/sensors
[0.551s] -- Up-to-date: /mnt/e/UbuntuWSL/Perception-System/install/sensors/share/sensors/cmake/sensorsConfig.cmake
[0.562s] -- Up-to-date: /mnt/e/UbuntuWSL/Perception-System/install/sensors/share/sensors/cmake/sensorsConfig-version.cmake
[0.575s] -- Up-to-date: /mnt/e/UbuntuWSL/Perception-System/install/sensors/share/sensors/package.xml
[1.237s] Invoked command in '/mnt/e/UbuntuWSL/Perception-System/build/sensors' returned '0': CMAKE_PREFIX_PATH=${CMAKE_PREFIX_PATH}:/opt/ros/humble /usr/bin/cmake --install /mnt/e/UbuntuWSL/Perception-System/build/sensors
