[0.195s] Invoking command in '/mnt/e/UbuntuWSL/Perception-System/build/sensors': CMAKE_PREFIX_PATH=${CMAKE_PREFIX_PATH}:/opt/ros/humble /usr/bin/cmake --build /mnt/e/UbuntuWSL/Perception-System/build/sensors -- -j16 -l16
[0.269s] Invoked command in '/mnt/e/UbuntuWSL/Perception-System/build/sensors' returned '0': CMAKE_PREFIX_PATH=${CMAKE_PREFIX_PATH}:/opt/ros/humble /usr/bin/cmake --build /mnt/e/UbuntuWSL/Perception-System/build/sensors -- -j16 -l16
[0.285s] Invoking command in '/mnt/e/UbuntuWSL/Perception-System/build/sensors': CMAKE_PREFIX_PATH=${CMAKE_PREFIX_PATH}:/opt/ros/humble /usr/bin/cmake --install /mnt/e/UbuntuWSL/Perception-System/build/sensors
[0.293s] -- Install configuration: ""
[0.316s] -- Up-to-date: /mnt/e/UbuntuWSL/Perception-System/install/sensors/share/ament_index/resource_index/package_run_dependencies/sensors
[0.344s] -- Up-to-date: /mnt/e/UbuntuWSL/Perception-System/install/sensors/share/ament_index/resource_index/parent_prefix_path/sensors
[0.356s] -- Up-to-date: /mnt/e/UbuntuWSL/Perception-System/install/sensors/share/sensors/environment/ament_prefix_path.sh
[0.372s] -- Up-to-date: /mnt/e/UbuntuWSL/Perception-System/install/sensors/share/sensors/environment/ament_prefix_path.dsv
[0.384s] -- Up-to-date: /mnt/e/UbuntuWSL/Perception-System/install/sensors/share/sensors/environment/path.sh
[0.402s] -- Up-to-date: /mnt/e/UbuntuWSL/Perception-System/install/sensors/share/sensors/environment/path.dsv
[0.418s] -- Up-to-date: /mnt/e/UbuntuWSL/Perception-System/install/sensors/share/sensors/local_setup.bash
[0.433s] -- Up-to-date: /mnt/e/UbuntuWSL/Perception-System/install/sensors/share/sensors/local_setup.sh
[0.446s] -- Up-to-date: /mnt/e/UbuntuWSL/Perception-System/install/sensors/share/sensors/local_setup.zsh
[0.462s] -- Up-to-date: /mnt/e/UbuntuWSL/Perception-System/install/sensors/share/sensors/local_setup.dsv
[0.477s] -- Installing: /mnt/e/UbuntuWSL/Perception-System/install/sensors/share/sensors/package.dsv
[0.536s] -- Up-to-date: /mnt/e/UbuntuWSL/Perception-System/install/sensors/share/ament_index/resource_index/packages/sensors
[0.553s] -- Up-to-date: /mnt/e/UbuntuWSL/Perception-System/install/sensors/share/sensors/cmake/sensorsConfig.cmake
[0.565s] -- Up-to-date: /mnt/e/UbuntuWSL/Perception-System/install/sensors/share/sensors/cmake/sensorsConfig-version.cmake
[0.580s] -- Up-to-date: /mnt/e/UbuntuWSL/Perception-System/install/sensors/share/sensors/package.xml
[1.217s] Invoked command in '/mnt/e/UbuntuWSL/Perception-System/build/sensors' returned '0': CMAKE_PREFIX_PATH=${CMAKE_PREFIX_PATH}:/opt/ros/humble /usr/bin/cmake --install /mnt/e/UbuntuWSL/Perception-System/build/sensors
