[0.265s] Invoking command in '/mnt/e/UbuntuWSL/Perception-System/build/gazebo_world': CMAKE_PREFIX_PATH=${CMAKE_PREFIX_PATH}:/opt/ros/humble /usr/bin/cmake --build /mnt/e/UbuntuWSL/Perception-System/build/gazebo_world -- -j16 -l16
[0.397s] Invoked command in '/mnt/e/UbuntuWSL/Perception-System/build/gazebo_world' returned '0': CMAKE_PREFIX_PATH=${CMAKE_PREFIX_PATH}:/opt/ros/humble /usr/bin/cmake --build /mnt/e/UbuntuWSL/Perception-System/build/gazebo_world -- -j16 -l16
[0.410s] Invoking command in '/mnt/e/UbuntuWSL/Perception-System/build/gazebo_world': CMAKE_PREFIX_PATH=${CMAKE_PREFIX_PATH}:/opt/ros/humble /usr/bin/cmake --install /mnt/e/UbuntuWSL/Perception-System/build/gazebo_world
[0.417s] -- Install configuration: ""
[0.438s] -- Up-to-date: /mnt/e/UbuntuWSL/Perception-System/install/gazebo_world/share/ament_index/resource_index/package_run_dependencies/gazebo_world
[0.465s] -- Up-to-date: /mnt/e/UbuntuWSL/Perception-System/install/gazebo_world/share/ament_index/resource_index/parent_prefix_path/gazebo_world
[0.479s] -- Up-to-date: /mnt/e/UbuntuWSL/Perception-System/install/gazebo_world/share/gazebo_world/environment/ament_prefix_path.sh
[0.495s] -- Up-to-date: /mnt/e/UbuntuWSL/Perception-System/install/gazebo_world/share/gazebo_world/environment/ament_prefix_path.dsv
[0.506s] -- Up-to-date: /mnt/e/UbuntuWSL/Perception-System/install/gazebo_world/share/gazebo_world/environment/path.sh
[0.523s] -- Up-to-date: /mnt/e/UbuntuWSL/Perception-System/install/gazebo_world/share/gazebo_world/environment/path.dsv
[0.538s] -- Up-to-date: /mnt/e/UbuntuWSL/Perception-System/install/gazebo_world/share/gazebo_world/local_setup.bash
[0.554s] -- Up-to-date: /mnt/e/UbuntuWSL/Perception-System/install/gazebo_world/share/gazebo_world/local_setup.sh
[0.567s] -- Up-to-date: /mnt/e/UbuntuWSL/Perception-System/install/gazebo_world/share/gazebo_world/local_setup.zsh
[0.580s] -- Up-to-date: /mnt/e/UbuntuWSL/Perception-System/install/gazebo_world/share/gazebo_world/local_setup.dsv
[0.594s] -- Installing: /mnt/e/UbuntuWSL/Perception-System/install/gazebo_world/share/gazebo_world/package.dsv
[0.667s] -- Up-to-date: /mnt/e/UbuntuWSL/Perception-System/install/gazebo_world/share/ament_index/resource_index/packages/gazebo_world
[0.689s] -- Up-to-date: /mnt/e/UbuntuWSL/Perception-System/install/gazebo_world/share/gazebo_world/cmake/gazebo_worldConfig.cmake
[0.703s] -- Up-to-date: /mnt/e/UbuntuWSL/Perception-System/install/gazebo_world/share/gazebo_world/cmake/gazebo_worldConfig-version.cmake
[0.718s] -- Up-to-date: /mnt/e/UbuntuWSL/Perception-System/install/gazebo_world/share/gazebo_world/package.xml
[1.077s] Invoked command in '/mnt/e/UbuntuWSL/Perception-System/build/gazebo_world' returned '0': CMAKE_PREFIX_PATH=${CMAKE_PREFIX_PATH}:/opt/ros/humble /usr/bin/cmake --install /mnt/e/UbuntuWSL/Perception-System/build/gazebo_world
