[0.198s] Invoking command in '/mnt/e/UbuntuWSL/Perception-System/build/perception': CMAKE_PREFIX_PATH=${CMAKE_PREFIX_PATH}:/opt/ros/humble /usr/bin/cmake --build /mnt/e/UbuntuWSL/Perception-System/build/perception -- -j16 -l16
[0.305s] Invoked command in '/mnt/e/UbuntuWSL/Perception-System/build/perception' returned '0': CMAKE_PREFIX_PATH=${CMAKE_PREFIX_PATH}:/opt/ros/humble /usr/bin/cmake --build /mnt/e/UbuntuWSL/Perception-System/build/perception -- -j16 -l16
[0.315s] Invoking command in '/mnt/e/UbuntuWSL/Perception-System/build/perception': CMAKE_PREFIX_PATH=${CMAKE_PREFIX_PATH}:/opt/ros/humble /usr/bin/cmake --install /mnt/e/UbuntuWSL/Perception-System/build/perception
[0.322s] -- Install configuration: ""
[0.339s] -- Up-to-date: /mnt/e/UbuntuWSL/Perception-System/install/perception/share/ament_index/resource_index/package_run_dependencies/perception
[0.365s] -- Up-to-date: /mnt/e/UbuntuWSL/Perception-System/install/perception/share/ament_index/resource_index/parent_prefix_path/perception
[0.390s] -- Up-to-date: /mnt/e/UbuntuWSL/Perception-System/install/perception/share/perception/environment/ament_prefix_path.sh
[0.403s] -- Up-to-date: /mnt/e/UbuntuWSL/Perception-System/install/perception/share/perception/environment/ament_prefix_path.dsv
[0.415s] -- Up-to-date: /mnt/e/UbuntuWSL/Perception-System/install/perception/share/perception/environment/path.sh
[0.430s] -- Up-to-date: /mnt/e/UbuntuWSL/Perception-System/install/perception/share/perception/environment/path.dsv
[0.444s] -- Up-to-date: /mnt/e/UbuntuWSL/Perception-System/install/perception/share/perception/local_setup.bash
[0.458s] -- Up-to-date: /mnt/e/UbuntuWSL/Perception-System/install/perception/share/perception/local_setup.sh
[0.473s] -- Up-to-date: /mnt/e/UbuntuWSL/Perception-System/install/perception/share/perception/local_setup.zsh
[0.489s] -- Up-to-date: /mnt/e/UbuntuWSL/Perception-System/install/perception/share/perception/local_setup.dsv
[0.504s] -- Installing: /mnt/e/UbuntuWSL/Perception-System/install/perception/share/perception/package.dsv
[0.559s] -- Up-to-date: /mnt/e/UbuntuWSL/Perception-System/install/perception/share/ament_index/resource_index/packages/perception
[0.577s] -- Up-to-date: /mnt/e/UbuntuWSL/Perception-System/install/perception/share/perception/cmake/perceptionConfig.cmake
[0.590s] -- Up-to-date: /mnt/e/UbuntuWSL/Perception-System/install/perception/share/perception/cmake/perceptionConfig-version.cmake
[0.605s] -- Up-to-date: /mnt/e/UbuntuWSL/Perception-System/install/perception/share/perception/package.xml
[0.971s] Invoked command in '/mnt/e/UbuntuWSL/Perception-System/build/perception' returned '0': CMAKE_PREFIX_PATH=${CMAKE_PREFIX_PATH}:/opt/ros/humble /usr/bin/cmake --install /mnt/e/UbuntuWSL/Perception-System/build/perception
