[0.086s] Invoking command in '/mnt/e/UbuntuWSL/Perception-System/build/vehicle_description': CMAKE_PREFIX_PATH=${CMAKE_PREFIX_PATH}:/opt/ros/humble /usr/bin/cmake --build /mnt/e/UbuntuWSL/Perception-System/build/vehicle_description -- -j16 -l16
[0.138s] Invoked command in '/mnt/e/UbuntuWSL/Perception-System/build/vehicle_description' returned '0': CMAKE_PREFIX_PATH=${CMAKE_PREFIX_PATH}:/opt/ros/humble /usr/bin/cmake --build /mnt/e/UbuntuWSL/Perception-System/build/vehicle_description -- -j16 -l16
[0.155s] Invoking command in '/mnt/e/UbuntuWSL/Perception-System/build/vehicle_description': CMAKE_PREFIX_PATH=${CMAKE_PREFIX_PATH}:/opt/ros/humble /usr/bin/cmake --install /mnt/e/UbuntuWSL/Perception-System/build/vehicle_description
[0.160s] -- Install configuration: ""
[0.164s] -- Up-to-date: /mnt/e/UbuntuWSL/Perception-System/install/vehicle_description/share/vehicle_description//launch
[0.183s] -- Up-to-date: /mnt/e/UbuntuWSL/Perception-System/install/vehicle_description/share/vehicle_description//launch/vehicle_gazebo.launch.py
[0.190s] -- Up-to-date: /mnt/e/UbuntuWSL/Perception-System/install/vehicle_description/share/vehicle_description//urdf
[0.207s] -- Installing: /mnt/e/UbuntuWSL/Perception-System/install/vehicle_description/share/vehicle_description//urdf/camera_sensor.xacro
[0.295s] -- Installing: /mnt/e/UbuntuWSL/Perception-System/install/vehicle_description/share/vehicle_description//urdf/lidar_sensor.xacro
[0.343s] -- Installing: /mnt/e/UbuntuWSL/Perception-System/install/vehicle_description/share/vehicle_description//urdf/radar_sensor.xacro
[0.387s] -- Installing: /mnt/e/UbuntuWSL/Perception-System/install/vehicle_description/share/vehicle_description//urdf/sensors.xacro
[0.423s] -- Installing: /mnt/e/UbuntuWSL/Perception-System/install/vehicle_description/share/vehicle_description//urdf/vehicle.xacro
[0.468s] -- Installing: /mnt/e/UbuntuWSL/Perception-System/install/vehicle_description/share/vehicle_description//urdf/vehicle_with_sensors.xacro
[0.525s] -- Up-to-date: /mnt/e/UbuntuWSL/Perception-System/install/vehicle_description/share/ament_index/resource_index/package_run_dependencies/vehicle_description
[0.550s] -- Up-to-date: /mnt/e/UbuntuWSL/Perception-System/install/vehicle_description/share/ament_index/resource_index/parent_prefix_path/vehicle_description
[0.564s] -- Up-to-date: /mnt/e/UbuntuWSL/Perception-System/install/vehicle_description/share/vehicle_description/environment/ament_prefix_path.sh
[0.573s] -- Up-to-date: /mnt/e/UbuntuWSL/Perception-System/install/vehicle_description/share/vehicle_description/environment/ament_prefix_path.dsv
[0.582s] -- Up-to-date: /mnt/e/UbuntuWSL/Perception-System/install/vehicle_description/share/vehicle_description/environment/path.sh
[0.592s] -- Up-to-date: /mnt/e/UbuntuWSL/Perception-System/install/vehicle_description/share/vehicle_description/environment/path.dsv
[0.604s] -- Up-to-date: /mnt/e/UbuntuWSL/Perception-System/install/vehicle_description/share/vehicle_description/local_setup.bash
[0.615s] -- Up-to-date: /mnt/e/UbuntuWSL/Perception-System/install/vehicle_description/share/vehicle_description/local_setup.sh
[0.625s] -- Up-to-date: /mnt/e/UbuntuWSL/Perception-System/install/vehicle_description/share/vehicle_description/local_setup.zsh
[0.633s] -- Up-to-date: /mnt/e/UbuntuWSL/Perception-System/install/vehicle_description/share/vehicle_description/local_setup.dsv
[0.643s] -- Installing: /mnt/e/UbuntuWSL/Perception-System/install/vehicle_description/share/vehicle_description/package.dsv
[0.683s] -- Up-to-date: /mnt/e/UbuntuWSL/Perception-System/install/vehicle_description/share/ament_index/resource_index/packages/vehicle_description
[0.698s] -- Up-to-date: /mnt/e/UbuntuWSL/Perception-System/install/vehicle_description/share/vehicle_description/cmake/vehicle_descriptionConfig.cmake
[0.704s] -- Up-to-date: /mnt/e/UbuntuWSL/Perception-System/install/vehicle_description/share/vehicle_description/cmake/vehicle_descriptionConfig-version.cmake
[0.716s] -- Up-to-date: /mnt/e/UbuntuWSL/Perception-System/install/vehicle_description/share/vehicle_description/package.xml
[0.722s] Invoked command in '/mnt/e/UbuntuWSL/Perception-System/build/vehicle_description' returned '0': CMAKE_PREFIX_PATH=${CMAKE_PREFIX_PATH}:/opt/ros/humble /usr/bin/cmake --install /mnt/e/UbuntuWSL/Perception-System/build/vehicle_description
